[0.485s] Invoking command in '/home/yasantha/tutorials/ros_tutorial/tutorial_04/src/my_robot_controller': PYTHONPATH=/home/yasantha/tutorials/ros_tutorial/tutorial_04/build/my_robot_controller/prefix_override:/home/yasantha/tutorials/ros_tutorial/tutorial_04/install/my_robot_controller/lib/python3.10/site-packages:${PYTHONPATH} /usr/bin/python3 -W ignore:setup.py install is deprecated setup.py egg_info --egg-base ../../build/my_robot_controller build --build-base /home/yasantha/tutorials/ros_tutorial/tutorial_04/build/my_robot_controller/build install --record /home/yasantha/tutorials/ros_tutorial/tutorial_04/build/my_robot_controller/install.log --single-version-externally-managed install_data
[0.657s] running egg_info
[0.657s] writing ../../build/my_robot_controller/my_robot_controller.egg-info/PKG-INFO
[0.658s] writing dependency_links to ../../build/my_robot_controller/my_robot_controller.egg-info/dependency_links.txt
[0.658s] writing entry points to ../../build/my_robot_controller/my_robot_controller.egg-info/entry_points.txt
[0.658s] writing requirements to ../../build/my_robot_controller/my_robot_controller.egg-info/requires.txt
[0.658s] writing top-level names to ../../build/my_robot_controller/my_robot_controller.egg-info/top_level.txt
[0.661s] reading manifest file '../../build/my_robot_controller/my_robot_controller.egg-info/SOURCES.txt'
[0.662s] writing manifest file '../../build/my_robot_controller/my_robot_controller.egg-info/SOURCES.txt'
[0.662s] running build
[0.662s] running build_py
[0.662s] copying my_robot_controller/my_first_node.py -> /home/yasantha/tutorials/ros_tutorial/tutorial_04/build/my_robot_controller/build/lib/my_robot_controller
[0.662s] running install
[0.662s] running install_lib
[0.663s] copying /home/yasantha/tutorials/ros_tutorial/tutorial_04/build/my_robot_controller/build/lib/my_robot_controller/my_first_node.py -> /home/yasantha/tutorials/ros_tutorial/tutorial_04/install/my_robot_controller/lib/python3.10/site-packages/my_robot_controller
[0.663s] byte-compiling /home/yasantha/tutorials/ros_tutorial/tutorial_04/install/my_robot_controller/lib/python3.10/site-packages/my_robot_controller/my_first_node.py to my_first_node.cpython-310.pyc
[0.663s] running install_data
[0.663s] running install_egg_info
[0.665s] removing '/home/yasantha/tutorials/ros_tutorial/tutorial_04/install/my_robot_controller/lib/python3.10/site-packages/my_robot_controller-0.0.0-py3.10.egg-info' (and everything under it)
[0.665s] Copying ../../build/my_robot_controller/my_robot_controller.egg-info to /home/yasantha/tutorials/ros_tutorial/tutorial_04/install/my_robot_controller/lib/python3.10/site-packages/my_robot_controller-0.0.0-py3.10.egg-info
[0.665s] running install_scripts
[0.680s] Installing my_first_node script to /home/yasantha/tutorials/ros_tutorial/tutorial_04/install/my_robot_controller/lib/my_robot_controller
[0.680s] writing list of installed files to '/home/yasantha/tutorials/ros_tutorial/tutorial_04/build/my_robot_controller/install.log'
[0.697s] Invoked command in '/home/yasantha/tutorials/ros_tutorial/tutorial_04/src/my_robot_controller' returned '0': PYTHONPATH=/home/yasantha/tutorials/ros_tutorial/tutorial_04/build/my_robot_controller/prefix_override:/home/yasantha/tutorials/ros_tutorial/tutorial_04/install/my_robot_controller/lib/python3.10/site-packages:${PYTHONPATH} /usr/bin/python3 -W ignore:setup.py install is deprecated setup.py egg_info --egg-base ../../build/my_robot_controller build --build-base /home/yasantha/tutorials/ros_tutorial/tutorial_04/build/my_robot_controller/build install --record /home/yasantha/tutorials/ros_tutorial/tutorial_04/build/my_robot_controller/install.log --single-version-externally-managed install_data
