[0.162s] DEBUG:colcon:Command line arguments: ['/usr/bin/colcon', 'list', '-p', '--base-paths', '/home/yasantha/tutorials/ros_tutorial/tutorial_04']
[0.162s] DEBUG:colcon:Parsed command line arguments: Namespace(log_base=None, log_level=None, verb_name='list', build_base='build', ignore_user_meta=False, metas=['./colcon.meta'], base_paths=['/home/yasantha/tutorials/ros_tutorial/tutorial_04'], packages_ignore=None, packages_ignore_regex=None, paths=None, packages_up_to=None, packages_up_to_regex=None, packages_above=None, packages_above_and_dependencies=None, packages_above_depth=None, packages_select_by_dep=None, packages_skip_by_dep=None, packages_skip_up_to=None, packages_select_build_failed=False, packages_skip_build_finished=False, packages_select_test_failures=False, packages_skip_test_passed=False, packages_select=None, packages_skip=None, packages_select_regex=None, packages_skip_regex=None, packages_start=None, packages_end=None, allow_overriding=[], topological_order=False, names_only=False, paths_only=True, topological_graph=False, topological_graph_dot=False, topological_graph_density=False, topological_graph_legend=False, topological_graph_dot_cluster=False, topological_graph_dot_include_skipped=False, mixin_files=None, mixin=None, verb_parser=<colcon_mixin.mixin.mixin_argument.MixinArgumentDecorator object at 0x7659e15605e0>, verb_extension=<colcon_package_information.verb.list.ListVerb object at 0x7659e152fdf0>, main=<bound method ListVerb.main of <colcon_package_information.verb.list.ListVerb object at 0x7659e152fdf0>>, mixin_verb=('list',))
[0.429s] Level 1:colcon.colcon_core.package_discovery:discover_packages(colcon_meta) check parameters
[0.429s] Level 1:colcon.colcon_core.package_discovery:discover_packages(recursive) check parameters
[0.429s] Level 1:colcon.colcon_core.package_discovery:discover_packages(ignore) check parameters
[0.429s] Level 1:colcon.colcon_core.package_discovery:discover_packages(path) check parameters
[0.429s] Level 1:colcon.colcon_core.package_discovery:discover_packages(recursive) discover
[0.429s] INFO:colcon.colcon_core.package_discovery:Crawling recursively for packages in '/home/yasantha/tutorials/ros_tutorial/tutorial_04'
[0.430s] Level 1:colcon.colcon_core.package_identification:_identify(/home/yasantha/tutorials/ros_tutorial/tutorial_04) by extensions ['ignore', 'ignore_ament_install']
[0.430s] Level 1:colcon.colcon_core.package_identification:_identify(/home/yasantha/tutorials/ros_tutorial/tutorial_04) by extension 'ignore'
[0.430s] Level 1:colcon.colcon_core.package_identification:_identify(/home/yasantha/tutorials/ros_tutorial/tutorial_04) by extension 'ignore_ament_install'
[0.430s] Level 1:colcon.colcon_core.package_identification:_identify(/home/yasantha/tutorials/ros_tutorial/tutorial_04) by extensions ['colcon_pkg']
[0.430s] Level 1:colcon.colcon_core.package_identification:_identify(/home/yasantha/tutorials/ros_tutorial/tutorial_04) by extension 'colcon_pkg'
[0.430s] Level 1:colcon.colcon_core.package_identification:_identify(/home/yasantha/tutorials/ros_tutorial/tutorial_04) by extensions ['colcon_meta']
[0.430s] Level 1:colcon.colcon_core.package_identification:_identify(/home/yasantha/tutorials/ros_tutorial/tutorial_04) by extension 'colcon_meta'
[0.430s] Level 1:colcon.colcon_core.package_identification:_identify(/home/yasantha/tutorials/ros_tutorial/tutorial_04) by extensions ['ros']
[0.430s] Level 1:colcon.colcon_core.package_identification:_identify(/home/yasantha/tutorials/ros_tutorial/tutorial_04) by extension 'ros'
[0.446s] Level 1:colcon.colcon_core.package_identification:_identify(/home/yasantha/tutorials/ros_tutorial/tutorial_04) by extensions ['cmake', 'python']
[0.446s] Level 1:colcon.colcon_core.package_identification:_identify(/home/yasantha/tutorials/ros_tutorial/tutorial_04) by extension 'cmake'
[0.446s] Level 1:colcon.colcon_core.package_identification:_identify(/home/yasantha/tutorials/ros_tutorial/tutorial_04) by extension 'python'
[0.446s] Level 1:colcon.colcon_core.package_identification:_identify(/home/yasantha/tutorials/ros_tutorial/tutorial_04) by extensions ['python_setup_py']
[0.446s] Level 1:colcon.colcon_core.package_identification:_identify(/home/yasantha/tutorials/ros_tutorial/tutorial_04) by extension 'python_setup_py'
[0.446s] Level 1:colcon.colcon_core.package_identification:_identify(/home/yasantha/tutorials/ros_tutorial/tutorial_04/build) by extensions ['ignore', 'ignore_ament_install']
[0.447s] Level 1:colcon.colcon_core.package_identification:_identify(/home/yasantha/tutorials/ros_tutorial/tutorial_04/build) by extension 'ignore'
[0.447s] Level 1:colcon.colcon_core.package_identification:_identify(/home/yasantha/tutorials/ros_tutorial/tutorial_04/build) ignored
[0.447s] Level 1:colcon.colcon_core.package_identification:_identify(/home/yasantha/tutorials/ros_tutorial/tutorial_04/install) by extensions ['ignore', 'ignore_ament_install']
[0.447s] Level 1:colcon.colcon_core.package_identification:_identify(/home/yasantha/tutorials/ros_tutorial/tutorial_04/install) by extension 'ignore'
[0.447s] Level 1:colcon.colcon_core.package_identification:_identify(/home/yasantha/tutorials/ros_tutorial/tutorial_04/install) ignored
[0.447s] Level 1:colcon.colcon_core.package_identification:_identify(/home/yasantha/tutorials/ros_tutorial/tutorial_04/log) by extensions ['ignore', 'ignore_ament_install']
[0.447s] Level 1:colcon.colcon_core.package_identification:_identify(/home/yasantha/tutorials/ros_tutorial/tutorial_04/log) by extension 'ignore'
[0.447s] Level 1:colcon.colcon_core.package_identification:_identify(/home/yasantha/tutorials/ros_tutorial/tutorial_04/log) ignored
[0.448s] Level 1:colcon.colcon_core.package_identification:_identify(/home/yasantha/tutorials/ros_tutorial/tutorial_04/src) by extensions ['ignore', 'ignore_ament_install']
[0.448s] Level 1:colcon.colcon_core.package_identification:_identify(/home/yasantha/tutorials/ros_tutorial/tutorial_04/src) by extension 'ignore'
[0.448s] Level 1:colcon.colcon_core.package_identification:_identify(/home/yasantha/tutorials/ros_tutorial/tutorial_04/src) by extension 'ignore_ament_install'
[0.448s] Level 1:colcon.colcon_core.package_identification:_identify(/home/yasantha/tutorials/ros_tutorial/tutorial_04/src) by extensions ['colcon_pkg']
[0.448s] Level 1:colcon.colcon_core.package_identification:_identify(/home/yasantha/tutorials/ros_tutorial/tutorial_04/src) by extension 'colcon_pkg'
[0.448s] Level 1:colcon.colcon_core.package_identification:_identify(/home/yasantha/tutorials/ros_tutorial/tutorial_04/src) by extensions ['colcon_meta']
[0.448s] Level 1:colcon.colcon_core.package_identification:_identify(/home/yasantha/tutorials/ros_tutorial/tutorial_04/src) by extension 'colcon_meta'
[0.448s] Level 1:colcon.colcon_core.package_identification:_identify(/home/yasantha/tutorials/ros_tutorial/tutorial_04/src) by extensions ['ros']
[0.448s] Level 1:colcon.colcon_core.package_identification:_identify(/home/yasantha/tutorials/ros_tutorial/tutorial_04/src) by extension 'ros'
[0.448s] Level 1:colcon.colcon_core.package_identification:_identify(/home/yasantha/tutorials/ros_tutorial/tutorial_04/src) by extensions ['cmake', 'python']
[0.448s] Level 1:colcon.colcon_core.package_identification:_identify(/home/yasantha/tutorials/ros_tutorial/tutorial_04/src) by extension 'cmake'
[0.448s] Level 1:colcon.colcon_core.package_identification:_identify(/home/yasantha/tutorials/ros_tutorial/tutorial_04/src) by extension 'python'
[0.448s] Level 1:colcon.colcon_core.package_identification:_identify(/home/yasantha/tutorials/ros_tutorial/tutorial_04/src) by extensions ['python_setup_py']
[0.448s] Level 1:colcon.colcon_core.package_identification:_identify(/home/yasantha/tutorials/ros_tutorial/tutorial_04/src) by extension 'python_setup_py'
[0.449s] Level 1:colcon.colcon_core.package_identification:_identify(/home/yasantha/tutorials/ros_tutorial/tutorial_04/src/my_robot_controller) by extensions ['ignore', 'ignore_ament_install']
[0.449s] Level 1:colcon.colcon_core.package_identification:_identify(/home/yasantha/tutorials/ros_tutorial/tutorial_04/src/my_robot_controller) by extension 'ignore'
[0.449s] Level 1:colcon.colcon_core.package_identification:_identify(/home/yasantha/tutorials/ros_tutorial/tutorial_04/src/my_robot_controller) by extension 'ignore_ament_install'
[0.449s] Level 1:colcon.colcon_core.package_identification:_identify(/home/yasantha/tutorials/ros_tutorial/tutorial_04/src/my_robot_controller) by extensions ['colcon_pkg']
[0.449s] Level 1:colcon.colcon_core.package_identification:_identify(/home/yasantha/tutorials/ros_tutorial/tutorial_04/src/my_robot_controller) by extension 'colcon_pkg'
[0.449s] Level 1:colcon.colcon_core.package_identification:_identify(/home/yasantha/tutorials/ros_tutorial/tutorial_04/src/my_robot_controller) by extensions ['colcon_meta']
[0.449s] Level 1:colcon.colcon_core.package_identification:_identify(/home/yasantha/tutorials/ros_tutorial/tutorial_04/src/my_robot_controller) by extension 'colcon_meta'
[0.449s] Level 1:colcon.colcon_core.package_identification:_identify(/home/yasantha/tutorials/ros_tutorial/tutorial_04/src/my_robot_controller) by extensions ['ros']
[0.449s] Level 1:colcon.colcon_core.package_identification:_identify(/home/yasantha/tutorials/ros_tutorial/tutorial_04/src/my_robot_controller) by extension 'ros'
[0.453s] DEBUG:colcon.colcon_core.package_identification:Package '/home/yasantha/tutorials/ros_tutorial/tutorial_04/src/my_robot_controller' with type 'ros.ament_python' and name 'my_robot_controller'
[0.453s] Level 1:colcon.colcon_core.package_discovery:discover_packages(recursive) using defaults
