/home/yasantha/tutorials/ros_tutorial/lab_04/broadcaster_listener/install/broadcaster_listener/lib/python3.10/site-packages/broadcaster_listener/turtle_tf2_broadcaster.py
/home/yasantha/tutorials/ros_tutorial/lab_04/broadcaster_listener/install/broadcaster_listener/lib/python3.10/site-packages/broadcaster_listener/__init__.py
/home/yasantha/tutorials/ros_tutorial/lab_04/broadcaster_listener/install/broadcaster_listener/lib/python3.10/site-packages/broadcaster_listener/dynamic_frame_tf2_broadcaster.py
/home/yasantha/tutorials/ros_tutorial/lab_04/broadcaster_listener/install/broadcaster_listener/lib/python3.10/site-packages/broadcaster_listener/turtle_tf2_listener.py
/home/yasantha/tutorials/ros_tutorial/lab_04/broadcaster_listener/install/broadcaster_listener/lib/python3.10/site-packages/broadcaster_listener/fixed_frame_tf2_broadcaster.py
/home/yasantha/tutorials/ros_tutorial/lab_04/broadcaster_listener/install/broadcaster_listener/lib/python3.10/site-packages/broadcaster_listener/__pycache__/turtle_tf2_broadcaster.cpython-310.pyc
/home/yasantha/tutorials/ros_tutorial/lab_04/broadcaster_listener/install/broadcaster_listener/lib/python3.10/site-packages/broadcaster_listener/__pycache__/__init__.cpython-310.pyc
/home/yasantha/tutorials/ros_tutorial/lab_04/broadcaster_listener/install/broadcaster_listener/lib/python3.10/site-packages/broadcaster_listener/__pycache__/dynamic_frame_tf2_broadcaster.cpython-310.pyc
/home/yasantha/tutorials/ros_tutorial/lab_04/broadcaster_listener/install/broadcaster_listener/lib/python3.10/site-packages/broadcaster_listener/__pycache__/turtle_tf2_listener.cpython-310.pyc
/home/yasantha/tutorials/ros_tutorial/lab_04/broadcaster_listener/install/broadcaster_listener/lib/python3.10/site-packages/broadcaster_listener/__pycache__/fixed_frame_tf2_broadcaster.cpython-310.pyc
/home/yasantha/tutorials/ros_tutorial/lab_04/broadcaster_listener/install/broadcaster_listener/share/ament_index/resource_index/packages/broadcaster_listener
/home/yasantha/tutorials/ros_tutorial/lab_04/broadcaster_listener/install/broadcaster_listener/share/broadcaster_listener/package.xml
/home/yasantha/tutorials/ros_tutorial/lab_04/broadcaster_listener/install/broadcaster_listener/share/broadcaster_listener/launch/turtle_tf2_demo.launch.py
/home/yasantha/tutorials/ros_tutorial/lab_04/broadcaster_listener/install/broadcaster_listener/share/broadcaster_listener/launch/turtle_tf2_fixed_frame_demo.launch.py
/home/yasantha/tutorials/ros_tutorial/lab_04/broadcaster_listener/install/broadcaster_listener/share/broadcaster_listener/launch/turtle_tf2_dynamic_frame_demo.launch.py
/home/yasantha/tutorials/ros_tutorial/lab_04/broadcaster_listener/install/broadcaster_listener/lib/python3.10/site-packages/broadcaster_listener-0.0.0-py3.10.egg-info/PKG-INFO
/home/yasantha/tutorials/ros_tutorial/lab_04/broadcaster_listener/install/broadcaster_listener/lib/python3.10/site-packages/broadcaster_listener-0.0.0-py3.10.egg-info/requires.txt
/home/yasantha/tutorials/ros_tutorial/lab_04/broadcaster_listener/install/broadcaster_listener/lib/python3.10/site-packages/broadcaster_listener-0.0.0-py3.10.egg-info/entry_points.txt
/home/yasantha/tutorials/ros_tutorial/lab_04/broadcaster_listener/install/broadcaster_listener/lib/python3.10/site-packages/broadcaster_listener-0.0.0-py3.10.egg-info/top_level.txt
/home/yasantha/tutorials/ros_tutorial/lab_04/broadcaster_listener/install/broadcaster_listener/lib/python3.10/site-packages/broadcaster_listener-0.0.0-py3.10.egg-info/SOURCES.txt
/home/yasantha/tutorials/ros_tutorial/lab_04/broadcaster_listener/install/broadcaster_listener/lib/python3.10/site-packages/broadcaster_listener-0.0.0-py3.10.egg-info/dependency_links.txt
/home/yasantha/tutorials/ros_tutorial/lab_04/broadcaster_listener/install/broadcaster_listener/lib/python3.10/site-packages/broadcaster_listener-0.0.0-py3.10.egg-info/zip-safe
/home/yasantha/tutorials/ros_tutorial/lab_04/broadcaster_listener/install/broadcaster_listener/lib/broadcaster_listener/dynamic_frame_tf2_broadcaster
/home/yasantha/tutorials/ros_tutorial/lab_04/broadcaster_listener/install/broadcaster_listener/lib/broadcaster_listener/fixed_frame_tf2_broadcaster
/home/yasantha/tutorials/ros_tutorial/lab_04/broadcaster_listener/install/broadcaster_listener/lib/broadcaster_listener/turtle_tf2_broadcaster
/home/yasantha/tutorials/ros_tutorial/lab_04/broadcaster_listener/install/broadcaster_listener/lib/broadcaster_listener/turtle_tf2_listener
