[0.439s] Invoking command in '/home/yasantha/tutorials/ros_tutorial/tutorial_04/src/my_robot_controller': PYTHONPATH=/home/yasantha/tutorials/ros_tutorial/tutorial_04/build/my_robot_controller/prefix_override:/home/yasantha/tutorials/ros_tutorial/tutorial_04/install/my_robot_controller/lib/python3.10/site-packages:${PYTHONPATH} /usr/bin/python3 -W ignore:setup.py install is deprecated setup.py egg_info --egg-base ../../build/my_robot_controller build --build-base /home/yasantha/tutorials/ros_tutorial/tutorial_04/build/my_robot_controller/build install --record /home/yasantha/tutorials/ros_tutorial/tutorial_04/build/my_robot_controller/install.log --single-version-externally-managed install_data
[0.589s] running egg_info
[0.590s] creating ../../build/my_robot_controller/my_robot_controller.egg-info
[0.590s] writing ../../build/my_robot_controller/my_robot_controller.egg-info/PKG-INFO
[0.590s] writing dependency_links to ../../build/my_robot_controller/my_robot_controller.egg-info/dependency_links.txt
[0.590s] writing entry points to ../../build/my_robot_controller/my_robot_controller.egg-info/entry_points.txt
[0.590s] writing requirements to ../../build/my_robot_controller/my_robot_controller.egg-info/requires.txt
[0.590s] writing top-level names to ../../build/my_robot_controller/my_robot_controller.egg-info/top_level.txt
[0.591s] writing manifest file '../../build/my_robot_controller/my_robot_controller.egg-info/SOURCES.txt'
[0.592s] reading manifest file '../../build/my_robot_controller/my_robot_controller.egg-info/SOURCES.txt'
[0.592s] writing manifest file '../../build/my_robot_controller/my_robot_controller.egg-info/SOURCES.txt'
[0.593s] running build
[0.593s] running build_py
[0.593s] creating /home/yasantha/tutorials/ros_tutorial/tutorial_04/build/my_robot_controller/build
[0.593s] creating /home/yasantha/tutorials/ros_tutorial/tutorial_04/build/my_robot_controller/build/lib
[0.593s] creating /home/yasantha/tutorials/ros_tutorial/tutorial_04/build/my_robot_controller/build/lib/my_robot_controller
[0.593s] copying my_robot_controller/__init__.py -> /home/yasantha/tutorials/ros_tutorial/tutorial_04/build/my_robot_controller/build/lib/my_robot_controller
[0.593s] running install
[0.593s] running install_lib
[0.593s] creating /home/yasantha/tutorials/ros_tutorial/tutorial_04/install/my_robot_controller/lib/python3.10/site-packages/my_robot_controller
[0.593s] copying /home/yasantha/tutorials/ros_tutorial/tutorial_04/build/my_robot_controller/build/lib/my_robot_controller/__init__.py -> /home/yasantha/tutorials/ros_tutorial/tutorial_04/install/my_robot_controller/lib/python3.10/site-packages/my_robot_controller
[0.594s] byte-compiling /home/yasantha/tutorials/ros_tutorial/tutorial_04/install/my_robot_controller/lib/python3.10/site-packages/my_robot_controller/__init__.py to __init__.cpython-310.pyc
[0.594s] running install_data
[0.594s] creating /home/yasantha/tutorials/ros_tutorial/tutorial_04/install/my_robot_controller/share/ament_index
[0.594s] creating /home/yasantha/tutorials/ros_tutorial/tutorial_04/install/my_robot_controller/share/ament_index/resource_index
[0.594s] creating /home/yasantha/tutorials/ros_tutorial/tutorial_04/install/my_robot_controller/share/ament_index/resource_index/packages
[0.594s] copying resource/my_robot_controller -> /home/yasantha/tutorials/ros_tutorial/tutorial_04/install/my_robot_controller/share/ament_index/resource_index/packages
[0.594s] copying package.xml -> /home/yasantha/tutorials/ros_tutorial/tutorial_04/install/my_robot_controller/share/my_robot_controller
[0.594s] running install_egg_info
[0.595s] Copying ../../build/my_robot_controller/my_robot_controller.egg-info to /home/yasantha/tutorials/ros_tutorial/tutorial_04/install/my_robot_controller/lib/python3.10/site-packages/my_robot_controller-0.0.0-py3.10.egg-info
[0.596s] running install_scripts
[0.609s] writing list of installed files to '/home/yasantha/tutorials/ros_tutorial/tutorial_04/build/my_robot_controller/install.log'
[0.624s] Invoked command in '/home/yasantha/tutorials/ros_tutorial/tutorial_04/src/my_robot_controller' returned '0': PYTHONPATH=/home/yasantha/tutorials/ros_tutorial/tutorial_04/build/my_robot_controller/prefix_override:/home/yasantha/tutorials/ros_tutorial/tutorial_04/install/my_robot_controller/lib/python3.10/site-packages:${PYTHONPATH} /usr/bin/python3 -W ignore:setup.py install is deprecated setup.py egg_info --egg-base ../../build/my_robot_controller build --build-base /home/yasantha/tutorials/ros_tutorial/tutorial_04/build/my_robot_controller/build install --record /home/yasantha/tutorials/ros_tutorial/tutorial_04/build/my_robot_controller/install.log --single-version-externally-managed install_data
