running egg_info
creating ../build/sim_robot/sim_robot.egg-info
writing ../build/sim_robot/sim_robot.egg-info/PKG-INFO
writing dependency_links to ../build/sim_robot/sim_robot.egg-info/dependency_links.txt
writing entry points to ../build/sim_robot/sim_robot.egg-info/entry_points.txt
writing requirements to ../build/sim_robot/sim_robot.egg-info/requires.txt
writing top-level names to ../build/sim_robot/sim_robot.egg-info/top_level.txt
writing manifest file '../build/sim_robot/sim_robot.egg-info/SOURCES.txt'
reading manifest file '../build/sim_robot/sim_robot.egg-info/SOURCES.txt'
adding license file 'LICENSE'
writing manifest file '../build/sim_robot/sim_robot.egg-info/SOURCES.txt'
running build
running build_py
creating /home/yasantha/tutorials/ros_tutorial/lab_07/src/build/sim_robot/build
creating /home/yasantha/tutorials/ros_tutorial/lab_07/src/build/sim_robot/build/lib
creating /home/yasantha/tutorials/ros_tutorial/lab_07/src/build/sim_robot/build/lib/sim_robot
copying sim_robot/my_robot_driver.py -> /home/yasantha/tutorials/ros_tutorial/lab_07/src/build/sim_robot/build/lib/sim_robot
copying sim_robot/__init__.py -> /home/yasantha/tutorials/ros_tutorial/lab_07/src/build/sim_robot/build/lib/sim_robot
running install
running install_lib
creating /home/yasantha/tutorials/ros_tutorial/lab_07/src/install/sim_robot/lib/python3.10/site-packages/sim_robot
copying /home/yasantha/tutorials/ros_tutorial/lab_07/src/build/sim_robot/build/lib/sim_robot/my_robot_driver.py -> /home/yasantha/tutorials/ros_tutorial/lab_07/src/install/sim_robot/lib/python3.10/site-packages/sim_robot
copying /home/yasantha/tutorials/ros_tutorial/lab_07/src/build/sim_robot/build/lib/sim_robot/__init__.py -> /home/yasantha/tutorials/ros_tutorial/lab_07/src/install/sim_robot/lib/python3.10/site-packages/sim_robot
byte-compiling /home/yasantha/tutorials/ros_tutorial/lab_07/src/install/sim_robot/lib/python3.10/site-packages/sim_robot/my_robot_driver.py to my_robot_driver.cpython-310.pyc
byte-compiling /home/yasantha/tutorials/ros_tutorial/lab_07/src/install/sim_robot/lib/python3.10/site-packages/sim_robot/__init__.py to __init__.cpython-310.pyc
running install_data
creating /home/yasantha/tutorials/ros_tutorial/lab_07/src/install/sim_robot/share/ament_index
creating /home/yasantha/tutorials/ros_tutorial/lab_07/src/install/sim_robot/share/ament_index/resource_index
creating /home/yasantha/tutorials/ros_tutorial/lab_07/src/install/sim_robot/share/ament_index/resource_index/packages
copying resource/sim_robot -> /home/yasantha/tutorials/ros_tutorial/lab_07/src/install/sim_robot/share/ament_index/resource_index/packages
creating /home/yasantha/tutorials/ros_tutorial/lab_07/src/install/sim_robot/share/sim_robot/launch
copying launch/robot_launch.py -> /home/yasantha/tutorials/ros_tutorial/lab_07/src/install/sim_robot/share/sim_robot/launch
creating /home/yasantha/tutorials/ros_tutorial/lab_07/src/install/sim_robot/share/sim_robot/worlds
