/home/yasantha/tutorials/ros_tutorial/lab_07/src/install/sim_robot/lib/python3.10/site-packages/sim_robot/my_robot_driver.py
/home/yasantha/tutorials/ros_tutorial/lab_07/src/install/sim_robot/lib/python3.10/site-packages/sim_robot/__init__.py
/home/yasantha/tutorials/ros_tutorial/lab_07/src/install/sim_robot/lib/python3.10/site-packages/sim_robot/obstacle_avoider.py
/home/yasantha/tutorials/ros_tutorial/lab_07/src/install/sim_robot/lib/python3.10/site-packages/sim_robot/__pycache__/my_robot_driver.cpython-310.pyc
/home/yasantha/tutorials/ros_tutorial/lab_07/src/install/sim_robot/lib/python3.10/site-packages/sim_robot/__pycache__/__init__.cpython-310.pyc
/home/yasantha/tutorials/ros_tutorial/lab_07/src/install/sim_robot/lib/python3.10/site-packages/sim_robot/__pycache__/obstacle_avoider.cpython-310.pyc
/home/yasantha/tutorials/ros_tutorial/lab_07/src/install/sim_robot/share/ament_index/resource_index/packages/sim_robot
/home/yasantha/tutorials/ros_tutorial/lab_07/src/install/sim_robot/share/sim_robot/launch/robot_launch.py
/home/yasantha/tutorials/ros_tutorial/lab_07/src/install/sim_robot/share/sim_robot/worlds/my_world.wbt
/home/yasantha/tutorials/ros_tutorial/lab_07/src/install/sim_robot/share/sim_robot/resource/my_robot.urdf
/home/yasantha/tutorials/ros_tutorial/lab_07/src/install/sim_robot/share/sim_robot/package.xml
/home/yasantha/tutorials/ros_tutorial/lab_07/src/install/sim_robot/lib/python3.10/site-packages/sim_robot-0.0.0-py3.10.egg-info/PKG-INFO
/home/yasantha/tutorials/ros_tutorial/lab_07/src/install/sim_robot/lib/python3.10/site-packages/sim_robot-0.0.0-py3.10.egg-info/requires.txt
/home/yasantha/tutorials/ros_tutorial/lab_07/src/install/sim_robot/lib/python3.10/site-packages/sim_robot-0.0.0-py3.10.egg-info/entry_points.txt
/home/yasantha/tutorials/ros_tutorial/lab_07/src/install/sim_robot/lib/python3.10/site-packages/sim_robot-0.0.0-py3.10.egg-info/top_level.txt
/home/yasantha/tutorials/ros_tutorial/lab_07/src/install/sim_robot/lib/python3.10/site-packages/sim_robot-0.0.0-py3.10.egg-info/SOURCES.txt
/home/yasantha/tutorials/ros_tutorial/lab_07/src/install/sim_robot/lib/python3.10/site-packages/sim_robot-0.0.0-py3.10.egg-info/dependency_links.txt
/home/yasantha/tutorials/ros_tutorial/lab_07/src/install/sim_robot/lib/python3.10/site-packages/sim_robot-0.0.0-py3.10.egg-info/zip-safe
/home/yasantha/tutorials/ros_tutorial/lab_07/src/install/sim_robot/lib/sim_robot/my_robot_driver
/home/yasantha/tutorials/ros_tutorial/lab_07/src/install/sim_robot/lib/sim_robot/obstacle_avoider
