[0.077s] DEBUG:colcon:Command line arguments: ['/usr/bin/colcon', 'build', '--symlink-install']
[0.077s] DEBUG:colcon:Parsed command line arguments: Namespace(log_base=None, log_level=None, verb_name='build', build_base='build', install_base='install', merge_install=False, symlink_install=True, test_result_base=None, continue_on_error=False, executor='parallel', parallel_workers=8, event_handlers=None, ignore_user_meta=False, metas=['./colcon.meta'], base_paths=['.'], packages_ignore=None, packages_ignore_regex=None, paths=None, packages_up_to=None, packages_up_to_regex=None, packages_above=None, packages_above_and_dependencies=None, packages_above_depth=None, packages_select_by_dep=None, packages_skip_by_dep=None, packages_skip_up_to=None, packages_select_build_failed=False, packages_skip_build_finished=False, packages_select_test_failures=False, packages_skip_test_passed=False, packages_select=None, packages_skip=None, packages_select_regex=None, packages_skip_regex=None, packages_start=None, packages_end=None, allow_overriding=[], cmake_args=None, cmake_target=None, cmake_target_skip_unavailable=False, cmake_clean_cache=False, cmake_clean_first=False, cmake_force_configure=False, ament_cmake_args=None, catkin_cmake_args=None, catkin_skip_building_tests=False, mixin_files=None, mixin=None, verb_parser=<colcon_mixin.mixin.mixin_argument.MixinArgumentDecorator object at 0x7e11d6c1f490>, verb_extension=<colcon_core.verb.build.BuildVerb object at 0x7e11d6c1ef20>, main=<bound method BuildVerb.main of <colcon_core.verb.build.BuildVerb object at 0x7e11d6c1ef20>>, mixin_verb=('build',))
[0.191s] Level 1:colcon.colcon_core.package_discovery:discover_packages(colcon_meta) check parameters
[0.191s] Level 1:colcon.colcon_core.package_discovery:discover_packages(recursive) check parameters
[0.191s] Level 1:colcon.colcon_core.package_discovery:discover_packages(ignore) check parameters
[0.191s] Level 1:colcon.colcon_core.package_discovery:discover_packages(path) check parameters
[0.191s] Level 1:colcon.colcon_core.package_discovery:discover_packages(colcon_meta) discover
[0.191s] Level 1:colcon.colcon_core.package_discovery:discover_packages(recursive) discover
[0.191s] INFO:colcon.colcon_core.package_discovery:Crawling recursively for packages in '/home/yasantha/tutorials/ros_tutorial/tutorial_07'
[0.191s] Level 1:colcon.colcon_core.package_identification:_identify(.) by extensions ['ignore', 'ignore_ament_install']
[0.191s] Level 1:colcon.colcon_core.package_identification:_identify(.) by extension 'ignore'
[0.192s] Level 1:colcon.colcon_core.package_identification:_identify(.) by extension 'ignore_ament_install'
[0.192s] Level 1:colcon.colcon_core.package_identification:_identify(.) by extensions ['colcon_pkg']
[0.192s] Level 1:colcon.colcon_core.package_identification:_identify(.) by extension 'colcon_pkg'
[0.192s] Level 1:colcon.colcon_core.package_identification:_identify(.) by extensions ['colcon_meta']
[0.192s] Level 1:colcon.colcon_core.package_identification:_identify(.) by extension 'colcon_meta'
[0.192s] Level 1:colcon.colcon_core.package_identification:_identify(.) by extensions ['ros']
[0.192s] Level 1:colcon.colcon_core.package_identification:_identify(.) by extension 'ros'
[0.199s] Level 1:colcon.colcon_core.package_identification:_identify(.) by extensions ['cmake', 'python']
[0.199s] Level 1:colcon.colcon_core.package_identification:_identify(.) by extension 'cmake'
[0.199s] Level 1:colcon.colcon_core.package_identification:_identify(.) by extension 'python'
[0.199s] Level 1:colcon.colcon_core.package_identification:_identify(.) by extensions ['python_setup_py']
[0.199s] Level 1:colcon.colcon_core.package_identification:_identify(.) by extension 'python_setup_py'
[0.199s] Level 1:colcon.colcon_core.package_identification:_identify(build) by extensions ['ignore', 'ignore_ament_install']
[0.199s] Level 1:colcon.colcon_core.package_identification:_identify(build) by extension 'ignore'
[0.199s] Level 1:colcon.colcon_core.package_identification:_identify(build) ignored
[0.199s] Level 1:colcon.colcon_core.package_identification:_identify(install) by extensions ['ignore', 'ignore_ament_install']
[0.199s] Level 1:colcon.colcon_core.package_identification:_identify(install) by extension 'ignore'
[0.199s] Level 1:colcon.colcon_core.package_identification:_identify(install) ignored
[0.199s] Level 1:colcon.colcon_core.package_identification:_identify(log) by extensions ['ignore', 'ignore_ament_install']
[0.199s] Level 1:colcon.colcon_core.package_identification:_identify(log) by extension 'ignore'
[0.199s] Level 1:colcon.colcon_core.package_identification:_identify(log) ignored
[0.199s] Level 1:colcon.colcon_core.package_identification:_identify(src) by extensions ['ignore', 'ignore_ament_install']
[0.199s] Level 1:colcon.colcon_core.package_identification:_identify(src) by extension 'ignore'
[0.199s] Level 1:colcon.colcon_core.package_identification:_identify(src) by extension 'ignore_ament_install'
[0.199s] Level 1:colcon.colcon_core.package_identification:_identify(src) by extensions ['colcon_pkg']
[0.199s] Level 1:colcon.colcon_core.package_identification:_identify(src) by extension 'colcon_pkg'
[0.199s] Level 1:colcon.colcon_core.package_identification:_identify(src) by extensions ['colcon_meta']
[0.200s] Level 1:colcon.colcon_core.package_identification:_identify(src) by extension 'colcon_meta'
[0.200s] Level 1:colcon.colcon_core.package_identification:_identify(src) by extensions ['ros']
[0.200s] Level 1:colcon.colcon_core.package_identification:_identify(src) by extension 'ros'
[0.200s] Level 1:colcon.colcon_core.package_identification:_identify(src) by extensions ['cmake', 'python']
[0.200s] Level 1:colcon.colcon_core.package_identification:_identify(src) by extension 'cmake'
[0.200s] Level 1:colcon.colcon_core.package_identification:_identify(src) by extension 'python'
[0.200s] Level 1:colcon.colcon_core.package_identification:_identify(src) by extensions ['python_setup_py']
[0.200s] Level 1:colcon.colcon_core.package_identification:_identify(src) by extension 'python_setup_py'
[0.200s] Level 1:colcon.colcon_core.package_identification:_identify(src/build) by extensions ['ignore', 'ignore_ament_install']
[0.200s] Level 1:colcon.colcon_core.package_identification:_identify(src/build) by extension 'ignore'
[0.200s] Level 1:colcon.colcon_core.package_identification:_identify(src/build) ignored
[0.200s] Level 1:colcon.colcon_core.package_identification:_identify(src/install) by extensions ['ignore', 'ignore_ament_install']
[0.200s] Level 1:colcon.colcon_core.package_identification:_identify(src/install) by extension 'ignore'
[0.200s] Level 1:colcon.colcon_core.package_identification:_identify(src/install) ignored
[0.200s] Level 1:colcon.colcon_core.package_identification:_identify(src/log) by extensions ['ignore', 'ignore_ament_install']
[0.200s] Level 1:colcon.colcon_core.package_identification:_identify(src/log) by extension 'ignore'
[0.200s] Level 1:colcon.colcon_core.package_identification:_identify(src/log) ignored
[0.200s] Level 1:colcon.colcon_core.package_identification:_identify(src/my_publisher) by extensions ['ignore', 'ignore_ament_install']
[0.200s] Level 1:colcon.colcon_core.package_identification:_identify(src/my_publisher) by extension 'ignore'
[0.200s] Level 1:colcon.colcon_core.package_identification:_identify(src/my_publisher) by extension 'ignore_ament_install'
[0.200s] Level 1:colcon.colcon_core.package_identification:_identify(src/my_publisher) by extensions ['colcon_pkg']
[0.200s] Level 1:colcon.colcon_core.package_identification:_identify(src/my_publisher) by extension 'colcon_pkg'
[0.200s] Level 1:colcon.colcon_core.package_identification:_identify(src/my_publisher) by extensions ['colcon_meta']
[0.200s] Level 1:colcon.colcon_core.package_identification:_identify(src/my_publisher) by extension 'colcon_meta'
[0.200s] Level 1:colcon.colcon_core.package_identification:_identify(src/my_publisher) by extensions ['ros']
[0.200s] Level 1:colcon.colcon_core.package_identification:_identify(src/my_publisher) by extension 'ros'
[0.202s] DEBUG:colcon.colcon_core.package_identification:Package 'src/my_publisher' with type 'ros.ament_python' and name 'my_publisher'
[0.202s] Level 1:colcon.colcon_core.package_discovery:discover_packages(recursive) using defaults
[0.202s] Level 1:colcon.colcon_core.package_discovery:discover_packages(ignore) discover
[0.202s] Level 1:colcon.colcon_core.package_discovery:discover_packages(ignore) using defaults
[0.202s] Level 1:colcon.colcon_core.package_discovery:discover_packages(path) discover
[0.202s] Level 1:colcon.colcon_core.package_discovery:discover_packages(path) using defaults
[0.222s] Level 1:colcon.colcon_core.package_discovery:discover_packages(prefix_path) check parameters
[0.222s] Level 1:colcon.colcon_core.package_discovery:discover_packages(prefix_path) discover
[0.223s] DEBUG:colcon.colcon_installed_package_information.package_discovery:Found 1 installed packages in /home/yasantha/tutorials/ros_tutorial/tutorial_07/install
[0.223s] DEBUG:colcon.colcon_installed_package_information.package_discovery:Found 1 installed packages in /home/yasantha/tutorials/ros_tutorial/tutorial_07/src/install
[0.225s] DEBUG:colcon.colcon_installed_package_information.package_discovery:Found 455 installed packages in /opt/ros/humble
[0.226s] Level 1:colcon.colcon_core.package_discovery:discover_packages(prefix_path) using defaults
[0.261s] Level 5:colcon.colcon_core.verb:set package 'my_publisher' build argument 'cmake_args' from command line to 'None'
[0.261s] Level 5:colcon.colcon_core.verb:set package 'my_publisher' build argument 'cmake_target' from command line to 'None'
[0.261s] Level 5:colcon.colcon_core.verb:set package 'my_publisher' build argument 'cmake_target_skip_unavailable' from command line to 'False'
[0.261s] Level 5:colcon.colcon_core.verb:set package 'my_publisher' build argument 'cmake_clean_cache' from command line to 'False'
[0.261s] Level 5:colcon.colcon_core.verb:set package 'my_publisher' build argument 'cmake_clean_first' from command line to 'False'
[0.261s] Level 5:colcon.colcon_core.verb:set package 'my_publisher' build argument 'cmake_force_configure' from command line to 'False'
[0.261s] Level 5:colcon.colcon_core.verb:set package 'my_publisher' build argument 'ament_cmake_args' from command line to 'None'
[0.261s] Level 5:colcon.colcon_core.verb:set package 'my_publisher' build argument 'catkin_cmake_args' from command line to 'None'
[0.262s] Level 5:colcon.colcon_core.verb:set package 'my_publisher' build argument 'catkin_skip_building_tests' from command line to 'False'
[0.262s] DEBUG:colcon.colcon_core.verb:Building package 'my_publisher' with the following arguments: {'ament_cmake_args': None, 'build_base': '/home/yasantha/tutorials/ros_tutorial/tutorial_07/build/my_publisher', 'catkin_cmake_args': None, 'catkin_skip_building_tests': False, 'cmake_args': None, 'cmake_clean_cache': False, 'cmake_clean_first': False, 'cmake_force_configure': False, 'cmake_target': None, 'cmake_target_skip_unavailable': False, 'install_base': '/home/yasantha/tutorials/ros_tutorial/tutorial_07/install/my_publisher', 'merge_install': False, 'path': '/home/yasantha/tutorials/ros_tutorial/tutorial_07/src/my_publisher', 'symlink_install': True, 'test_result_base': None}
[0.262s] INFO:colcon.colcon_core.executor:Executing jobs using 'parallel' executor
[0.263s] DEBUG:colcon.colcon_parallel_executor.executor.parallel:run_until_complete
[0.263s] INFO:colcon.colcon_ros.task.ament_python.build:Building ROS package in '/home/yasantha/tutorials/ros_tutorial/tutorial_07/src/my_publisher' with build type 'ament_python'
[0.263s] Level 1:colcon.colcon_core.shell:create_environment_hook('my_publisher', 'ament_prefix_path')
[0.264s] INFO:colcon.colcon_core.plugin_system:Skipping extension 'colcon_core.shell.bat': Not used on non-Windows systems
[0.264s] INFO:colcon.colcon_core.shell:Creating environment hook '/home/yasantha/tutorials/ros_tutorial/tutorial_07/install/my_publisher/share/my_publisher/hook/ament_prefix_path.ps1'
[0.265s] INFO:colcon.colcon_core.shell:Creating environment descriptor '/home/yasantha/tutorials/ros_tutorial/tutorial_07/install/my_publisher/share/my_publisher/hook/ament_prefix_path.dsv'
[0.265s] INFO:colcon.colcon_core.shell:Creating environment hook '/home/yasantha/tutorials/ros_tutorial/tutorial_07/install/my_publisher/share/my_publisher/hook/ament_prefix_path.sh'
[0.266s] INFO:colcon.colcon_core.shell:Skip shell extension 'powershell' for command environment: Not usable outside of PowerShell
[0.266s] DEBUG:colcon.colcon_core.shell:Skip shell extension 'dsv' for command environment
[0.433s] INFO:colcon.colcon_core.task.python.build:Building Python package in '/home/yasantha/tutorials/ros_tutorial/tutorial_07/src/my_publisher'
[0.433s] INFO:colcon.colcon_core.shell:Skip shell extension 'powershell' for command environment: Not usable outside of PowerShell
[0.433s] DEBUG:colcon.colcon_core.shell:Skip shell extension 'dsv' for command environment
[0.696s] DEBUG:colcon.colcon_core.task.python.build:While undoing a previous installation files outside the Python library path are being ignored: /home/yasantha/tutorials/ros_tutorial/tutorial_07/install/my_publisher/share/ament_index/resource_index/packages/my_publisher
[0.696s] DEBUG:colcon.colcon_core.task.python.build:While undoing a previous installation files outside the Python library path are being ignored: /home/yasantha/tutorials/ros_tutorial/tutorial_07/install/my_publisher/share/my_publisher/package.xml
[0.697s] DEBUG:colcon.colcon_core.task.python.build:While undoing a previous installation files outside the Python library path are being ignored: /home/yasantha/tutorials/ros_tutorial/tutorial_07/install/my_publisher/lib/my_publisher/my_publisher
[0.699s] DEBUG:colcon.colcon_core.event_handler.log_command:Invoking command in '/home/yasantha/tutorials/ros_tutorial/tutorial_07/build/my_publisher': PYTHONPATH=/home/yasantha/tutorials/ros_tutorial/tutorial_07/build/my_publisher/prefix_override:/home/yasantha/tutorials/ros_tutorial/tutorial_07/install/my_publisher/lib/python3.10/site-packages:${PYTHONPATH} /usr/bin/python3 -W ignore:setup.py install is deprecated setup.py develop --editable --build-directory /home/yasantha/tutorials/ros_tutorial/tutorial_07/build/my_publisher/build --no-deps symlink_data --force
[1.038s] Level 1:colcon.colcon_core.shell:create_environment_hook('my_publisher', 'pythonpath_develop')
[1.039s] INFO:colcon.colcon_core.shell:Creating environment hook '/home/yasantha/tutorials/ros_tutorial/tutorial_07/build/my_publisher/share/my_publisher/hook/pythonpath_develop.ps1'
[1.039s] DEBUG:colcon.colcon_core.event_handler.log_command:Invoked command in '/home/yasantha/tutorials/ros_tutorial/tutorial_07/build/my_publisher' returned '0': PYTHONPATH=/home/yasantha/tutorials/ros_tutorial/tutorial_07/build/my_publisher/prefix_override:/home/yasantha/tutorials/ros_tutorial/tutorial_07/install/my_publisher/lib/python3.10/site-packages:${PYTHONPATH} /usr/bin/python3 -W ignore:setup.py install is deprecated setup.py develop --editable --build-directory /home/yasantha/tutorials/ros_tutorial/tutorial_07/build/my_publisher/build --no-deps symlink_data --force
[1.040s] INFO:colcon.colcon_core.shell:Creating environment descriptor '/home/yasantha/tutorials/ros_tutorial/tutorial_07/build/my_publisher/share/my_publisher/hook/pythonpath_develop.dsv'
[1.040s] INFO:colcon.colcon_core.shell:Creating environment hook '/home/yasantha/tutorials/ros_tutorial/tutorial_07/build/my_publisher/share/my_publisher/hook/pythonpath_develop.sh'
[1.041s] Level 1:colcon.colcon_core.environment:checking '/home/yasantha/tutorials/ros_tutorial/tutorial_07/install/my_publisher' for CMake module files
[1.042s] Level 1:colcon.colcon_core.environment:checking '/home/yasantha/tutorials/ros_tutorial/tutorial_07/install/my_publisher' for CMake config files
[1.042s] Level 1:colcon.colcon_core.environment:checking '/home/yasantha/tutorials/ros_tutorial/tutorial_07/install/my_publisher/lib'
[1.042s] Level 1:colcon.colcon_core.environment:checking '/home/yasantha/tutorials/ros_tutorial/tutorial_07/install/my_publisher/bin'
[1.042s] Level 1:colcon.colcon_core.environment:checking '/home/yasantha/tutorials/ros_tutorial/tutorial_07/install/my_publisher/lib/pkgconfig/my_publisher.pc'
[1.042s] Level 1:colcon.colcon_core.environment:checking '/home/yasantha/tutorials/ros_tutorial/tutorial_07/install/my_publisher/lib/python3.10/site-packages'
[1.042s] Level 1:colcon.colcon_core.shell:create_environment_hook('my_publisher', 'pythonpath')
[1.042s] INFO:colcon.colcon_core.shell:Creating environment hook '/home/yasantha/tutorials/ros_tutorial/tutorial_07/install/my_publisher/share/my_publisher/hook/pythonpath.ps1'
[1.043s] INFO:colcon.colcon_core.shell:Creating environment descriptor '/home/yasantha/tutorials/ros_tutorial/tutorial_07/install/my_publisher/share/my_publisher/hook/pythonpath.dsv'
[1.043s] INFO:colcon.colcon_core.shell:Creating environment hook '/home/yasantha/tutorials/ros_tutorial/tutorial_07/install/my_publisher/share/my_publisher/hook/pythonpath.sh'
[1.043s] Level 1:colcon.colcon_core.environment:checking '/home/yasantha/tutorials/ros_tutorial/tutorial_07/install/my_publisher/bin'
[1.043s] Level 1:colcon.colcon_core.environment:create_environment_scripts_only(my_publisher)
[1.043s] INFO:colcon.colcon_core.shell:Creating package script '/home/yasantha/tutorials/ros_tutorial/tutorial_07/install/my_publisher/share/my_publisher/package.ps1'
[1.044s] INFO:colcon.colcon_core.shell:Creating package descriptor '/home/yasantha/tutorials/ros_tutorial/tutorial_07/install/my_publisher/share/my_publisher/package.dsv'
[1.044s] INFO:colcon.colcon_core.shell:Creating package script '/home/yasantha/tutorials/ros_tutorial/tutorial_07/install/my_publisher/share/my_publisher/package.sh'
[1.044s] INFO:colcon.colcon_core.shell:Creating package script '/home/yasantha/tutorials/ros_tutorial/tutorial_07/install/my_publisher/share/my_publisher/package.bash'
[1.045s] INFO:colcon.colcon_core.shell:Creating package script '/home/yasantha/tutorials/ros_tutorial/tutorial_07/install/my_publisher/share/my_publisher/package.zsh'
[1.045s] Level 1:colcon.colcon_core.environment:create_file_with_runtime_dependencies(/home/yasantha/tutorials/ros_tutorial/tutorial_07/install/my_publisher/share/colcon-core/packages/my_publisher)
[1.045s] DEBUG:colcon.colcon_parallel_executor.executor.parallel:closing loop
[1.046s] DEBUG:colcon.colcon_parallel_executor.executor.parallel:loop closed
[1.046s] DEBUG:colcon.colcon_parallel_executor.executor.parallel:run_until_complete finished with '0'
[1.046s] DEBUG:colcon.colcon_core.event_reactor:joining thread
[1.049s] INFO:colcon.colcon_core.plugin_system:Skipping extension 'colcon_notification.desktop_notification.terminal_notifier': Not used on non-Darwin systems
[1.049s] INFO:colcon.colcon_core.plugin_system:Skipping extension 'colcon_notification.desktop_notification.win32': Not used on non-Windows systems
[1.049s] INFO:colcon.colcon_notification.desktop_notification:Sending desktop notification using 'notify2'
[1.057s] DEBUG:colcon.colcon_core.event_reactor:joined thread
[1.057s] INFO:colcon.colcon_core.shell:Creating prefix script '/home/yasantha/tutorials/ros_tutorial/tutorial_07/install/local_setup.ps1'
[1.058s] INFO:colcon.colcon_core.shell:Creating prefix util module '/home/yasantha/tutorials/ros_tutorial/tutorial_07/install/_local_setup_util_ps1.py'
[1.059s] INFO:colcon.colcon_core.shell:Creating prefix chain script '/home/yasantha/tutorials/ros_tutorial/tutorial_07/install/setup.ps1'
[1.060s] INFO:colcon.colcon_core.shell:Creating prefix script '/home/yasantha/tutorials/ros_tutorial/tutorial_07/install/local_setup.sh'
[1.061s] INFO:colcon.colcon_core.shell:Creating prefix util module '/home/yasantha/tutorials/ros_tutorial/tutorial_07/install/_local_setup_util_sh.py'
[1.061s] INFO:colcon.colcon_core.shell:Creating prefix chain script '/home/yasantha/tutorials/ros_tutorial/tutorial_07/install/setup.sh'
[1.061s] INFO:colcon.colcon_core.shell:Creating prefix script '/home/yasantha/tutorials/ros_tutorial/tutorial_07/install/local_setup.bash'
[1.062s] INFO:colcon.colcon_core.shell:Creating prefix chain script '/home/yasantha/tutorials/ros_tutorial/tutorial_07/install/setup.bash'
[1.062s] INFO:colcon.colcon_core.shell:Creating prefix script '/home/yasantha/tutorials/ros_tutorial/tutorial_07/install/local_setup.zsh'
[1.062s] INFO:colcon.colcon_core.shell:Creating prefix chain script '/home/yasantha/tutorials/ros_tutorial/tutorial_07/install/setup.zsh'
