[0.457s] Invoking command in '/home/yasantha/tutorials/ros_tutorial/tutorial_09/src/my_turtle_controller': PYTHONPATH=/home/yasantha/tutorials/ros_tutorial/tutorial_09/build/my_turtle_controller/prefix_override:/home/yasantha/tutorials/ros_tutorial/tutorial_09/install/my_turtle_controller/lib/python3.10/site-packages:${PYTHONPATH} /usr/bin/python3 -W ignore:setup.py install is deprecated setup.py egg_info --egg-base ../../build/my_turtle_controller build --build-base /home/yasantha/tutorials/ros_tutorial/tutorial_09/build/my_turtle_controller/build install --record /home/yasantha/tutorials/ros_tutorial/tutorial_09/build/my_turtle_controller/install.log --single-version-externally-managed install_data
[0.617s] running egg_info
[0.617s] writing ../../build/my_turtle_controller/my_turtle_controller.egg-info/PKG-INFO
[0.617s] writing dependency_links to ../../build/my_turtle_controller/my_turtle_controller.egg-info/dependency_links.txt
[0.617s] writing entry points to ../../build/my_turtle_controller/my_turtle_controller.egg-info/entry_points.txt
[0.617s] writing requirements to ../../build/my_turtle_controller/my_turtle_controller.egg-info/requires.txt
[0.618s] writing top-level names to ../../build/my_turtle_controller/my_turtle_controller.egg-info/top_level.txt
[0.621s] reading manifest file '../../build/my_turtle_controller/my_turtle_controller.egg-info/SOURCES.txt'
[0.622s] writing manifest file '../../build/my_turtle_controller/my_turtle_controller.egg-info/SOURCES.txt'
[0.622s] running build
[0.622s] running build_py
[0.622s] running install
[0.622s] running install_lib
[0.623s] running install_data
[0.623s] running install_egg_info
[0.624s] removing '/home/yasantha/tutorials/ros_tutorial/tutorial_09/install/my_turtle_controller/lib/python3.10/site-packages/my_turtle_controller-0.0.0-py3.10.egg-info' (and everything under it)
[0.624s] Copying ../../build/my_turtle_controller/my_turtle_controller.egg-info to /home/yasantha/tutorials/ros_tutorial/tutorial_09/install/my_turtle_controller/lib/python3.10/site-packages/my_turtle_controller-0.0.0-py3.10.egg-info
[0.625s] running install_scripts
[0.639s] Installing turtle_controller script to /home/yasantha/tutorials/ros_tutorial/tutorial_09/install/my_turtle_controller/lib/my_turtle_controller
[0.639s] writing list of installed files to '/home/yasantha/tutorials/ros_tutorial/tutorial_09/build/my_turtle_controller/install.log'
[0.655s] Invoked command in '/home/yasantha/tutorials/ros_tutorial/tutorial_09/src/my_turtle_controller' returned '0': PYTHONPATH=/home/yasantha/tutorials/ros_tutorial/tutorial_09/build/my_turtle_controller/prefix_override:/home/yasantha/tutorials/ros_tutorial/tutorial_09/install/my_turtle_controller/lib/python3.10/site-packages:${PYTHONPATH} /usr/bin/python3 -W ignore:setup.py install is deprecated setup.py egg_info --egg-base ../../build/my_turtle_controller build --build-base /home/yasantha/tutorials/ros_tutorial/tutorial_09/build/my_turtle_controller/build install --record /home/yasantha/tutorials/ros_tutorial/tutorial_09/build/my_turtle_controller/install.log --single-version-externally-managed install_data
