[0.443s] Invoking command in '/home/yasantha/tutorials/ros_tutorial/lab_07/src/sim_robot': PYTHONPATH=/home/yasantha/tutorials/ros_tutorial/lab_07/src/build/sim_robot/prefix_override:/home/yasantha/tutorials/ros_tutorial/lab_07/src/install/sim_robot/lib/python3.10/site-packages:${PYTHONPATH} /usr/bin/python3 -W ignore:setup.py install is deprecated setup.py egg_info --egg-base ../build/sim_robot build --build-base /home/yasantha/tutorials/ros_tutorial/lab_07/src/build/sim_robot/build install --record /home/yasantha/tutorials/ros_tutorial/lab_07/src/build/sim_robot/install.log --single-version-externally-managed install_data
[0.599s] running egg_info
[0.600s] writing ../build/sim_robot/sim_robot.egg-info/PKG-INFO
[0.600s] writing dependency_links to ../build/sim_robot/sim_robot.egg-info/dependency_links.txt
[0.600s] writing entry points to ../build/sim_robot/sim_robot.egg-info/entry_points.txt
[0.600s] writing requirements to ../build/sim_robot/sim_robot.egg-info/requires.txt
[0.600s] writing top-level names to ../build/sim_robot/sim_robot.egg-info/top_level.txt
[0.602s] reading manifest file '../build/sim_robot/sim_robot.egg-info/SOURCES.txt'
[0.603s] adding license file 'LICENSE'
[0.603s] writing manifest file '../build/sim_robot/sim_robot.egg-info/SOURCES.txt'
[0.603s] running build
[0.603s] running build_py
[0.603s] copying sim_robot/obstacle_avoider.py -> /home/yasantha/tutorials/ros_tutorial/lab_07/src/build/sim_robot/build/lib/sim_robot
[0.604s] running install
[0.604s] running install_lib
[0.604s] copying /home/yasantha/tutorials/ros_tutorial/lab_07/src/build/sim_robot/build/lib/sim_robot/obstacle_avoider.py -> /home/yasantha/tutorials/ros_tutorial/lab_07/src/install/sim_robot/lib/python3.10/site-packages/sim_robot
[0.605s] byte-compiling /home/yasantha/tutorials/ros_tutorial/lab_07/src/install/sim_robot/lib/python3.10/site-packages/sim_robot/obstacle_avoider.py to obstacle_avoider.cpython-310.pyc
[0.605s] running install_data
[0.605s] copying launch/robot_launch.py -> /home/yasantha/tutorials/ros_tutorial/lab_07/src/install/sim_robot/share/sim_robot/launch
[0.605s] copying resource/my_robot.urdf -> /home/yasantha/tutorials/ros_tutorial/lab_07/src/install/sim_robot/share/sim_robot/resource
[0.606s] running install_egg_info
[0.607s] removing '/home/yasantha/tutorials/ros_tutorial/lab_07/src/install/sim_robot/lib/python3.10/site-packages/sim_robot-0.0.0-py3.10.egg-info' (and everything under it)
[0.607s] Copying ../build/sim_robot/sim_robot.egg-info to /home/yasantha/tutorials/ros_tutorial/lab_07/src/install/sim_robot/lib/python3.10/site-packages/sim_robot-0.0.0-py3.10.egg-info
[0.607s] running install_scripts
[0.620s] Installing my_robot_driver script to /home/yasantha/tutorials/ros_tutorial/lab_07/src/install/sim_robot/lib/sim_robot
[0.621s] Installing obstacle_avoider script to /home/yasantha/tutorials/ros_tutorial/lab_07/src/install/sim_robot/lib/sim_robot
[0.621s] writing list of installed files to '/home/yasantha/tutorials/ros_tutorial/lab_07/src/build/sim_robot/install.log'
[0.637s] Invoked command in '/home/yasantha/tutorials/ros_tutorial/lab_07/src/sim_robot' returned '0': PYTHONPATH=/home/yasantha/tutorials/ros_tutorial/lab_07/src/build/sim_robot/prefix_override:/home/yasantha/tutorials/ros_tutorial/lab_07/src/install/sim_robot/lib/python3.10/site-packages:${PYTHONPATH} /usr/bin/python3 -W ignore:setup.py install is deprecated setup.py egg_info --egg-base ../build/sim_robot build --build-base /home/yasantha/tutorials/ros_tutorial/lab_07/src/build/sim_robot/build install --record /home/yasantha/tutorials/ros_tutorial/lab_07/src/build/sim_robot/install.log --single-version-externally-managed install_data
