[0.169s] DEBUG:colcon:Command line arguments: ['/usr/bin/colcon', 'list', '-p', '--base-paths', '/home/yasantha/tutorials/ros_tutorial/tutorial_09']
[0.169s] DEBUG:colcon:Parsed command line arguments: Namespace(log_base=None, log_level=None, verb_name='list', build_base='build', ignore_user_meta=False, metas=['./colcon.meta'], base_paths=['/home/yasantha/tutorials/ros_tutorial/tutorial_09'], packages_ignore=None, packages_ignore_regex=None, paths=None, packages_up_to=None, packages_up_to_regex=None, packages_above=None, packages_above_and_dependencies=None, packages_above_depth=None, packages_select_by_dep=None, packages_skip_by_dep=None, packages_skip_up_to=None, packages_select_build_failed=False, packages_skip_build_finished=False, packages_select_test_failures=False, packages_skip_test_passed=False, packages_select=None, packages_skip=None, packages_select_regex=None, packages_skip_regex=None, packages_start=None, packages_end=None, allow_overriding=[], topological_order=False, names_only=False, paths_only=True, topological_graph=False, topological_graph_dot=False, topological_graph_density=False, topological_graph_legend=False, topological_graph_dot_cluster=False, topological_graph_dot_include_skipped=False, mixin_files=None, mixin=None, verb_parser=<colcon_mixin.mixin.mixin_argument.MixinArgumentDecorator object at 0x781ad801c940>, verb_extension=<colcon_package_information.verb.list.ListVerb object at 0x781ad7fdfb20>, main=<bound method ListVerb.main of <colcon_package_information.verb.list.ListVerb object at 0x781ad7fdfb20>>, mixin_verb=('list',))
[0.469s] Level 1:colcon.colcon_core.package_discovery:discover_packages(colcon_meta) check parameters
[0.469s] Level 1:colcon.colcon_core.package_discovery:discover_packages(recursive) check parameters
[0.469s] Level 1:colcon.colcon_core.package_discovery:discover_packages(ignore) check parameters
[0.469s] Level 1:colcon.colcon_core.package_discovery:discover_packages(path) check parameters
[0.469s] Level 1:colcon.colcon_core.package_discovery:discover_packages(recursive) discover
[0.469s] INFO:colcon.colcon_core.package_discovery:Crawling recursively for packages in '/home/yasantha/tutorials/ros_tutorial/tutorial_09'
[0.469s] Level 1:colcon.colcon_core.package_identification:_identify(/home/yasantha/tutorials/ros_tutorial/tutorial_09) by extensions ['ignore', 'ignore_ament_install']
[0.470s] Level 1:colcon.colcon_core.package_identification:_identify(/home/yasantha/tutorials/ros_tutorial/tutorial_09) by extension 'ignore'
[0.470s] Level 1:colcon.colcon_core.package_identification:_identify(/home/yasantha/tutorials/ros_tutorial/tutorial_09) by extension 'ignore_ament_install'
[0.470s] Level 1:colcon.colcon_core.package_identification:_identify(/home/yasantha/tutorials/ros_tutorial/tutorial_09) by extensions ['colcon_pkg']
[0.470s] Level 1:colcon.colcon_core.package_identification:_identify(/home/yasantha/tutorials/ros_tutorial/tutorial_09) by extension 'colcon_pkg'
[0.470s] Level 1:colcon.colcon_core.package_identification:_identify(/home/yasantha/tutorials/ros_tutorial/tutorial_09) by extensions ['colcon_meta']
[0.470s] Level 1:colcon.colcon_core.package_identification:_identify(/home/yasantha/tutorials/ros_tutorial/tutorial_09) by extension 'colcon_meta'
[0.470s] Level 1:colcon.colcon_core.package_identification:_identify(/home/yasantha/tutorials/ros_tutorial/tutorial_09) by extensions ['ros']
[0.470s] Level 1:colcon.colcon_core.package_identification:_identify(/home/yasantha/tutorials/ros_tutorial/tutorial_09) by extension 'ros'
[0.485s] Level 1:colcon.colcon_core.package_identification:_identify(/home/yasantha/tutorials/ros_tutorial/tutorial_09) by extensions ['cmake', 'python']
[0.486s] Level 1:colcon.colcon_core.package_identification:_identify(/home/yasantha/tutorials/ros_tutorial/tutorial_09) by extension 'cmake'
[0.486s] Level 1:colcon.colcon_core.package_identification:_identify(/home/yasantha/tutorials/ros_tutorial/tutorial_09) by extension 'python'
[0.486s] Level 1:colcon.colcon_core.package_identification:_identify(/home/yasantha/tutorials/ros_tutorial/tutorial_09) by extensions ['python_setup_py']
[0.486s] Level 1:colcon.colcon_core.package_identification:_identify(/home/yasantha/tutorials/ros_tutorial/tutorial_09) by extension 'python_setup_py'
[0.486s] Level 1:colcon.colcon_core.package_identification:_identify(/home/yasantha/tutorials/ros_tutorial/tutorial_09/build) by extensions ['ignore', 'ignore_ament_install']
[0.486s] Level 1:colcon.colcon_core.package_identification:_identify(/home/yasantha/tutorials/ros_tutorial/tutorial_09/build) by extension 'ignore'
[0.486s] Level 1:colcon.colcon_core.package_identification:_identify(/home/yasantha/tutorials/ros_tutorial/tutorial_09/build) ignored
[0.486s] Level 1:colcon.colcon_core.package_identification:_identify(/home/yasantha/tutorials/ros_tutorial/tutorial_09/install) by extensions ['ignore', 'ignore_ament_install']
[0.486s] Level 1:colcon.colcon_core.package_identification:_identify(/home/yasantha/tutorials/ros_tutorial/tutorial_09/install) by extension 'ignore'
[0.486s] Level 1:colcon.colcon_core.package_identification:_identify(/home/yasantha/tutorials/ros_tutorial/tutorial_09/install) ignored
[0.487s] Level 1:colcon.colcon_core.package_identification:_identify(/home/yasantha/tutorials/ros_tutorial/tutorial_09/log) by extensions ['ignore', 'ignore_ament_install']
[0.487s] Level 1:colcon.colcon_core.package_identification:_identify(/home/yasantha/tutorials/ros_tutorial/tutorial_09/log) by extension 'ignore'
[0.487s] Level 1:colcon.colcon_core.package_identification:_identify(/home/yasantha/tutorials/ros_tutorial/tutorial_09/log) ignored
[0.487s] Level 1:colcon.colcon_core.package_identification:_identify(/home/yasantha/tutorials/ros_tutorial/tutorial_09/src) by extensions ['ignore', 'ignore_ament_install']
[0.487s] Level 1:colcon.colcon_core.package_identification:_identify(/home/yasantha/tutorials/ros_tutorial/tutorial_09/src) by extension 'ignore'
[0.487s] Level 1:colcon.colcon_core.package_identification:_identify(/home/yasantha/tutorials/ros_tutorial/tutorial_09/src) by extension 'ignore_ament_install'
[0.487s] Level 1:colcon.colcon_core.package_identification:_identify(/home/yasantha/tutorials/ros_tutorial/tutorial_09/src) by extensions ['colcon_pkg']
[0.487s] Level 1:colcon.colcon_core.package_identification:_identify(/home/yasantha/tutorials/ros_tutorial/tutorial_09/src) by extension 'colcon_pkg'
[0.487s] Level 1:colcon.colcon_core.package_identification:_identify(/home/yasantha/tutorials/ros_tutorial/tutorial_09/src) by extensions ['colcon_meta']
[0.487s] Level 1:colcon.colcon_core.package_identification:_identify(/home/yasantha/tutorials/ros_tutorial/tutorial_09/src) by extension 'colcon_meta'
[0.487s] Level 1:colcon.colcon_core.package_identification:_identify(/home/yasantha/tutorials/ros_tutorial/tutorial_09/src) by extensions ['ros']
[0.487s] Level 1:colcon.colcon_core.package_identification:_identify(/home/yasantha/tutorials/ros_tutorial/tutorial_09/src) by extension 'ros'
[0.487s] Level 1:colcon.colcon_core.package_identification:_identify(/home/yasantha/tutorials/ros_tutorial/tutorial_09/src) by extensions ['cmake', 'python']
[0.488s] Level 1:colcon.colcon_core.package_identification:_identify(/home/yasantha/tutorials/ros_tutorial/tutorial_09/src) by extension 'cmake'
[0.488s] Level 1:colcon.colcon_core.package_identification:_identify(/home/yasantha/tutorials/ros_tutorial/tutorial_09/src) by extension 'python'
[0.488s] Level 1:colcon.colcon_core.package_identification:_identify(/home/yasantha/tutorials/ros_tutorial/tutorial_09/src) by extensions ['python_setup_py']
[0.488s] Level 1:colcon.colcon_core.package_identification:_identify(/home/yasantha/tutorials/ros_tutorial/tutorial_09/src) by extension 'python_setup_py'
[0.488s] Level 1:colcon.colcon_core.package_identification:_identify(/home/yasantha/tutorials/ros_tutorial/tutorial_09/src/my_turtle_controller) by extensions ['ignore', 'ignore_ament_install']
[0.488s] Level 1:colcon.colcon_core.package_identification:_identify(/home/yasantha/tutorials/ros_tutorial/tutorial_09/src/my_turtle_controller) by extension 'ignore'
[0.488s] Level 1:colcon.colcon_core.package_identification:_identify(/home/yasantha/tutorials/ros_tutorial/tutorial_09/src/my_turtle_controller) by extension 'ignore_ament_install'
[0.488s] Level 1:colcon.colcon_core.package_identification:_identify(/home/yasantha/tutorials/ros_tutorial/tutorial_09/src/my_turtle_controller) by extensions ['colcon_pkg']
[0.488s] Level 1:colcon.colcon_core.package_identification:_identify(/home/yasantha/tutorials/ros_tutorial/tutorial_09/src/my_turtle_controller) by extension 'colcon_pkg'
[0.488s] Level 1:colcon.colcon_core.package_identification:_identify(/home/yasantha/tutorials/ros_tutorial/tutorial_09/src/my_turtle_controller) by extensions ['colcon_meta']
[0.489s] Level 1:colcon.colcon_core.package_identification:_identify(/home/yasantha/tutorials/ros_tutorial/tutorial_09/src/my_turtle_controller) by extension 'colcon_meta'
[0.489s] Level 1:colcon.colcon_core.package_identification:_identify(/home/yasantha/tutorials/ros_tutorial/tutorial_09/src/my_turtle_controller) by extensions ['ros']
[0.489s] Level 1:colcon.colcon_core.package_identification:_identify(/home/yasantha/tutorials/ros_tutorial/tutorial_09/src/my_turtle_controller) by extension 'ros'
[0.492s] DEBUG:colcon.colcon_core.package_identification:Package '/home/yasantha/tutorials/ros_tutorial/tutorial_09/src/my_turtle_controller' with type 'ros.ament_python' and name 'my_turtle_controller'
[0.492s] Level 1:colcon.colcon_core.package_discovery:discover_packages(recursive) using defaults
