[1.390s] Invoking command in '/home/yasantha/tutorials/ros_tutorial/lab_04/broadcaster_listener': PYTHONPATH=/home/yasantha/tutorials/ros_tutorial/lab_04/broadcaster_listener/build/broadcaster_listener/prefix_override:/home/yasantha/tutorials/ros_tutorial/lab_04/broadcaster_listener/install/broadcaster_listener/lib/python3.10/site-packages:${PYTHONPATH} /usr/bin/python3 setup.py egg_info --egg-base build/broadcaster_listener build --build-base /home/yasantha/tutorials/ros_tutorial/lab_04/broadcaster_listener/build/broadcaster_listener/build install --record /home/yasantha/tutorials/ros_tutorial/lab_04/broadcaster_listener/build/broadcaster_listener/install.log --single-version-externally-managed
[1.845s] running egg_info
[1.846s] writing build/broadcaster_listener/broadcaster_listener.egg-info/PKG-INFO
[1.847s] writing dependency_links to build/broadcaster_listener/broadcaster_listener.egg-info/dependency_links.txt
[1.847s] writing entry points to build/broadcaster_listener/broadcaster_listener.egg-info/entry_points.txt
[1.847s] writing requirements to build/broadcaster_listener/broadcaster_listener.egg-info/requires.txt
[1.847s] writing top-level names to build/broadcaster_listener/broadcaster_listener.egg-info/top_level.txt
[1.855s] reading manifest file 'build/broadcaster_listener/broadcaster_listener.egg-info/SOURCES.txt'
[1.855s] adding license file 'LICENSE'
[1.857s] writing manifest file 'build/broadcaster_listener/broadcaster_listener.egg-info/SOURCES.txt'
[1.857s] running build
[1.857s] running build_py
[1.858s] copying broadcaster_listener/turtle_tf2_listener.py -> /home/yasantha/tutorials/ros_tutorial/lab_04/broadcaster_listener/build/broadcaster_listener/build/lib/broadcaster_listener
[1.858s] running install
[1.859s] /usr/lib/python3/dist-packages/setuptools/command/install.py:34: SetuptoolsDeprecationWarning: setup.py install is deprecated. Use build and pip and other standards-based tools.
[1.859s]   warnings.warn(
[1.859s] running install_lib
[1.861s] copying /home/yasantha/tutorials/ros_tutorial/lab_04/broadcaster_listener/build/broadcaster_listener/build/lib/broadcaster_listener/turtle_tf2_listener.py -> /home/yasantha/tutorials/ros_tutorial/lab_04/broadcaster_listener/install/broadcaster_listener/lib/python3.10/site-packages/broadcaster_listener
[1.862s] byte-compiling /home/yasantha/tutorials/ros_tutorial/lab_04/broadcaster_listener/install/broadcaster_listener/lib/python3.10/site-packages/broadcaster_listener/turtle_tf2_listener.py to turtle_tf2_listener.cpython-310.pyc
[1.863s] running install_data
[1.864s] running install_egg_info
[1.869s] removing '/home/yasantha/tutorials/ros_tutorial/lab_04/broadcaster_listener/install/broadcaster_listener/lib/python3.10/site-packages/broadcaster_listener-0.0.0-py3.10.egg-info' (and everything under it)
[1.869s] Copying build/broadcaster_listener/broadcaster_listener.egg-info to /home/yasantha/tutorials/ros_tutorial/lab_04/broadcaster_listener/install/broadcaster_listener/lib/python3.10/site-packages/broadcaster_listener-0.0.0-py3.10.egg-info
[1.870s] running install_scripts
[1.909s] Installing dynamic_frame_tf2_broadcaster script to /home/yasantha/tutorials/ros_tutorial/lab_04/broadcaster_listener/install/broadcaster_listener/lib/broadcaster_listener
[1.910s] Installing fixed_frame_tf2_broadcaster script to /home/yasantha/tutorials/ros_tutorial/lab_04/broadcaster_listener/install/broadcaster_listener/lib/broadcaster_listener
[1.910s] Installing turtle_tf2_broadcaster script to /home/yasantha/tutorials/ros_tutorial/lab_04/broadcaster_listener/install/broadcaster_listener/lib/broadcaster_listener
[1.910s] Installing turtle_tf2_listener script to /home/yasantha/tutorials/ros_tutorial/lab_04/broadcaster_listener/install/broadcaster_listener/lib/broadcaster_listener
[1.910s] writing list of installed files to '/home/yasantha/tutorials/ros_tutorial/lab_04/broadcaster_listener/build/broadcaster_listener/install.log'
[1.951s] Invoked command in '/home/yasantha/tutorials/ros_tutorial/lab_04/broadcaster_listener' returned '0': PYTHONPATH=/home/yasantha/tutorials/ros_tutorial/lab_04/broadcaster_listener/build/broadcaster_listener/prefix_override:/home/yasantha/tutorials/ros_tutorial/lab_04/broadcaster_listener/install/broadcaster_listener/lib/python3.10/site-packages:${PYTHONPATH} /usr/bin/python3 setup.py egg_info --egg-base build/broadcaster_listener build --build-base /home/yasantha/tutorials/ros_tutorial/lab_04/broadcaster_listener/build/broadcaster_listener/build install --record /home/yasantha/tutorials/ros_tutorial/lab_04/broadcaster_listener/build/broadcaster_listener/install.log --single-version-externally-managed
