[0.392s] Invoking command in '/home/yasantha/tutorials/ros_tutorial/lab_07/src/sim_robot': PYTHONPATH=/home/yasantha/tutorials/ros_tutorial/lab_07/src/build/sim_robot/prefix_override:/home/yasantha/tutorials/ros_tutorial/lab_07/src/install/sim_robot/lib/python3.10/site-packages: /usr/bin/python3 -W ignore:setup.py install is deprecated setup.py egg_info --egg-base ../build/sim_robot build --build-base /home/yasantha/tutorials/ros_tutorial/lab_07/src/build/sim_robot/build install --record /home/yasantha/tutorials/ros_tutorial/lab_07/src/build/sim_robot/install.log --single-version-externally-managed install_data
[0.511s] running egg_info
[0.511s] writing ../build/sim_robot/sim_robot.egg-info/PKG-INFO
[0.513s] writing dependency_links to ../build/sim_robot/sim_robot.egg-info/dependency_links.txt
[0.513s] writing entry points to ../build/sim_robot/sim_robot.egg-info/entry_points.txt
[0.513s] writing requirements to ../build/sim_robot/sim_robot.egg-info/requires.txt
[0.513s] writing top-level names to ../build/sim_robot/sim_robot.egg-info/top_level.txt
[0.516s] reading manifest file '../build/sim_robot/sim_robot.egg-info/SOURCES.txt'
[0.516s] adding license file 'LICENSE'
[0.517s] writing manifest file '../build/sim_robot/sim_robot.egg-info/SOURCES.txt'
[0.517s] running build
[0.517s] running build_py
[0.517s] running install
[0.518s] running install_lib
[0.518s] running install_data
[0.519s] running install_egg_info
[0.520s] removing '/home/yasantha/tutorials/ros_tutorial/lab_07/src/install/sim_robot/lib/python3.10/site-packages/sim_robot-0.0.0-py3.10.egg-info' (and everything under it)
[0.520s] Copying ../build/sim_robot/sim_robot.egg-info to /home/yasantha/tutorials/ros_tutorial/lab_07/src/install/sim_robot/lib/python3.10/site-packages/sim_robot-0.0.0-py3.10.egg-info
[0.521s] running install_scripts
[0.534s] Installing my_robot_driver script to /home/yasantha/tutorials/ros_tutorial/lab_07/src/install/sim_robot/lib/sim_robot
[0.534s] writing list of installed files to '/home/yasantha/tutorials/ros_tutorial/lab_07/src/build/sim_robot/install.log'
[0.549s] Invoked command in '/home/yasantha/tutorials/ros_tutorial/lab_07/src/sim_robot' returned '0': PYTHONPATH=/home/yasantha/tutorials/ros_tutorial/lab_07/src/build/sim_robot/prefix_override:/home/yasantha/tutorials/ros_tutorial/lab_07/src/install/sim_robot/lib/python3.10/site-packages: /usr/bin/python3 -W ignore:setup.py install is deprecated setup.py egg_info --egg-base ../build/sim_robot build --build-base /home/yasantha/tutorials/ros_tutorial/lab_07/src/build/sim_robot/build install --record /home/yasantha/tutorials/ros_tutorial/lab_07/src/build/sim_robot/install.log --single-version-externally-managed install_data
