[0.467s] Invoking command in '/home/yasantha/tutorials/ros_tutorial/tutorial_09/src/my_turtle_controller': PYTHONPATH=/home/yasantha/tutorials/ros_tutorial/tutorial_09/build/my_turtle_controller/prefix_override:/home/yasantha/tutorials/ros_tutorial/tutorial_09/install/my_turtle_controller/lib/python3.10/site-packages:${PYTHONPATH} /usr/bin/python3 -W ignore:setup.py install is deprecated setup.py egg_info --egg-base ../../build/my_turtle_controller build --build-base /home/yasantha/tutorials/ros_tutorial/tutorial_09/build/my_turtle_controller/build install --record /home/yasantha/tutorials/ros_tutorial/tutorial_09/build/my_turtle_controller/install.log --single-version-externally-managed install_data
[0.637s] running egg_info
[0.637s] writing ../../build/my_turtle_controller/my_turtle_controller.egg-info/PKG-INFO
[0.637s] writing dependency_links to ../../build/my_turtle_controller/my_turtle_controller.egg-info/dependency_links.txt
[0.637s] writing entry points to ../../build/my_turtle_controller/my_turtle_controller.egg-info/entry_points.txt
[0.638s] writing requirements to ../../build/my_turtle_controller/my_turtle_controller.egg-info/requires.txt
[0.638s] writing top-level names to ../../build/my_turtle_controller/my_turtle_controller.egg-info/top_level.txt
[0.642s] reading manifest file '../../build/my_turtle_controller/my_turtle_controller.egg-info/SOURCES.txt'
[0.643s] writing manifest file '../../build/my_turtle_controller/my_turtle_controller.egg-info/SOURCES.txt'
[0.643s] running build
[0.643s] running build_py
[0.643s] copying my_turtle_controller/turtle_controller.py -> /home/yasantha/tutorials/ros_tutorial/tutorial_09/build/my_turtle_controller/build/lib/my_turtle_controller
[0.643s] running install
[0.644s] running install_lib
[0.645s] copying /home/yasantha/tutorials/ros_tutorial/tutorial_09/build/my_turtle_controller/build/lib/my_turtle_controller/turtle_controller.py -> /home/yasantha/tutorials/ros_tutorial/tutorial_09/install/my_turtle_controller/lib/python3.10/site-packages/my_turtle_controller
[0.645s] byte-compiling /home/yasantha/tutorials/ros_tutorial/tutorial_09/install/my_turtle_controller/lib/python3.10/site-packages/my_turtle_controller/turtle_controller.py to turtle_controller.cpython-310.pyc
[0.646s] running install_data
[0.646s] running install_egg_info
[0.648s] removing '/home/yasantha/tutorials/ros_tutorial/tutorial_09/install/my_turtle_controller/lib/python3.10/site-packages/my_turtle_controller-0.0.0-py3.10.egg-info' (and everything under it)
[0.648s] Copying ../../build/my_turtle_controller/my_turtle_controller.egg-info to /home/yasantha/tutorials/ros_tutorial/tutorial_09/install/my_turtle_controller/lib/python3.10/site-packages/my_turtle_controller-0.0.0-py3.10.egg-info
[0.649s] running install_scripts
[0.666s] Installing turtle_controller script to /home/yasantha/tutorials/ros_tutorial/tutorial_09/install/my_turtle_controller/lib/my_turtle_controller
[0.666s] writing list of installed files to '/home/yasantha/tutorials/ros_tutorial/tutorial_09/build/my_turtle_controller/install.log'
[0.683s] Invoked command in '/home/yasantha/tutorials/ros_tutorial/tutorial_09/src/my_turtle_controller' returned '0': PYTHONPATH=/home/yasantha/tutorials/ros_tutorial/tutorial_09/build/my_turtle_controller/prefix_override:/home/yasantha/tutorials/ros_tutorial/tutorial_09/install/my_turtle_controller/lib/python3.10/site-packages:${PYTHONPATH} /usr/bin/python3 -W ignore:setup.py install is deprecated setup.py egg_info --egg-base ../../build/my_turtle_controller build --build-base /home/yasantha/tutorials/ros_tutorial/tutorial_09/build/my_turtle_controller/build install --record /home/yasantha/tutorials/ros_tutorial/tutorial_09/build/my_turtle_controller/install.log --single-version-externally-managed install_data
