[0.094s] DEBUG:colcon:Command line arguments: ['/usr/bin/colcon', 'build']
[0.094s] DEBUG:colcon:Parsed command line arguments: Namespace(log_base=None, log_level=None, verb_name='build', build_base='build', install_base='install', merge_install=False, symlink_install=False, test_result_base=None, continue_on_error=False, executor='parallel', parallel_workers=8, event_handlers=None, ignore_user_meta=False, metas=['./colcon.meta'], base_paths=['.'], packages_ignore=None, packages_ignore_regex=None, paths=None, packages_up_to=None, packages_up_to_regex=None, packages_above=None, packages_above_and_dependencies=None, packages_above_depth=None, packages_select_by_dep=None, packages_skip_by_dep=None, packages_skip_up_to=None, packages_select_build_failed=False, packages_skip_build_finished=False, packages_select_test_failures=False, packages_skip_test_passed=False, packages_select=None, packages_skip=None, packages_select_regex=None, packages_skip_regex=None, packages_start=None, packages_end=None, allow_overriding=[], cmake_args=None, cmake_target=None, cmake_target_skip_unavailable=False, cmake_clean_cache=False, cmake_clean_first=False, cmake_force_configure=False, ament_cmake_args=None, catkin_cmake_args=None, catkin_skip_building_tests=False, mixin_files=None, mixin=None, verb_parser=<colcon_mixin.mixin.mixin_argument.MixinArgumentDecorator object at 0x7843cb133a00>, verb_extension=<colcon_core.verb.build.BuildVerb object at 0x7843cb133490>, main=<bound method BuildVerb.main of <colcon_core.verb.build.BuildVerb object at 0x7843cb133490>>, mixin_verb=('build',))
[0.222s] Level 1:colcon.colcon_core.package_discovery:discover_packages(colcon_meta) check parameters
[0.223s] Level 1:colcon.colcon_core.package_discovery:discover_packages(recursive) check parameters
[0.223s] Level 1:colcon.colcon_core.package_discovery:discover_packages(ignore) check parameters
[0.223s] Level 1:colcon.colcon_core.package_discovery:discover_packages(path) check parameters
[0.223s] Level 1:colcon.colcon_core.package_discovery:discover_packages(colcon_meta) discover
[0.223s] Level 1:colcon.colcon_core.package_discovery:discover_packages(recursive) discover
[0.223s] INFO:colcon.colcon_core.package_discovery:Crawling recursively for packages in '/home/yasantha/tutorials/ros_tutorial/tutorial_09'
[0.223s] Level 1:colcon.colcon_core.package_identification:_identify(.) by extensions ['ignore', 'ignore_ament_install']
[0.223s] Level 1:colcon.colcon_core.package_identification:_identify(.) by extension 'ignore'
[0.223s] Level 1:colcon.colcon_core.package_identification:_identify(.) by extension 'ignore_ament_install'
[0.223s] Level 1:colcon.colcon_core.package_identification:_identify(.) by extensions ['colcon_pkg']
[0.223s] Level 1:colcon.colcon_core.package_identification:_identify(.) by extension 'colcon_pkg'
[0.223s] Level 1:colcon.colcon_core.package_identification:_identify(.) by extensions ['colcon_meta']
[0.223s] Level 1:colcon.colcon_core.package_identification:_identify(.) by extension 'colcon_meta'
[0.223s] Level 1:colcon.colcon_core.package_identification:_identify(.) by extensions ['ros']
[0.223s] Level 1:colcon.colcon_core.package_identification:_identify(.) by extension 'ros'
[0.231s] Level 1:colcon.colcon_core.package_identification:_identify(.) by extensions ['cmake', 'python']
[0.231s] Level 1:colcon.colcon_core.package_identification:_identify(.) by extension 'cmake'
[0.231s] Level 1:colcon.colcon_core.package_identification:_identify(.) by extension 'python'
[0.231s] Level 1:colcon.colcon_core.package_identification:_identify(.) by extensions ['python_setup_py']
[0.231s] Level 1:colcon.colcon_core.package_identification:_identify(.) by extension 'python_setup_py'
[0.231s] Level 1:colcon.colcon_core.package_identification:_identify(build) by extensions ['ignore', 'ignore_ament_install']
[0.231s] Level 1:colcon.colcon_core.package_identification:_identify(build) by extension 'ignore'
[0.231s] Level 1:colcon.colcon_core.package_identification:_identify(build) ignored
[0.231s] Level 1:colcon.colcon_core.package_identification:_identify(install) by extensions ['ignore', 'ignore_ament_install']
[0.231s] Level 1:colcon.colcon_core.package_identification:_identify(install) by extension 'ignore'
[0.231s] Level 1:colcon.colcon_core.package_identification:_identify(install) ignored
[0.231s] Level 1:colcon.colcon_core.package_identification:_identify(log) by extensions ['ignore', 'ignore_ament_install']
[0.231s] Level 1:colcon.colcon_core.package_identification:_identify(log) by extension 'ignore'
[0.231s] Level 1:colcon.colcon_core.package_identification:_identify(log) ignored
[0.231s] Level 1:colcon.colcon_core.package_identification:_identify(src) by extensions ['ignore', 'ignore_ament_install']
[0.231s] Level 1:colcon.colcon_core.package_identification:_identify(src) by extension 'ignore'
[0.232s] Level 1:colcon.colcon_core.package_identification:_identify(src) by extension 'ignore_ament_install'
[0.232s] Level 1:colcon.colcon_core.package_identification:_identify(src) by extensions ['colcon_pkg']
[0.232s] Level 1:colcon.colcon_core.package_identification:_identify(src) by extension 'colcon_pkg'
[0.232s] Level 1:colcon.colcon_core.package_identification:_identify(src) by extensions ['colcon_meta']
[0.232s] Level 1:colcon.colcon_core.package_identification:_identify(src) by extension 'colcon_meta'
[0.232s] Level 1:colcon.colcon_core.package_identification:_identify(src) by extensions ['ros']
[0.232s] Level 1:colcon.colcon_core.package_identification:_identify(src) by extension 'ros'
[0.232s] Level 1:colcon.colcon_core.package_identification:_identify(src) by extensions ['cmake', 'python']
[0.232s] Level 1:colcon.colcon_core.package_identification:_identify(src) by extension 'cmake'
[0.232s] Level 1:colcon.colcon_core.package_identification:_identify(src) by extension 'python'
[0.232s] Level 1:colcon.colcon_core.package_identification:_identify(src) by extensions ['python_setup_py']
[0.232s] Level 1:colcon.colcon_core.package_identification:_identify(src) by extension 'python_setup_py'
[0.232s] Level 1:colcon.colcon_core.package_identification:_identify(src/my_turtle_controller) by extensions ['ignore', 'ignore_ament_install']
[0.232s] Level 1:colcon.colcon_core.package_identification:_identify(src/my_turtle_controller) by extension 'ignore'
[0.232s] Level 1:colcon.colcon_core.package_identification:_identify(src/my_turtle_controller) by extension 'ignore_ament_install'
[0.232s] Level 1:colcon.colcon_core.package_identification:_identify(src/my_turtle_controller) by extensions ['colcon_pkg']
[0.232s] Level 1:colcon.colcon_core.package_identification:_identify(src/my_turtle_controller) by extension 'colcon_pkg'
[0.232s] Level 1:colcon.colcon_core.package_identification:_identify(src/my_turtle_controller) by extensions ['colcon_meta']
[0.232s] Level 1:colcon.colcon_core.package_identification:_identify(src/my_turtle_controller) by extension 'colcon_meta'
[0.232s] Level 1:colcon.colcon_core.package_identification:_identify(src/my_turtle_controller) by extensions ['ros']
[0.232s] Level 1:colcon.colcon_core.package_identification:_identify(src/my_turtle_controller) by extension 'ros'
[0.234s] DEBUG:colcon.colcon_core.package_identification:Package 'src/my_turtle_controller' with type 'ros.ament_python' and name 'my_turtle_controller'
[0.234s] Level 1:colcon.colcon_core.package_discovery:discover_packages(recursive) using defaults
[0.234s] Level 1:colcon.colcon_core.package_discovery:discover_packages(ignore) discover
[0.234s] Level 1:colcon.colcon_core.package_discovery:discover_packages(ignore) using defaults
[0.234s] Level 1:colcon.colcon_core.package_discovery:discover_packages(path) discover
[0.234s] Level 1:colcon.colcon_core.package_discovery:discover_packages(path) using defaults
[0.258s] Level 1:colcon.colcon_core.package_discovery:discover_packages(prefix_path) check parameters
[0.258s] Level 1:colcon.colcon_core.package_discovery:discover_packages(prefix_path) discover
[0.259s] DEBUG:colcon.colcon_installed_package_information.package_discovery:Found 1 installed packages in /home/yasantha/tutorials/ros_tutorial/tutorial_08/install
[0.259s] DEBUG:colcon.colcon_installed_package_information.package_discovery:Found 1 installed packages in /home/yasantha/tutorials/ros_tutorial/tutorial_07/install
[0.259s] DEBUG:colcon.colcon_installed_package_information.package_discovery:Found 1 installed packages in /home/yasantha/tutorials/ros_tutorial/tutorial_07/src/install
[0.261s] DEBUG:colcon.colcon_installed_package_information.package_discovery:Found 455 installed packages in /opt/ros/humble
[0.262s] Level 1:colcon.colcon_core.package_discovery:discover_packages(prefix_path) using defaults
[0.300s] Level 5:colcon.colcon_core.verb:set package 'my_turtle_controller' build argument 'cmake_args' from command line to 'None'
[0.300s] Level 5:colcon.colcon_core.verb:set package 'my_turtle_controller' build argument 'cmake_target' from command line to 'None'
[0.300s] Level 5:colcon.colcon_core.verb:set package 'my_turtle_controller' build argument 'cmake_target_skip_unavailable' from command line to 'False'
[0.300s] Level 5:colcon.colcon_core.verb:set package 'my_turtle_controller' build argument 'cmake_clean_cache' from command line to 'False'
[0.300s] Level 5:colcon.colcon_core.verb:set package 'my_turtle_controller' build argument 'cmake_clean_first' from command line to 'False'
[0.300s] Level 5:colcon.colcon_core.verb:set package 'my_turtle_controller' build argument 'cmake_force_configure' from command line to 'False'
[0.300s] Level 5:colcon.colcon_core.verb:set package 'my_turtle_controller' build argument 'ament_cmake_args' from command line to 'None'
[0.300s] Level 5:colcon.colcon_core.verb:set package 'my_turtle_controller' build argument 'catkin_cmake_args' from command line to 'None'
[0.300s] Level 5:colcon.colcon_core.verb:set package 'my_turtle_controller' build argument 'catkin_skip_building_tests' from command line to 'False'
[0.300s] DEBUG:colcon.colcon_core.verb:Building package 'my_turtle_controller' with the following arguments: {'ament_cmake_args': None, 'build_base': '/home/yasantha/tutorials/ros_tutorial/tutorial_09/build/my_turtle_controller', 'catkin_cmake_args': None, 'catkin_skip_building_tests': False, 'cmake_args': None, 'cmake_clean_cache': False, 'cmake_clean_first': False, 'cmake_force_configure': False, 'cmake_target': None, 'cmake_target_skip_unavailable': False, 'install_base': '/home/yasantha/tutorials/ros_tutorial/tutorial_09/install/my_turtle_controller', 'merge_install': False, 'path': '/home/yasantha/tutorials/ros_tutorial/tutorial_09/src/my_turtle_controller', 'symlink_install': False, 'test_result_base': None}
[0.300s] INFO:colcon.colcon_core.executor:Executing jobs using 'parallel' executor
[0.301s] DEBUG:colcon.colcon_parallel_executor.executor.parallel:run_until_complete
[0.301s] INFO:colcon.colcon_ros.task.ament_python.build:Building ROS package in '/home/yasantha/tutorials/ros_tutorial/tutorial_09/src/my_turtle_controller' with build type 'ament_python'
[0.301s] Level 1:colcon.colcon_core.shell:create_environment_hook('my_turtle_controller', 'ament_prefix_path')
[0.302s] INFO:colcon.colcon_core.plugin_system:Skipping extension 'colcon_core.shell.bat': Not used on non-Windows systems
[0.303s] INFO:colcon.colcon_core.shell:Creating environment hook '/home/yasantha/tutorials/ros_tutorial/tutorial_09/install/my_turtle_controller/share/my_turtle_controller/hook/ament_prefix_path.ps1'
[0.303s] INFO:colcon.colcon_core.shell:Creating environment descriptor '/home/yasantha/tutorials/ros_tutorial/tutorial_09/install/my_turtle_controller/share/my_turtle_controller/hook/ament_prefix_path.dsv'
[0.303s] INFO:colcon.colcon_core.shell:Creating environment hook '/home/yasantha/tutorials/ros_tutorial/tutorial_09/install/my_turtle_controller/share/my_turtle_controller/hook/ament_prefix_path.sh'
[0.304s] INFO:colcon.colcon_core.shell:Skip shell extension 'powershell' for command environment: Not usable outside of PowerShell
[0.304s] DEBUG:colcon.colcon_core.shell:Skip shell extension 'dsv' for command environment
[0.498s] INFO:colcon.colcon_core.task.python.build:Building Python package in '/home/yasantha/tutorials/ros_tutorial/tutorial_09/src/my_turtle_controller'
[0.498s] INFO:colcon.colcon_core.shell:Skip shell extension 'powershell' for command environment: Not usable outside of PowerShell
[0.498s] DEBUG:colcon.colcon_core.shell:Skip shell extension 'dsv' for command environment
[0.845s] DEBUG:colcon.colcon_core.event_handler.log_command:Invoking command in '/home/yasantha/tutorials/ros_tutorial/tutorial_09/src/my_turtle_controller': PYTHONPATH=/home/yasantha/tutorials/ros_tutorial/tutorial_09/build/my_turtle_controller/prefix_override:/home/yasantha/tutorials/ros_tutorial/tutorial_09/install/my_turtle_controller/lib/python3.10/site-packages:${PYTHONPATH} /usr/bin/python3 -W ignore:setup.py install is deprecated setup.py egg_info --egg-base ../../build/my_turtle_controller build --build-base /home/yasantha/tutorials/ros_tutorial/tutorial_09/build/my_turtle_controller/build install --record /home/yasantha/tutorials/ros_tutorial/tutorial_09/build/my_turtle_controller/install.log --single-version-externally-managed install_data
[1.070s] DEBUG:colcon.colcon_core.event_handler.log_command:Invoked command in '/home/yasantha/tutorials/ros_tutorial/tutorial_09/src/my_turtle_controller' returned '0': PYTHONPATH=/home/yasantha/tutorials/ros_tutorial/tutorial_09/build/my_turtle_controller/prefix_override:/home/yasantha/tutorials/ros_tutorial/tutorial_09/install/my_turtle_controller/lib/python3.10/site-packages:${PYTHONPATH} /usr/bin/python3 -W ignore:setup.py install is deprecated setup.py egg_info --egg-base ../../build/my_turtle_controller build --build-base /home/yasantha/tutorials/ros_tutorial/tutorial_09/build/my_turtle_controller/build install --record /home/yasantha/tutorials/ros_tutorial/tutorial_09/build/my_turtle_controller/install.log --single-version-externally-managed install_data
[1.072s] Level 1:colcon.colcon_core.environment:checking '/home/yasantha/tutorials/ros_tutorial/tutorial_09/install/my_turtle_controller' for CMake module files
[1.072s] Level 1:colcon.colcon_core.environment:checking '/home/yasantha/tutorials/ros_tutorial/tutorial_09/install/my_turtle_controller' for CMake config files
[1.072s] Level 1:colcon.colcon_core.environment:checking '/home/yasantha/tutorials/ros_tutorial/tutorial_09/install/my_turtle_controller/lib'
[1.072s] Level 1:colcon.colcon_core.environment:checking '/home/yasantha/tutorials/ros_tutorial/tutorial_09/install/my_turtle_controller/bin'
[1.072s] Level 1:colcon.colcon_core.environment:checking '/home/yasantha/tutorials/ros_tutorial/tutorial_09/install/my_turtle_controller/lib/pkgconfig/my_turtle_controller.pc'
[1.073s] Level 1:colcon.colcon_core.environment:checking '/home/yasantha/tutorials/ros_tutorial/tutorial_09/install/my_turtle_controller/lib/python3.10/site-packages'
[1.073s] Level 1:colcon.colcon_core.shell:create_environment_hook('my_turtle_controller', 'pythonpath')
[1.073s] INFO:colcon.colcon_core.shell:Creating environment hook '/home/yasantha/tutorials/ros_tutorial/tutorial_09/install/my_turtle_controller/share/my_turtle_controller/hook/pythonpath.ps1'
[1.073s] INFO:colcon.colcon_core.shell:Creating environment descriptor '/home/yasantha/tutorials/ros_tutorial/tutorial_09/install/my_turtle_controller/share/my_turtle_controller/hook/pythonpath.dsv'
[1.074s] INFO:colcon.colcon_core.shell:Creating environment hook '/home/yasantha/tutorials/ros_tutorial/tutorial_09/install/my_turtle_controller/share/my_turtle_controller/hook/pythonpath.sh'
[1.074s] Level 1:colcon.colcon_core.environment:checking '/home/yasantha/tutorials/ros_tutorial/tutorial_09/install/my_turtle_controller/bin'
[1.074s] Level 1:colcon.colcon_core.environment:create_environment_scripts_only(my_turtle_controller)
[1.074s] INFO:colcon.colcon_core.shell:Creating package script '/home/yasantha/tutorials/ros_tutorial/tutorial_09/install/my_turtle_controller/share/my_turtle_controller/package.ps1'
[1.075s] INFO:colcon.colcon_core.shell:Creating package descriptor '/home/yasantha/tutorials/ros_tutorial/tutorial_09/install/my_turtle_controller/share/my_turtle_controller/package.dsv'
[1.075s] INFO:colcon.colcon_core.shell:Creating package script '/home/yasantha/tutorials/ros_tutorial/tutorial_09/install/my_turtle_controller/share/my_turtle_controller/package.sh'
[1.075s] INFO:colcon.colcon_core.shell:Creating package script '/home/yasantha/tutorials/ros_tutorial/tutorial_09/install/my_turtle_controller/share/my_turtle_controller/package.bash'
[1.076s] INFO:colcon.colcon_core.shell:Creating package script '/home/yasantha/tutorials/ros_tutorial/tutorial_09/install/my_turtle_controller/share/my_turtle_controller/package.zsh'
[1.076s] Level 1:colcon.colcon_core.environment:create_file_with_runtime_dependencies(/home/yasantha/tutorials/ros_tutorial/tutorial_09/install/my_turtle_controller/share/colcon-core/packages/my_turtle_controller)
[1.076s] DEBUG:colcon.colcon_parallel_executor.executor.parallel:closing loop
[1.077s] DEBUG:colcon.colcon_parallel_executor.executor.parallel:loop closed
[1.077s] DEBUG:colcon.colcon_parallel_executor.executor.parallel:run_until_complete finished with '0'
[1.077s] DEBUG:colcon.colcon_core.event_reactor:joining thread
[1.080s] INFO:colcon.colcon_core.plugin_system:Skipping extension 'colcon_notification.desktop_notification.terminal_notifier': Not used on non-Darwin systems
[1.080s] INFO:colcon.colcon_core.plugin_system:Skipping extension 'colcon_notification.desktop_notification.win32': Not used on non-Windows systems
[1.080s] INFO:colcon.colcon_notification.desktop_notification:Sending desktop notification using 'notify2'
[1.088s] DEBUG:colcon.colcon_core.event_reactor:joined thread
[1.089s] INFO:colcon.colcon_core.shell:Creating prefix script '/home/yasantha/tutorials/ros_tutorial/tutorial_09/install/local_setup.ps1'
[1.089s] INFO:colcon.colcon_core.shell:Creating prefix util module '/home/yasantha/tutorials/ros_tutorial/tutorial_09/install/_local_setup_util_ps1.py'
[1.090s] INFO:colcon.colcon_core.shell:Creating prefix chain script '/home/yasantha/tutorials/ros_tutorial/tutorial_09/install/setup.ps1'
[1.091s] INFO:colcon.colcon_core.shell:Creating prefix script '/home/yasantha/tutorials/ros_tutorial/tutorial_09/install/local_setup.sh'
[1.091s] INFO:colcon.colcon_core.shell:Creating prefix util module '/home/yasantha/tutorials/ros_tutorial/tutorial_09/install/_local_setup_util_sh.py'
[1.092s] INFO:colcon.colcon_core.shell:Creating prefix chain script '/home/yasantha/tutorials/ros_tutorial/tutorial_09/install/setup.sh'
[1.092s] INFO:colcon.colcon_core.shell:Creating prefix script '/home/yasantha/tutorials/ros_tutorial/tutorial_09/install/local_setup.bash'
[1.093s] INFO:colcon.colcon_core.shell:Creating prefix chain script '/home/yasantha/tutorials/ros_tutorial/tutorial_09/install/setup.bash'
[1.093s] INFO:colcon.colcon_core.shell:Creating prefix script '/home/yasantha/tutorials/ros_tutorial/tutorial_09/install/local_setup.zsh'
[1.094s] INFO:colcon.colcon_core.shell:Creating prefix chain script '/home/yasantha/tutorials/ros_tutorial/tutorial_09/install/setup.zsh'
