[0.419s] Invoking command in '/home/yasantha/tutorials/ros_tutorial/lab_07/src/sim_robot': PYTHONPATH=/home/yasantha/tutorials/ros_tutorial/lab_07/src/build/sim_robot/prefix_override:/home/yasantha/tutorials/ros_tutorial/lab_07/src/install/sim_robot/lib/python3.10/site-packages:${PYTHONPATH} /usr/bin/python3 -W ignore:setup.py install is deprecated setup.py egg_info --egg-base ../build/sim_robot build --build-base /home/yasantha/tutorials/ros_tutorial/lab_07/src/build/sim_robot/build install --record /home/yasantha/tutorials/ros_tutorial/lab_07/src/build/sim_robot/install.log --single-version-externally-managed install_data
[0.571s] running egg_info
[0.572s] writing ../build/sim_robot/sim_robot.egg-info/PKG-INFO
[0.572s] writing dependency_links to ../build/sim_robot/sim_robot.egg-info/dependency_links.txt
[0.572s] writing entry points to ../build/sim_robot/sim_robot.egg-info/entry_points.txt
[0.572s] writing requirements to ../build/sim_robot/sim_robot.egg-info/requires.txt
[0.572s] writing top-level names to ../build/sim_robot/sim_robot.egg-info/top_level.txt
[0.574s] reading manifest file '../build/sim_robot/sim_robot.egg-info/SOURCES.txt'
[0.574s] adding license file 'LICENSE'
[0.575s] writing manifest file '../build/sim_robot/sim_robot.egg-info/SOURCES.txt'
[0.575s] running build
[0.575s] running build_py
[0.575s] running install
[0.575s] running install_lib
[0.576s] running install_data
[0.576s] copying worlds/my_world.wbt -> /home/yasantha/tutorials/ros_tutorial/lab_07/src/install/sim_robot/share/sim_robot/worlds
[0.576s] creating /home/yasantha/tutorials/ros_tutorial/lab_07/src/install/sim_robot/share/sim_robot/resource
[0.576s] copying resource/my_robot.urdf -> /home/yasantha/tutorials/ros_tutorial/lab_07/src/install/sim_robot/share/sim_robot/resource
[0.576s] copying package.xml -> /home/yasantha/tutorials/ros_tutorial/lab_07/src/install/sim_robot/share/sim_robot
[0.576s] running install_egg_info
[0.577s] Copying ../build/sim_robot/sim_robot.egg-info to /home/yasantha/tutorials/ros_tutorial/lab_07/src/install/sim_robot/lib/python3.10/site-packages/sim_robot-0.0.0-py3.10.egg-info
[0.578s] running install_scripts
[0.590s] Installing my_robot_driver script to /home/yasantha/tutorials/ros_tutorial/lab_07/src/install/sim_robot/lib/sim_robot
[0.591s] writing list of installed files to '/home/yasantha/tutorials/ros_tutorial/lab_07/src/build/sim_robot/install.log'
[0.605s] Invoked command in '/home/yasantha/tutorials/ros_tutorial/lab_07/src/sim_robot' returned '0': PYTHONPATH=/home/yasantha/tutorials/ros_tutorial/lab_07/src/build/sim_robot/prefix_override:/home/yasantha/tutorials/ros_tutorial/lab_07/src/install/sim_robot/lib/python3.10/site-packages:${PYTHONPATH} /usr/bin/python3 -W ignore:setup.py install is deprecated setup.py egg_info --egg-base ../build/sim_robot build --build-base /home/yasantha/tutorials/ros_tutorial/lab_07/src/build/sim_robot/build install --record /home/yasantha/tutorials/ros_tutorial/lab_07/src/build/sim_robot/install.log --single-version-externally-managed install_data
