[0.479s] Invoking command in '/home/yasantha/tutorials/ros_tutorial/tutorial_04/build/my_robot_controller': PYTHONPATH=/home/yasantha/tutorials/ros_tutorial/tutorial_04/build/my_robot_controller/prefix_override:/home/yasantha/tutorials/ros_tutorial/tutorial_04/install/my_robot_controller/lib/python3.10/site-packages:${PYTHONPATH} /usr/bin/python3 -W ignore:setup.py install is deprecated setup.py develop --uninstall --editable --build-directory /home/yasantha/tutorials/ros_tutorial/tutorial_04/build/my_robot_controller/build
[0.660s] running develop
[0.660s] /usr/lib/python3/dist-packages/setuptools/command/easy_install.py:158: EasyInstallDeprecationWarning: easy_install command is deprecated. Use build and pip and other standards-based tools.
[0.660s]   warnings.warn(
[0.784s] Removing /home/yasantha/tutorials/ros_tutorial/tutorial_04/install/my_robot_controller/lib/python3.10/site-packages/my-robot-controller.egg-link (link to .)
[0.805s] Invoked command in '/home/yasantha/tutorials/ros_tutorial/tutorial_04/build/my_robot_controller' returned '0': PYTHONPATH=/home/yasantha/tutorials/ros_tutorial/tutorial_04/build/my_robot_controller/prefix_override:/home/yasantha/tutorials/ros_tutorial/tutorial_04/install/my_robot_controller/lib/python3.10/site-packages:${PYTHONPATH} /usr/bin/python3 -W ignore:setup.py install is deprecated setup.py develop --uninstall --editable --build-directory /home/yasantha/tutorials/ros_tutorial/tutorial_04/build/my_robot_controller/build
[0.806s] Invoking command in '/home/yasantha/tutorials/ros_tutorial/tutorial_04/src/my_robot_controller': PYTHONPATH=/home/yasantha/tutorials/ros_tutorial/tutorial_04/build/my_robot_controller/prefix_override:/home/yasantha/tutorials/ros_tutorial/tutorial_04/install/my_robot_controller/lib/python3.10/site-packages:${PYTHONPATH} /usr/bin/python3 -W ignore:setup.py install is deprecated setup.py egg_info --egg-base ../../build/my_robot_controller build --build-base /home/yasantha/tutorials/ros_tutorial/tutorial_04/build/my_robot_controller/build install --record /home/yasantha/tutorials/ros_tutorial/tutorial_04/build/my_robot_controller/install.log --single-version-externally-managed install_data --force
[0.974s] running egg_info
[0.975s] writing ../../build/my_robot_controller/my_robot_controller.egg-info/PKG-INFO
[0.975s] writing dependency_links to ../../build/my_robot_controller/my_robot_controller.egg-info/dependency_links.txt
[0.975s] writing entry points to ../../build/my_robot_controller/my_robot_controller.egg-info/entry_points.txt
[0.975s] writing requirements to ../../build/my_robot_controller/my_robot_controller.egg-info/requires.txt
[0.975s] writing top-level names to ../../build/my_robot_controller/my_robot_controller.egg-info/top_level.txt
[0.978s] reading manifest file '../../build/my_robot_controller/my_robot_controller.egg-info/SOURCES.txt'
[0.979s] writing manifest file '../../build/my_robot_controller/my_robot_controller.egg-info/SOURCES.txt'
[0.979s] running build
[0.979s] running build_py
[0.979s] copying my_robot_controller/my_first_node.py -> /home/yasantha/tutorials/ros_tutorial/tutorial_04/build/my_robot_controller/build/lib/my_robot_controller
[0.979s] running install
[0.979s] running install_lib
[0.980s] creating /home/yasantha/tutorials/ros_tutorial/tutorial_04/install/my_robot_controller/lib/python3.10/site-packages/my_robot_controller
[0.980s] copying /home/yasantha/tutorials/ros_tutorial/tutorial_04/build/my_robot_controller/build/lib/my_robot_controller/__init__.py -> /home/yasantha/tutorials/ros_tutorial/tutorial_04/install/my_robot_controller/lib/python3.10/site-packages/my_robot_controller
[0.980s] copying /home/yasantha/tutorials/ros_tutorial/tutorial_04/build/my_robot_controller/build/lib/my_robot_controller/my_first_node.py -> /home/yasantha/tutorials/ros_tutorial/tutorial_04/install/my_robot_controller/lib/python3.10/site-packages/my_robot_controller
[0.980s] byte-compiling /home/yasantha/tutorials/ros_tutorial/tutorial_04/install/my_robot_controller/lib/python3.10/site-packages/my_robot_controller/__init__.py to __init__.cpython-310.pyc
[0.980s] byte-compiling /home/yasantha/tutorials/ros_tutorial/tutorial_04/install/my_robot_controller/lib/python3.10/site-packages/my_robot_controller/my_first_node.py to my_first_node.cpython-310.pyc
[0.981s] running install_data
[0.981s] copying resource/my_robot_controller -> /home/yasantha/tutorials/ros_tutorial/tutorial_04/install/my_robot_controller/share/ament_index/resource_index/packages
[0.981s] copying package.xml -> /home/yasantha/tutorials/ros_tutorial/tutorial_04/install/my_robot_controller/share/my_robot_controller
[0.981s] running install_egg_info
[0.982s] Copying ../../build/my_robot_controller/my_robot_controller.egg-info to /home/yasantha/tutorials/ros_tutorial/tutorial_04/install/my_robot_controller/lib/python3.10/site-packages/my_robot_controller-0.0.0-py3.10.egg-info
[0.982s] running install_scripts
[0.997s] Installing my_first_node script to /home/yasantha/tutorials/ros_tutorial/tutorial_04/install/my_robot_controller/lib/my_robot_controller
[0.997s] writing list of installed files to '/home/yasantha/tutorials/ros_tutorial/tutorial_04/build/my_robot_controller/install.log'
[1.015s] Invoked command in '/home/yasantha/tutorials/ros_tutorial/tutorial_04/src/my_robot_controller' returned '0': PYTHONPATH=/home/yasantha/tutorials/ros_tutorial/tutorial_04/build/my_robot_controller/prefix_override:/home/yasantha/tutorials/ros_tutorial/tutorial_04/install/my_robot_controller/lib/python3.10/site-packages:${PYTHONPATH} /usr/bin/python3 -W ignore:setup.py install is deprecated setup.py egg_info --egg-base ../../build/my_robot_controller build --build-base /home/yasantha/tutorials/ros_tutorial/tutorial_04/build/my_robot_controller/build install --record /home/yasantha/tutorials/ros_tutorial/tutorial_04/build/my_robot_controller/install.log --single-version-externally-managed install_data --force
