[0.082s] DEBUG:colcon:Command line arguments: ['/usr/bin/colcon', 'build']
[0.082s] DEBUG:colcon:Parsed command line arguments: Namespace(log_base=None, log_level=None, verb_name='build', build_base='build', install_base='install', merge_install=False, symlink_install=False, test_result_base=None, continue_on_error=False, executor='parallel', parallel_workers=8, event_handlers=None, ignore_user_meta=False, metas=['./colcon.meta'], base_paths=['.'], packages_ignore=None, packages_ignore_regex=None, paths=None, packages_up_to=None, packages_up_to_regex=None, packages_above=None, packages_above_and_dependencies=None, packages_above_depth=None, packages_select_by_dep=None, packages_skip_by_dep=None, packages_skip_up_to=None, packages_select_build_failed=False, packages_skip_build_finished=False, packages_select_test_failures=False, packages_skip_test_passed=False, packages_select=None, packages_skip=None, packages_select_regex=None, packages_skip_regex=None, packages_start=None, packages_end=None, allow_overriding=[], cmake_args=None, cmake_target=None, cmake_target_skip_unavailable=False, cmake_clean_cache=False, cmake_clean_first=False, cmake_force_configure=False, ament_cmake_args=None, catkin_cmake_args=None, catkin_skip_building_tests=False, mixin_files=None, mixin=None, verb_parser=<colcon_mixin.mixin.mixin_argument.MixinArgumentDecorator object at 0x7d884a137760>, verb_extension=<colcon_core.verb.build.BuildVerb object at 0x7d884a1371f0>, main=<bound method BuildVerb.main of <colcon_core.verb.build.BuildVerb object at 0x7d884a1371f0>>, mixin_verb=('build',))
[0.206s] Level 1:colcon.colcon_core.package_discovery:discover_packages(colcon_meta) check parameters
[0.206s] Level 1:colcon.colcon_core.package_discovery:discover_packages(recursive) check parameters
[0.206s] Level 1:colcon.colcon_core.package_discovery:discover_packages(ignore) check parameters
[0.206s] Level 1:colcon.colcon_core.package_discovery:discover_packages(path) check parameters
[0.206s] Level 1:colcon.colcon_core.package_discovery:discover_packages(colcon_meta) discover
[0.206s] Level 1:colcon.colcon_core.package_discovery:discover_packages(recursive) discover
[0.206s] INFO:colcon.colcon_core.package_discovery:Crawling recursively for packages in '/home/yasantha/tutorials/ros_tutorial/tutorial_07'
[0.206s] Level 1:colcon.colcon_core.package_identification:_identify(.) by extensions ['ignore', 'ignore_ament_install']
[0.206s] Level 1:colcon.colcon_core.package_identification:_identify(.) by extension 'ignore'
[0.206s] Level 1:colcon.colcon_core.package_identification:_identify(.) by extension 'ignore_ament_install'
[0.206s] Level 1:colcon.colcon_core.package_identification:_identify(.) by extensions ['colcon_pkg']
[0.206s] Level 1:colcon.colcon_core.package_identification:_identify(.) by extension 'colcon_pkg'
[0.206s] Level 1:colcon.colcon_core.package_identification:_identify(.) by extensions ['colcon_meta']
[0.206s] Level 1:colcon.colcon_core.package_identification:_identify(.) by extension 'colcon_meta'
[0.206s] Level 1:colcon.colcon_core.package_identification:_identify(.) by extensions ['ros']
[0.206s] Level 1:colcon.colcon_core.package_identification:_identify(.) by extension 'ros'
[0.214s] Level 1:colcon.colcon_core.package_identification:_identify(.) by extensions ['cmake', 'python']
[0.214s] Level 1:colcon.colcon_core.package_identification:_identify(.) by extension 'cmake'
[0.214s] Level 1:colcon.colcon_core.package_identification:_identify(.) by extension 'python'
[0.214s] Level 1:colcon.colcon_core.package_identification:_identify(.) by extensions ['python_setup_py']
[0.214s] Level 1:colcon.colcon_core.package_identification:_identify(.) by extension 'python_setup_py'
[0.214s] Level 1:colcon.colcon_core.package_identification:_identify(build) by extensions ['ignore', 'ignore_ament_install']
[0.214s] Level 1:colcon.colcon_core.package_identification:_identify(build) by extension 'ignore'
[0.214s] Level 1:colcon.colcon_core.package_identification:_identify(build) ignored
[0.214s] Level 1:colcon.colcon_core.package_identification:_identify(install) by extensions ['ignore', 'ignore_ament_install']
[0.214s] Level 1:colcon.colcon_core.package_identification:_identify(install) by extension 'ignore'
[0.214s] Level 1:colcon.colcon_core.package_identification:_identify(install) ignored
[0.214s] Level 1:colcon.colcon_core.package_identification:_identify(log) by extensions ['ignore', 'ignore_ament_install']
[0.214s] Level 1:colcon.colcon_core.package_identification:_identify(log) by extension 'ignore'
[0.215s] Level 1:colcon.colcon_core.package_identification:_identify(log) ignored
[0.215s] Level 1:colcon.colcon_core.package_identification:_identify(src) by extensions ['ignore', 'ignore_ament_install']
[0.215s] Level 1:colcon.colcon_core.package_identification:_identify(src) by extension 'ignore'
[0.215s] Level 1:colcon.colcon_core.package_identification:_identify(src) by extension 'ignore_ament_install'
[0.215s] Level 1:colcon.colcon_core.package_identification:_identify(src) by extensions ['colcon_pkg']
[0.215s] Level 1:colcon.colcon_core.package_identification:_identify(src) by extension 'colcon_pkg'
[0.215s] Level 1:colcon.colcon_core.package_identification:_identify(src) by extensions ['colcon_meta']
[0.215s] Level 1:colcon.colcon_core.package_identification:_identify(src) by extension 'colcon_meta'
[0.215s] Level 1:colcon.colcon_core.package_identification:_identify(src) by extensions ['ros']
[0.215s] Level 1:colcon.colcon_core.package_identification:_identify(src) by extension 'ros'
[0.215s] Level 1:colcon.colcon_core.package_identification:_identify(src) by extensions ['cmake', 'python']
[0.215s] Level 1:colcon.colcon_core.package_identification:_identify(src) by extension 'cmake'
[0.215s] Level 1:colcon.colcon_core.package_identification:_identify(src) by extension 'python'
[0.215s] Level 1:colcon.colcon_core.package_identification:_identify(src) by extensions ['python_setup_py']
[0.215s] Level 1:colcon.colcon_core.package_identification:_identify(src) by extension 'python_setup_py'
[0.215s] Level 1:colcon.colcon_core.package_identification:_identify(src/my_publisher) by extensions ['ignore', 'ignore_ament_install']
[0.215s] Level 1:colcon.colcon_core.package_identification:_identify(src/my_publisher) by extension 'ignore'
[0.215s] Level 1:colcon.colcon_core.package_identification:_identify(src/my_publisher) by extension 'ignore_ament_install'
[0.215s] Level 1:colcon.colcon_core.package_identification:_identify(src/my_publisher) by extensions ['colcon_pkg']
[0.215s] Level 1:colcon.colcon_core.package_identification:_identify(src/my_publisher) by extension 'colcon_pkg'
[0.215s] Level 1:colcon.colcon_core.package_identification:_identify(src/my_publisher) by extensions ['colcon_meta']
[0.215s] Level 1:colcon.colcon_core.package_identification:_identify(src/my_publisher) by extension 'colcon_meta'
[0.215s] Level 1:colcon.colcon_core.package_identification:_identify(src/my_publisher) by extensions ['ros']
[0.215s] Level 1:colcon.colcon_core.package_identification:_identify(src/my_publisher) by extension 'ros'
[0.217s] DEBUG:colcon.colcon_core.package_identification:Package 'src/my_publisher' with type 'ros.ament_python' and name 'my_publisher'
[0.217s] Level 1:colcon.colcon_core.package_discovery:discover_packages(recursive) using defaults
[0.217s] Level 1:colcon.colcon_core.package_discovery:discover_packages(ignore) discover
[0.217s] Level 1:colcon.colcon_core.package_discovery:discover_packages(ignore) using defaults
[0.217s] Level 1:colcon.colcon_core.package_discovery:discover_packages(path) discover
[0.217s] Level 1:colcon.colcon_core.package_discovery:discover_packages(path) using defaults
[0.240s] Level 1:colcon.colcon_core.package_discovery:discover_packages(prefix_path) check parameters
[0.240s] Level 1:colcon.colcon_core.package_discovery:discover_packages(prefix_path) discover
[0.242s] DEBUG:colcon.colcon_installed_package_information.package_discovery:Found 455 installed packages in /opt/ros/humble
[0.243s] Level 1:colcon.colcon_core.package_discovery:discover_packages(prefix_path) using defaults
[0.281s] Level 5:colcon.colcon_core.verb:set package 'my_publisher' build argument 'cmake_args' from command line to 'None'
[0.281s] Level 5:colcon.colcon_core.verb:set package 'my_publisher' build argument 'cmake_target' from command line to 'None'
[0.281s] Level 5:colcon.colcon_core.verb:set package 'my_publisher' build argument 'cmake_target_skip_unavailable' from command line to 'False'
[0.281s] Level 5:colcon.colcon_core.verb:set package 'my_publisher' build argument 'cmake_clean_cache' from command line to 'False'
[0.281s] Level 5:colcon.colcon_core.verb:set package 'my_publisher' build argument 'cmake_clean_first' from command line to 'False'
[0.281s] Level 5:colcon.colcon_core.verb:set package 'my_publisher' build argument 'cmake_force_configure' from command line to 'False'
[0.281s] Level 5:colcon.colcon_core.verb:set package 'my_publisher' build argument 'ament_cmake_args' from command line to 'None'
[0.281s] Level 5:colcon.colcon_core.verb:set package 'my_publisher' build argument 'catkin_cmake_args' from command line to 'None'
[0.281s] Level 5:colcon.colcon_core.verb:set package 'my_publisher' build argument 'catkin_skip_building_tests' from command line to 'False'
[0.281s] DEBUG:colcon.colcon_core.verb:Building package 'my_publisher' with the following arguments: {'ament_cmake_args': None, 'build_base': '/home/yasantha/tutorials/ros_tutorial/tutorial_07/build/my_publisher', 'catkin_cmake_args': None, 'catkin_skip_building_tests': False, 'cmake_args': None, 'cmake_clean_cache': False, 'cmake_clean_first': False, 'cmake_force_configure': False, 'cmake_target': None, 'cmake_target_skip_unavailable': False, 'install_base': '/home/yasantha/tutorials/ros_tutorial/tutorial_07/install/my_publisher', 'merge_install': False, 'path': '/home/yasantha/tutorials/ros_tutorial/tutorial_07/src/my_publisher', 'symlink_install': False, 'test_result_base': None}
[0.282s] INFO:colcon.colcon_core.executor:Executing jobs using 'parallel' executor
[0.282s] DEBUG:colcon.colcon_parallel_executor.executor.parallel:run_until_complete
[0.283s] INFO:colcon.colcon_ros.task.ament_python.build:Building ROS package in '/home/yasantha/tutorials/ros_tutorial/tutorial_07/src/my_publisher' with build type 'ament_python'
[0.283s] Level 1:colcon.colcon_core.shell:create_environment_hook('my_publisher', 'ament_prefix_path')
[0.284s] INFO:colcon.colcon_core.plugin_system:Skipping extension 'colcon_core.shell.bat': Not used on non-Windows systems
[0.284s] INFO:colcon.colcon_core.shell:Creating environment hook '/home/yasantha/tutorials/ros_tutorial/tutorial_07/install/my_publisher/share/my_publisher/hook/ament_prefix_path.ps1'
[0.284s] INFO:colcon.colcon_core.shell:Creating environment descriptor '/home/yasantha/tutorials/ros_tutorial/tutorial_07/install/my_publisher/share/my_publisher/hook/ament_prefix_path.dsv'
[0.285s] INFO:colcon.colcon_core.shell:Creating environment hook '/home/yasantha/tutorials/ros_tutorial/tutorial_07/install/my_publisher/share/my_publisher/hook/ament_prefix_path.sh'
[0.285s] INFO:colcon.colcon_core.shell:Skip shell extension 'powershell' for command environment: Not usable outside of PowerShell
[0.285s] DEBUG:colcon.colcon_core.shell:Skip shell extension 'dsv' for command environment
[0.473s] INFO:colcon.colcon_core.task.python.build:Building Python package in '/home/yasantha/tutorials/ros_tutorial/tutorial_07/src/my_publisher'
[0.474s] INFO:colcon.colcon_core.shell:Skip shell extension 'powershell' for command environment: Not usable outside of PowerShell
[0.474s] DEBUG:colcon.colcon_core.shell:Skip shell extension 'dsv' for command environment
[0.767s] DEBUG:colcon.colcon_core.event_handler.log_command:Invoking command in '/home/yasantha/tutorials/ros_tutorial/tutorial_07/src/my_publisher': PYTHONPATH=/home/yasantha/tutorials/ros_tutorial/tutorial_07/build/my_publisher/prefix_override:/home/yasantha/tutorials/ros_tutorial/tutorial_07/install/my_publisher/lib/python3.10/site-packages:${PYTHONPATH} /usr/bin/python3 -W ignore:setup.py install is deprecated setup.py egg_info --egg-base ../../build/my_publisher build --build-base /home/yasantha/tutorials/ros_tutorial/tutorial_07/build/my_publisher/build install --record /home/yasantha/tutorials/ros_tutorial/tutorial_07/build/my_publisher/install.log --single-version-externally-managed install_data
[0.976s] DEBUG:colcon.colcon_core.event_handler.log_command:Invoked command in '/home/yasantha/tutorials/ros_tutorial/tutorial_07/src/my_publisher' returned '0': PYTHONPATH=/home/yasantha/tutorials/ros_tutorial/tutorial_07/build/my_publisher/prefix_override:/home/yasantha/tutorials/ros_tutorial/tutorial_07/install/my_publisher/lib/python3.10/site-packages:${PYTHONPATH} /usr/bin/python3 -W ignore:setup.py install is deprecated setup.py egg_info --egg-base ../../build/my_publisher build --build-base /home/yasantha/tutorials/ros_tutorial/tutorial_07/build/my_publisher/build install --record /home/yasantha/tutorials/ros_tutorial/tutorial_07/build/my_publisher/install.log --single-version-externally-managed install_data
[0.977s] Level 1:colcon.colcon_core.environment:checking '/home/yasantha/tutorials/ros_tutorial/tutorial_07/install/my_publisher' for CMake module files
[0.978s] Level 1:colcon.colcon_core.environment:checking '/home/yasantha/tutorials/ros_tutorial/tutorial_07/install/my_publisher' for CMake config files
[0.978s] Level 1:colcon.colcon_core.environment:checking '/home/yasantha/tutorials/ros_tutorial/tutorial_07/install/my_publisher/lib'
[0.978s] Level 1:colcon.colcon_core.environment:checking '/home/yasantha/tutorials/ros_tutorial/tutorial_07/install/my_publisher/bin'
[0.978s] Level 1:colcon.colcon_core.environment:checking '/home/yasantha/tutorials/ros_tutorial/tutorial_07/install/my_publisher/lib/pkgconfig/my_publisher.pc'
[0.979s] Level 1:colcon.colcon_core.environment:checking '/home/yasantha/tutorials/ros_tutorial/tutorial_07/install/my_publisher/lib/python3.10/site-packages'
[0.979s] Level 1:colcon.colcon_core.shell:create_environment_hook('my_publisher', 'pythonpath')
[0.979s] INFO:colcon.colcon_core.shell:Creating environment hook '/home/yasantha/tutorials/ros_tutorial/tutorial_07/install/my_publisher/share/my_publisher/hook/pythonpath.ps1'
[0.979s] INFO:colcon.colcon_core.shell:Creating environment descriptor '/home/yasantha/tutorials/ros_tutorial/tutorial_07/install/my_publisher/share/my_publisher/hook/pythonpath.dsv'
[0.980s] INFO:colcon.colcon_core.shell:Creating environment hook '/home/yasantha/tutorials/ros_tutorial/tutorial_07/install/my_publisher/share/my_publisher/hook/pythonpath.sh'
[0.980s] Level 1:colcon.colcon_core.environment:checking '/home/yasantha/tutorials/ros_tutorial/tutorial_07/install/my_publisher/bin'
[0.980s] Level 1:colcon.colcon_core.environment:create_environment_scripts_only(my_publisher)
[0.980s] INFO:colcon.colcon_core.shell:Creating package script '/home/yasantha/tutorials/ros_tutorial/tutorial_07/install/my_publisher/share/my_publisher/package.ps1'
[0.981s] INFO:colcon.colcon_core.shell:Creating package descriptor '/home/yasantha/tutorials/ros_tutorial/tutorial_07/install/my_publisher/share/my_publisher/package.dsv'
[0.981s] INFO:colcon.colcon_core.shell:Creating package script '/home/yasantha/tutorials/ros_tutorial/tutorial_07/install/my_publisher/share/my_publisher/package.sh'
[0.982s] INFO:colcon.colcon_core.shell:Creating package script '/home/yasantha/tutorials/ros_tutorial/tutorial_07/install/my_publisher/share/my_publisher/package.bash'
[0.982s] INFO:colcon.colcon_core.shell:Creating package script '/home/yasantha/tutorials/ros_tutorial/tutorial_07/install/my_publisher/share/my_publisher/package.zsh'
[0.982s] Level 1:colcon.colcon_core.environment:create_file_with_runtime_dependencies(/home/yasantha/tutorials/ros_tutorial/tutorial_07/install/my_publisher/share/colcon-core/packages/my_publisher)
[0.983s] DEBUG:colcon.colcon_parallel_executor.executor.parallel:closing loop
[0.983s] DEBUG:colcon.colcon_parallel_executor.executor.parallel:loop closed
[0.983s] DEBUG:colcon.colcon_parallel_executor.executor.parallel:run_until_complete finished with '0'
[0.983s] DEBUG:colcon.colcon_core.event_reactor:joining thread
[0.986s] INFO:colcon.colcon_core.plugin_system:Skipping extension 'colcon_notification.desktop_notification.terminal_notifier': Not used on non-Darwin systems
[0.986s] INFO:colcon.colcon_core.plugin_system:Skipping extension 'colcon_notification.desktop_notification.win32': Not used on non-Windows systems
[0.986s] INFO:colcon.colcon_notification.desktop_notification:Sending desktop notification using 'notify2'
[0.994s] DEBUG:colcon.colcon_core.event_reactor:joined thread
[0.995s] INFO:colcon.colcon_core.shell:Creating prefix script '/home/yasantha/tutorials/ros_tutorial/tutorial_07/install/local_setup.ps1'
[0.996s] INFO:colcon.colcon_core.shell:Creating prefix util module '/home/yasantha/tutorials/ros_tutorial/tutorial_07/install/_local_setup_util_ps1.py'
[0.997s] INFO:colcon.colcon_core.shell:Creating prefix chain script '/home/yasantha/tutorials/ros_tutorial/tutorial_07/install/setup.ps1'
[0.998s] INFO:colcon.colcon_core.shell:Creating prefix script '/home/yasantha/tutorials/ros_tutorial/tutorial_07/install/local_setup.sh'
[0.998s] INFO:colcon.colcon_core.shell:Creating prefix util module '/home/yasantha/tutorials/ros_tutorial/tutorial_07/install/_local_setup_util_sh.py'
[0.998s] INFO:colcon.colcon_core.shell:Creating prefix chain script '/home/yasantha/tutorials/ros_tutorial/tutorial_07/install/setup.sh'
[0.999s] INFO:colcon.colcon_core.shell:Creating prefix script '/home/yasantha/tutorials/ros_tutorial/tutorial_07/install/local_setup.bash'
[0.999s] INFO:colcon.colcon_core.shell:Creating prefix chain script '/home/yasantha/tutorials/ros_tutorial/tutorial_07/install/setup.bash'
[1.000s] INFO:colcon.colcon_core.shell:Creating prefix script '/home/yasantha/tutorials/ros_tutorial/tutorial_07/install/local_setup.zsh'
[1.000s] INFO:colcon.colcon_core.shell:Creating prefix chain script '/home/yasantha/tutorials/ros_tutorial/tutorial_07/install/setup.zsh'
