[0.428s] Invoking command in '/home/yasantha/tutorials/ros_tutorial/lab_07/src/sim_robot': PYTHONPATH=/home/yasantha/tutorials/ros_tutorial/lab_07/src/build/sim_robot/prefix_override:/home/yasantha/tutorials/ros_tutorial/lab_07/src/install/sim_robot/lib/python3.10/site-packages:${PYTHONPATH} /usr/bin/python3 -W ignore:setup.py install is deprecated setup.py egg_info --egg-base ../build/sim_robot build --build-base /home/yasantha/tutorials/ros_tutorial/lab_07/src/build/sim_robot/build install --record /home/yasantha/tutorials/ros_tutorial/lab_07/src/build/sim_robot/install.log --single-version-externally-managed install_data
[0.584s] running egg_info
[0.584s] writing ../build/sim_robot/sim_robot.egg-info/PKG-INFO
[0.584s] writing dependency_links to ../build/sim_robot/sim_robot.egg-info/dependency_links.txt
[0.584s] writing entry points to ../build/sim_robot/sim_robot.egg-info/entry_points.txt
[0.585s] writing requirements to ../build/sim_robot/sim_robot.egg-info/requires.txt
[0.585s] writing top-level names to ../build/sim_robot/sim_robot.egg-info/top_level.txt
[0.587s] reading manifest file '../build/sim_robot/sim_robot.egg-info/SOURCES.txt'
[0.587s] adding license file 'LICENSE'
[0.588s] writing manifest file '../build/sim_robot/sim_robot.egg-info/SOURCES.txt'
[0.588s] running build
[0.588s] running build_py
[0.588s] running install
[0.588s] running install_lib
[0.589s] running install_data
[0.589s] copying worlds/my_world.wbt -> /home/yasantha/tutorials/ros_tutorial/lab_07/src/install/sim_robot/share/sim_robot/worlds
[0.589s] running install_egg_info
[0.590s] removing '/home/yasantha/tutorials/ros_tutorial/lab_07/src/install/sim_robot/lib/python3.10/site-packages/sim_robot-0.0.0-py3.10.egg-info' (and everything under it)
[0.590s] Copying ../build/sim_robot/sim_robot.egg-info to /home/yasantha/tutorials/ros_tutorial/lab_07/src/install/sim_robot/lib/python3.10/site-packages/sim_robot-0.0.0-py3.10.egg-info
[0.591s] running install_scripts
[0.604s] Installing my_robot_driver script to /home/yasantha/tutorials/ros_tutorial/lab_07/src/install/sim_robot/lib/sim_robot
[0.604s] writing list of installed files to '/home/yasantha/tutorials/ros_tutorial/lab_07/src/build/sim_robot/install.log'
[0.619s] Invoked command in '/home/yasantha/tutorials/ros_tutorial/lab_07/src/sim_robot' returned '0': PYTHONPATH=/home/yasantha/tutorials/ros_tutorial/lab_07/src/build/sim_robot/prefix_override:/home/yasantha/tutorials/ros_tutorial/lab_07/src/install/sim_robot/lib/python3.10/site-packages:${PYTHONPATH} /usr/bin/python3 -W ignore:setup.py install is deprecated setup.py egg_info --egg-base ../build/sim_robot build --build-base /home/yasantha/tutorials/ros_tutorial/lab_07/src/build/sim_robot/build install --record /home/yasantha/tutorials/ros_tutorial/lab_07/src/build/sim_robot/install.log --single-version-externally-managed install_data
