[0.485s] Invoking command in '/home/yasantha/tutorials/ros_tutorial/tutorial_07/src/my_publisher': PYTHONPATH=/home/yasantha/tutorials/ros_tutorial/tutorial_07/build/my_publisher/prefix_override:/home/yasantha/tutorials/ros_tutorial/tutorial_07/install/my_publisher/lib/python3.10/site-packages:${PYTHONPATH} /usr/bin/python3 -W ignore:setup.py install is deprecated setup.py egg_info --egg-base ../../build/my_publisher build --build-base /home/yasantha/tutorials/ros_tutorial/tutorial_07/build/my_publisher/build install --record /home/yasantha/tutorials/ros_tutorial/tutorial_07/build/my_publisher/install.log --single-version-externally-managed install_data
[0.654s] running egg_info
[0.655s] writing ../../build/my_publisher/my_publisher.egg-info/PKG-INFO
[0.655s] writing dependency_links to ../../build/my_publisher/my_publisher.egg-info/dependency_links.txt
[0.655s] writing entry points to ../../build/my_publisher/my_publisher.egg-info/entry_points.txt
[0.655s] writing requirements to ../../build/my_publisher/my_publisher.egg-info/requires.txt
[0.655s] writing top-level names to ../../build/my_publisher/my_publisher.egg-info/top_level.txt
[0.657s] reading manifest file '../../build/my_publisher/my_publisher.egg-info/SOURCES.txt'
[0.658s] writing manifest file '../../build/my_publisher/my_publisher.egg-info/SOURCES.txt'
[0.658s] running build
[0.658s] running build_py
[0.658s] copying my_publisher/__init__.py -> /home/yasantha/tutorials/ros_tutorial/tutorial_07/build/my_publisher/build/lib/my_publisher
[0.658s] copying my_publisher/draw_circle.py -> /home/yasantha/tutorials/ros_tutorial/tutorial_07/build/my_publisher/build/lib/my_publisher
[0.658s] running install
[0.658s] running install_lib
[0.659s] copying /home/yasantha/tutorials/ros_tutorial/tutorial_07/build/my_publisher/build/lib/my_publisher/__init__.py -> /home/yasantha/tutorials/ros_tutorial/tutorial_07/install/my_publisher/lib/python3.10/site-packages/my_publisher
[0.659s] copying /home/yasantha/tutorials/ros_tutorial/tutorial_07/build/my_publisher/build/lib/my_publisher/draw_circle.py -> /home/yasantha/tutorials/ros_tutorial/tutorial_07/install/my_publisher/lib/python3.10/site-packages/my_publisher
[0.659s] byte-compiling /home/yasantha/tutorials/ros_tutorial/tutorial_07/install/my_publisher/lib/python3.10/site-packages/my_publisher/__init__.py to __init__.cpython-310.pyc
[0.659s] byte-compiling /home/yasantha/tutorials/ros_tutorial/tutorial_07/install/my_publisher/lib/python3.10/site-packages/my_publisher/draw_circle.py to draw_circle.cpython-310.pyc
[0.660s] running install_data
[0.660s] copying resource/my_publisher -> /home/yasantha/tutorials/ros_tutorial/tutorial_07/install/my_publisher/share/ament_index/resource_index/packages
[0.660s] copying package.xml -> /home/yasantha/tutorials/ros_tutorial/tutorial_07/install/my_publisher/share/my_publisher
[0.660s] running install_egg_info
[0.661s] removing '/home/yasantha/tutorials/ros_tutorial/tutorial_07/install/my_publisher/lib/python3.10/site-packages/my_publisher-0.0.0-py3.10.egg-info' (and everything under it)
[0.661s] Copying ../../build/my_publisher/my_publisher.egg-info to /home/yasantha/tutorials/ros_tutorial/tutorial_07/install/my_publisher/lib/python3.10/site-packages/my_publisher-0.0.0-py3.10.egg-info
[0.662s] running install_scripts
[0.676s] Installing my_publisher script to /home/yasantha/tutorials/ros_tutorial/tutorial_07/install/my_publisher/lib/my_publisher
[0.676s] writing list of installed files to '/home/yasantha/tutorials/ros_tutorial/tutorial_07/build/my_publisher/install.log'
[0.693s] Invoked command in '/home/yasantha/tutorials/ros_tutorial/tutorial_07/src/my_publisher' returned '0': PYTHONPATH=/home/yasantha/tutorials/ros_tutorial/tutorial_07/build/my_publisher/prefix_override:/home/yasantha/tutorials/ros_tutorial/tutorial_07/install/my_publisher/lib/python3.10/site-packages:${PYTHONPATH} /usr/bin/python3 -W ignore:setup.py install is deprecated setup.py egg_info --egg-base ../../build/my_publisher build --build-base /home/yasantha/tutorials/ros_tutorial/tutorial_07/build/my_publisher/build install --record /home/yasantha/tutorials/ros_tutorial/tutorial_07/build/my_publisher/install.log --single-version-externally-managed install_data
