[0.596s] Invoking command in '/home/yasantha/tutorials/ros_tutorial/lab_04/broadcaster_listener': PYTHONPATH=/home/yasantha/tutorials/ros_tutorial/lab_04/broadcaster_listener/build/broadcaster_listener/prefix_override:/home/yasantha/tutorials/ros_tutorial/lab_04/broadcaster_listener/install/broadcaster_listener/lib/python3.10/site-packages:${PYTHONPATH} /usr/bin/python3 setup.py egg_info --egg-base build/broadcaster_listener build --build-base /home/yasantha/tutorials/ros_tutorial/lab_04/broadcaster_listener/build/broadcaster_listener/build install --record /home/yasantha/tutorials/ros_tutorial/lab_04/broadcaster_listener/build/broadcaster_listener/install.log --single-version-externally-managed
[0.766s] running egg_info
[0.766s] writing build/broadcaster_listener/broadcaster_listener.egg-info/PKG-INFO
[0.767s] writing dependency_links to build/broadcaster_listener/broadcaster_listener.egg-info/dependency_links.txt
[0.767s] writing entry points to build/broadcaster_listener/broadcaster_listener.egg-info/entry_points.txt
[0.767s] writing requirements to build/broadcaster_listener/broadcaster_listener.egg-info/requires.txt
[0.767s] writing top-level names to build/broadcaster_listener/broadcaster_listener.egg-info/top_level.txt
[0.769s] reading manifest file 'build/broadcaster_listener/broadcaster_listener.egg-info/SOURCES.txt'
[0.769s] adding license file 'LICENSE'
[0.769s] writing manifest file 'build/broadcaster_listener/broadcaster_listener.egg-info/SOURCES.txt'
[0.770s] running build
[0.770s] running build_py
[0.770s] copying broadcaster_listener/turtle_tf2_listener.py -> /home/yasantha/tutorials/ros_tutorial/lab_04/broadcaster_listener/build/broadcaster_listener/build/lib/broadcaster_listener
[0.770s] running install
[0.770s] /usr/lib/python3/dist-packages/setuptools/command/install.py:34: SetuptoolsDeprecationWarning: setup.py install is deprecated. Use build and pip and other standards-based tools.
[0.770s]   warnings.warn(
[0.770s] running install_lib
[0.770s] copying /home/yasantha/tutorials/ros_tutorial/lab_04/broadcaster_listener/build/broadcaster_listener/build/lib/broadcaster_listener/turtle_tf2_listener.py -> /home/yasantha/tutorials/ros_tutorial/lab_04/broadcaster_listener/install/broadcaster_listener/lib/python3.10/site-packages/broadcaster_listener
[0.771s] byte-compiling /home/yasantha/tutorials/ros_tutorial/lab_04/broadcaster_listener/install/broadcaster_listener/lib/python3.10/site-packages/broadcaster_listener/turtle_tf2_listener.py to turtle_tf2_listener.cpython-310.pyc
[0.771s] running install_data
[0.772s] running install_egg_info
[0.773s] removing '/home/yasantha/tutorials/ros_tutorial/lab_04/broadcaster_listener/install/broadcaster_listener/lib/python3.10/site-packages/broadcaster_listener-0.0.0-py3.10.egg-info' (and everything under it)
[0.773s] Copying build/broadcaster_listener/broadcaster_listener.egg-info to /home/yasantha/tutorials/ros_tutorial/lab_04/broadcaster_listener/install/broadcaster_listener/lib/python3.10/site-packages/broadcaster_listener-0.0.0-py3.10.egg-info
[0.774s] running install_scripts
[0.788s] Installing dynamic_frame_tf2_broadcaster script to /home/yasantha/tutorials/ros_tutorial/lab_04/broadcaster_listener/install/broadcaster_listener/lib/broadcaster_listener
[0.788s] Installing fixed_frame_tf2_broadcaster script to /home/yasantha/tutorials/ros_tutorial/lab_04/broadcaster_listener/install/broadcaster_listener/lib/broadcaster_listener
[0.788s] Installing turtle_tf2_broadcaster script to /home/yasantha/tutorials/ros_tutorial/lab_04/broadcaster_listener/install/broadcaster_listener/lib/broadcaster_listener
[0.788s] Installing turtle_tf2_listener script to /home/yasantha/tutorials/ros_tutorial/lab_04/broadcaster_listener/install/broadcaster_listener/lib/broadcaster_listener
[0.788s] writing list of installed files to '/home/yasantha/tutorials/ros_tutorial/lab_04/broadcaster_listener/build/broadcaster_listener/install.log'
[0.806s] Invoked command in '/home/yasantha/tutorials/ros_tutorial/lab_04/broadcaster_listener' returned '0': PYTHONPATH=/home/yasantha/tutorials/ros_tutorial/lab_04/broadcaster_listener/build/broadcaster_listener/prefix_override:/home/yasantha/tutorials/ros_tutorial/lab_04/broadcaster_listener/install/broadcaster_listener/lib/python3.10/site-packages:${PYTHONPATH} /usr/bin/python3 setup.py egg_info --egg-base build/broadcaster_listener build --build-base /home/yasantha/tutorials/ros_tutorial/lab_04/broadcaster_listener/build/broadcaster_listener/build install --record /home/yasantha/tutorials/ros_tutorial/lab_04/broadcaster_listener/build/broadcaster_listener/install.log --single-version-externally-managed
