[0.684s] Invoking command in '/home/yasantha/tutorials/ros_tutorial/lab_04/broadcaster_listener': PYTHONPATH=/home/yasantha/tutorials/ros_tutorial/lab_04/broadcaster_listener/build/broadcaster_listener/prefix_override:/home/yasantha/tutorials/ros_tutorial/lab_04/broadcaster_listener/install/broadcaster_listener/lib/python3.10/site-packages:${PYTHONPATH} /usr/bin/python3 setup.py egg_info --egg-base build/broadcaster_listener build --build-base /home/yasantha/tutorials/ros_tutorial/lab_04/broadcaster_listener/build/broadcaster_listener/build install --record /home/yasantha/tutorials/ros_tutorial/lab_04/broadcaster_listener/build/broadcaster_listener/install.log --single-version-externally-managed
[0.873s] running egg_info
[0.873s] creating build/broadcaster_listener/broadcaster_listener.egg-info
[0.873s] writing build/broadcaster_listener/broadcaster_listener.egg-info/PKG-INFO
[0.873s] writing dependency_links to build/broadcaster_listener/broadcaster_listener.egg-info/dependency_links.txt
[0.873s] writing entry points to build/broadcaster_listener/broadcaster_listener.egg-info/entry_points.txt
[0.873s] writing requirements to build/broadcaster_listener/broadcaster_listener.egg-info/requires.txt
[0.873s] writing top-level names to build/broadcaster_listener/broadcaster_listener.egg-info/top_level.txt
[0.876s] writing manifest file 'build/broadcaster_listener/broadcaster_listener.egg-info/SOURCES.txt'
[0.877s] reading manifest file 'build/broadcaster_listener/broadcaster_listener.egg-info/SOURCES.txt'
[0.877s] adding license file 'LICENSE'
[0.878s] writing manifest file 'build/broadcaster_listener/broadcaster_listener.egg-info/SOURCES.txt'
[0.878s] running build
[0.878s] running build_py
[0.878s] creating /home/yasantha/tutorials/ros_tutorial/lab_04/broadcaster_listener/build/broadcaster_listener/build
[0.878s] creating /home/yasantha/tutorials/ros_tutorial/lab_04/broadcaster_listener/build/broadcaster_listener/build/lib
[0.878s] creating /home/yasantha/tutorials/ros_tutorial/lab_04/broadcaster_listener/build/broadcaster_listener/build/lib/broadcaster_listener
[0.878s] copying broadcaster_listener/turtle_tf2_broadcaster.py -> /home/yasantha/tutorials/ros_tutorial/lab_04/broadcaster_listener/build/broadcaster_listener/build/lib/broadcaster_listener
[0.878s] copying broadcaster_listener/__init__.py -> /home/yasantha/tutorials/ros_tutorial/lab_04/broadcaster_listener/build/broadcaster_listener/build/lib/broadcaster_listener
[0.878s] copying broadcaster_listener/dynamic_frame_tf2_broadcaster.py -> /home/yasantha/tutorials/ros_tutorial/lab_04/broadcaster_listener/build/broadcaster_listener/build/lib/broadcaster_listener
[0.878s] copying broadcaster_listener/turtle_tf2_listener.py -> /home/yasantha/tutorials/ros_tutorial/lab_04/broadcaster_listener/build/broadcaster_listener/build/lib/broadcaster_listener
[0.878s] copying broadcaster_listener/fixed_frame_tf2_broadcaster.py -> /home/yasantha/tutorials/ros_tutorial/lab_04/broadcaster_listener/build/broadcaster_listener/build/lib/broadcaster_listener
[0.878s] running install
[0.879s] /usr/lib/python3/dist-packages/setuptools/command/install.py:34: SetuptoolsDeprecationWarning: setup.py install is deprecated. Use build and pip and other standards-based tools.
[0.879s]   warnings.warn(
[0.879s] running install_lib
[0.880s] creating /home/yasantha/tutorials/ros_tutorial/lab_04/broadcaster_listener/install/broadcaster_listener/lib/python3.10/site-packages/broadcaster_listener
[0.880s] copying /home/yasantha/tutorials/ros_tutorial/lab_04/broadcaster_listener/build/broadcaster_listener/build/lib/broadcaster_listener/turtle_tf2_broadcaster.py -> /home/yasantha/tutorials/ros_tutorial/lab_04/broadcaster_listener/install/broadcaster_listener/lib/python3.10/site-packages/broadcaster_listener
[0.880s] copying /home/yasantha/tutorials/ros_tutorial/lab_04/broadcaster_listener/build/broadcaster_listener/build/lib/broadcaster_listener/__init__.py -> /home/yasantha/tutorials/ros_tutorial/lab_04/broadcaster_listener/install/broadcaster_listener/lib/python3.10/site-packages/broadcaster_listener
[0.880s] copying /home/yasantha/tutorials/ros_tutorial/lab_04/broadcaster_listener/build/broadcaster_listener/build/lib/broadcaster_listener/dynamic_frame_tf2_broadcaster.py -> /home/yasantha/tutorials/ros_tutorial/lab_04/broadcaster_listener/install/broadcaster_listener/lib/python3.10/site-packages/broadcaster_listener
[0.880s] copying /home/yasantha/tutorials/ros_tutorial/lab_04/broadcaster_listener/build/broadcaster_listener/build/lib/broadcaster_listener/turtle_tf2_listener.py -> /home/yasantha/tutorials/ros_tutorial/lab_04/broadcaster_listener/install/broadcaster_listener/lib/python3.10/site-packages/broadcaster_listener
[0.880s] copying /home/yasantha/tutorials/ros_tutorial/lab_04/broadcaster_listener/build/broadcaster_listener/build/lib/broadcaster_listener/fixed_frame_tf2_broadcaster.py -> /home/yasantha/tutorials/ros_tutorial/lab_04/broadcaster_listener/install/broadcaster_listener/lib/python3.10/site-packages/broadcaster_listener
[0.880s] byte-compiling /home/yasantha/tutorials/ros_tutorial/lab_04/broadcaster_listener/install/broadcaster_listener/lib/python3.10/site-packages/broadcaster_listener/turtle_tf2_broadcaster.py to turtle_tf2_broadcaster.cpython-310.pyc
[0.881s] byte-compiling /home/yasantha/tutorials/ros_tutorial/lab_04/broadcaster_listener/install/broadcaster_listener/lib/python3.10/site-packages/broadcaster_listener/__init__.py to __init__.cpython-310.pyc
[0.881s] byte-compiling /home/yasantha/tutorials/ros_tutorial/lab_04/broadcaster_listener/install/broadcaster_listener/lib/python3.10/site-packages/broadcaster_listener/dynamic_frame_tf2_broadcaster.py to dynamic_frame_tf2_broadcaster.cpython-310.pyc
[0.881s] byte-compiling /home/yasantha/tutorials/ros_tutorial/lab_04/broadcaster_listener/install/broadcaster_listener/lib/python3.10/site-packages/broadcaster_listener/turtle_tf2_listener.py to turtle_tf2_listener.cpython-310.pyc
[0.882s] byte-compiling /home/yasantha/tutorials/ros_tutorial/lab_04/broadcaster_listener/install/broadcaster_listener/lib/python3.10/site-packages/broadcaster_listener/fixed_frame_tf2_broadcaster.py to fixed_frame_tf2_broadcaster.cpython-310.pyc
[0.882s] running install_data
[0.882s] creating /home/yasantha/tutorials/ros_tutorial/lab_04/broadcaster_listener/install/broadcaster_listener/share/ament_index
[0.882s] creating /home/yasantha/tutorials/ros_tutorial/lab_04/broadcaster_listener/install/broadcaster_listener/share/ament_index/resource_index
[0.882s] creating /home/yasantha/tutorials/ros_tutorial/lab_04/broadcaster_listener/install/broadcaster_listener/share/ament_index/resource_index/packages
[0.882s] copying resource/broadcaster_listener -> /home/yasantha/tutorials/ros_tutorial/lab_04/broadcaster_listener/install/broadcaster_listener/share/ament_index/resource_index/packages
[0.882s] copying package.xml -> /home/yasantha/tutorials/ros_tutorial/lab_04/broadcaster_listener/install/broadcaster_listener/share/broadcaster_listener
[0.882s] creating /home/yasantha/tutorials/ros_tutorial/lab_04/broadcaster_listener/install/broadcaster_listener/share/broadcaster_listener/launch
[0.882s] copying launch/turtle_tf2_demo.launch.py -> /home/yasantha/tutorials/ros_tutorial/lab_04/broadcaster_listener/install/broadcaster_listener/share/broadcaster_listener/launch
[0.882s] copying launch/turtle_tf2_fixed_frame_demo.launch.py -> /home/yasantha/tutorials/ros_tutorial/lab_04/broadcaster_listener/install/broadcaster_listener/share/broadcaster_listener/launch
[0.882s] copying launch/turtle_tf2_dynamic_frame_demo.launch.py -> /home/yasantha/tutorials/ros_tutorial/lab_04/broadcaster_listener/install/broadcaster_listener/share/broadcaster_listener/launch
[0.882s] running install_egg_info
[0.883s] Copying build/broadcaster_listener/broadcaster_listener.egg-info to /home/yasantha/tutorials/ros_tutorial/lab_04/broadcaster_listener/install/broadcaster_listener/lib/python3.10/site-packages/broadcaster_listener-0.0.0-py3.10.egg-info
[0.884s] running install_scripts
[0.898s] Installing dynamic_frame_tf2_broadcaster script to /home/yasantha/tutorials/ros_tutorial/lab_04/broadcaster_listener/install/broadcaster_listener/lib/broadcaster_listener
[0.898s] Installing fixed_frame_tf2_broadcaster script to /home/yasantha/tutorials/ros_tutorial/lab_04/broadcaster_listener/install/broadcaster_listener/lib/broadcaster_listener
[0.898s] Installing turtle_tf2_broadcaster script to /home/yasantha/tutorials/ros_tutorial/lab_04/broadcaster_listener/install/broadcaster_listener/lib/broadcaster_listener
[0.898s] Installing turtle_tf2_listener script to /home/yasantha/tutorials/ros_tutorial/lab_04/broadcaster_listener/install/broadcaster_listener/lib/broadcaster_listener
[0.899s] writing list of installed files to '/home/yasantha/tutorials/ros_tutorial/lab_04/broadcaster_listener/build/broadcaster_listener/install.log'
[0.915s] Invoked command in '/home/yasantha/tutorials/ros_tutorial/lab_04/broadcaster_listener' returned '0': PYTHONPATH=/home/yasantha/tutorials/ros_tutorial/lab_04/broadcaster_listener/build/broadcaster_listener/prefix_override:/home/yasantha/tutorials/ros_tutorial/lab_04/broadcaster_listener/install/broadcaster_listener/lib/python3.10/site-packages:${PYTHONPATH} /usr/bin/python3 setup.py egg_info --egg-base build/broadcaster_listener build --build-base /home/yasantha/tutorials/ros_tutorial/lab_04/broadcaster_listener/build/broadcaster_listener/build install --record /home/yasantha/tutorials/ros_tutorial/lab_04/broadcaster_listener/build/broadcaster_listener/install.log --single-version-externally-managed
