running egg_info
writing ../../build/my_turtle_controller/my_turtle_controller.egg-info/PKG-INFO
writing dependency_links to ../../build/my_turtle_controller/my_turtle_controller.egg-info/dependency_links.txt
writing entry points to ../../build/my_turtle_controller/my_turtle_controller.egg-info/entry_points.txt
writing requirements to ../../build/my_turtle_controller/my_turtle_controller.egg-info/requires.txt
writing top-level names to ../../build/my_turtle_controller/my_turtle_controller.egg-info/top_level.txt
reading manifest file '../../build/my_turtle_controller/my_turtle_controller.egg-info/SOURCES.txt'
writing manifest file '../../build/my_turtle_controller/my_turtle_controller.egg-info/SOURCES.txt'
running build
running build_py
copying my_turtle_controller/turtle_controller.py -> /home/yasantha/tutorials/ros_tutorial/tutorial_09/build/my_turtle_controller/build/lib/my_turtle_controller
running install
running install_lib
copying /home/yasantha/tutorials/ros_tutorial/tutorial_09/build/my_turtle_controller/build/lib/my_turtle_controller/turtle_controller.py -> /home/yasantha/tutorials/ros_tutorial/tutorial_09/install/my_turtle_controller/lib/python3.10/site-packages/my_turtle_controller
byte-compiling /home/yasantha/tutorials/ros_tutorial/tutorial_09/install/my_turtle_controller/lib/python3.10/site-packages/my_turtle_controller/turtle_controller.py to turtle_controller.cpython-310.pyc
running install_data
running install_egg_info
removing '/home/yasantha/tutorials/ros_tutorial/tutorial_09/install/my_turtle_controller/lib/python3.10/site-packages/my_turtle_controller-0.0.0-py3.10.egg-info' (and everything under it)
Copying ../../build/my_turtle_controller/my_turtle_controller.egg-info to /home/yasantha/tutorials/ros_tutorial/tutorial_09/install/my_turtle_controller/lib/python3.10/site-packages/my_turtle_controller-0.0.0-py3.10.egg-info
running install_scripts
Installing turtle_controller script to /home/yasantha/tutorials/ros_tutorial/tutorial_09/install/my_turtle_controller/lib/my_turtle_controller
writing list of installed files to '/home/yasantha/tutorials/ros_tutorial/tutorial_09/build/my_turtle_controller/install.log'
