[1.837s] DEBUG:colcon:Command line arguments: ['/usr/bin/colcon', 'build']
[1.837s] DEBUG:colcon:Parsed command line arguments: Namespace(log_base=None, log_level=None, verb_name='build', build_base='build', install_base='install', merge_install=False, symlink_install=False, test_result_base=None, continue_on_error=False, executor='parallel', parallel_workers=8, event_handlers=None, ignore_user_meta=False, metas=['./colcon.meta'], base_paths=['.'], packages_ignore=None, packages_ignore_regex=None, paths=None, packages_up_to=None, packages_up_to_regex=None, packages_above=None, packages_above_and_dependencies=None, packages_above_depth=None, packages_select_by_dep=None, packages_skip_by_dep=None, packages_skip_up_to=None, packages_select_build_failed=False, packages_skip_build_finished=False, packages_select_test_failures=False, packages_skip_test_passed=False, packages_select=None, packages_skip=None, packages_select_regex=None, packages_skip_regex=None, packages_start=None, packages_end=None, allow_overriding=[], cmake_args=None, cmake_target=None, cmake_target_skip_unavailable=False, cmake_clean_cache=False, cmake_clean_first=False, cmake_force_configure=False, ament_cmake_args=None, catkin_cmake_args=None, catkin_skip_building_tests=False, verb_parser=<colcon_defaults.argument_parser.defaults.DefaultArgumentsDecorator object at 0x7f20b5e82b90>, verb_extension=<colcon_core.verb.build.BuildVerb object at 0x7f20b5e4e3e0>, main=<bound method BuildVerb.main of <colcon_core.verb.build.BuildVerb object at 0x7f20b5e4e3e0>>)
[1.924s] Level 1:colcon.colcon_core.package_discovery:discover_packages(colcon_meta) check parameters
[1.924s] Level 1:colcon.colcon_core.package_discovery:discover_packages(recursive) check parameters
[1.925s] Level 1:colcon.colcon_core.package_discovery:discover_packages(ignore) check parameters
[1.925s] Level 1:colcon.colcon_core.package_discovery:discover_packages(path) check parameters
[1.925s] Level 1:colcon.colcon_core.package_discovery:discover_packages(colcon_meta) discover
[1.925s] Level 1:colcon.colcon_core.package_discovery:discover_packages(recursive) discover
[1.925s] INFO:colcon.colcon_core.package_discovery:Crawling recursively for packages in '/home/yasantha/tutorials/ros_tutorial/lab_01/broadcaster_listener'
[1.925s] Level 1:colcon.colcon_core.package_identification:_identify(.) by extensions ['ignore', 'ignore_ament_install']
[1.925s] Level 1:colcon.colcon_core.package_identification:_identify(.) by extension 'ignore'
[1.925s] Level 1:colcon.colcon_core.package_identification:_identify(.) by extension 'ignore_ament_install'
[1.925s] Level 1:colcon.colcon_core.package_identification:_identify(.) by extensions ['colcon_pkg']
[1.925s] Level 1:colcon.colcon_core.package_identification:_identify(.) by extension 'colcon_pkg'
[1.926s] Level 1:colcon.colcon_core.package_identification:_identify(.) by extensions ['colcon_meta']
[1.926s] Level 1:colcon.colcon_core.package_identification:_identify(.) by extension 'colcon_meta'
[1.926s] Level 1:colcon.colcon_core.package_identification:_identify(.) by extensions ['ros']
[1.926s] Level 1:colcon.colcon_core.package_identification:_identify(.) by extension 'ros'
[1.955s] DEBUG:colcon.colcon_core.package_identification:Package '.' with type 'ros.ament_python' and name 'broadcaster_listener'
[1.955s] Level 1:colcon.colcon_core.package_discovery:discover_packages(recursive) using defaults
[1.955s] Level 1:colcon.colcon_core.package_discovery:discover_packages(ignore) discover
[1.955s] Level 1:colcon.colcon_core.package_discovery:discover_packages(ignore) using defaults
[1.955s] Level 1:colcon.colcon_core.package_discovery:discover_packages(path) discover
[1.955s] Level 1:colcon.colcon_core.package_discovery:discover_packages(path) using defaults
[2.129s] Level 1:colcon.colcon_core.package_discovery:discover_packages(prefix_path) check parameters
[2.129s] Level 1:colcon.colcon_core.package_discovery:discover_packages(prefix_path) discover
[2.184s] DEBUG:colcon.colcon_installed_package_information.package_discovery:Found 281 installed packages in /opt/ros/iron
[2.187s] Level 1:colcon.colcon_core.package_discovery:discover_packages(prefix_path) using defaults
[2.334s] Level 5:colcon.colcon_core.verb:set package 'broadcaster_listener' build argument 'cmake_args' from command line to 'None'
[2.334s] Level 5:colcon.colcon_core.verb:set package 'broadcaster_listener' build argument 'cmake_target' from command line to 'None'
[2.334s] Level 5:colcon.colcon_core.verb:set package 'broadcaster_listener' build argument 'cmake_target_skip_unavailable' from command line to 'False'
[2.334s] Level 5:colcon.colcon_core.verb:set package 'broadcaster_listener' build argument 'cmake_clean_cache' from command line to 'False'
[2.335s] Level 5:colcon.colcon_core.verb:set package 'broadcaster_listener' build argument 'cmake_clean_first' from command line to 'False'
[2.335s] Level 5:colcon.colcon_core.verb:set package 'broadcaster_listener' build argument 'cmake_force_configure' from command line to 'False'
[2.335s] Level 5:colcon.colcon_core.verb:set package 'broadcaster_listener' build argument 'ament_cmake_args' from command line to 'None'
[2.335s] Level 5:colcon.colcon_core.verb:set package 'broadcaster_listener' build argument 'catkin_cmake_args' from command line to 'None'
[2.335s] Level 5:colcon.colcon_core.verb:set package 'broadcaster_listener' build argument 'catkin_skip_building_tests' from command line to 'False'
[2.335s] DEBUG:colcon.colcon_core.verb:Building package 'broadcaster_listener' with the following arguments: {'ament_cmake_args': None, 'build_base': '/home/yasantha/tutorials/ros_tutorial/lab_01/broadcaster_listener/build/broadcaster_listener', 'catkin_cmake_args': None, 'catkin_skip_building_tests': False, 'cmake_args': None, 'cmake_clean_cache': False, 'cmake_clean_first': False, 'cmake_force_configure': False, 'cmake_target': None, 'cmake_target_skip_unavailable': False, 'install_base': '/home/yasantha/tutorials/ros_tutorial/lab_01/broadcaster_listener/install/broadcaster_listener', 'merge_install': False, 'path': '/home/yasantha/tutorials/ros_tutorial/lab_01/broadcaster_listener', 'symlink_install': False, 'test_result_base': None}
[2.360s] INFO:colcon.colcon_core.executor:Executing jobs using 'parallel' executor
[2.386s] DEBUG:colcon.colcon_parallel_executor.executor.parallel:run_until_complete
[2.387s] INFO:colcon.colcon_ros.task.ament_python.build:Building ROS package in '/home/yasantha/tutorials/ros_tutorial/lab_01/broadcaster_listener' with build type 'ament_python'
[2.387s] Level 1:colcon.colcon_core.shell:create_environment_hook('broadcaster_listener', 'ament_prefix_path')
[2.420s] INFO:colcon.colcon_core.plugin_system:Skipping extension 'colcon_core.shell.bat': Not used on non-Windows systems
[2.421s] INFO:colcon.colcon_core.shell:Creating environment hook '/home/yasantha/tutorials/ros_tutorial/lab_01/broadcaster_listener/install/broadcaster_listener/share/broadcaster_listener/hook/ament_prefix_path.ps1'
[2.422s] INFO:colcon.colcon_core.shell:Creating environment descriptor '/home/yasantha/tutorials/ros_tutorial/lab_01/broadcaster_listener/install/broadcaster_listener/share/broadcaster_listener/hook/ament_prefix_path.dsv'
[2.423s] INFO:colcon.colcon_core.shell:Creating environment hook '/home/yasantha/tutorials/ros_tutorial/lab_01/broadcaster_listener/install/broadcaster_listener/share/broadcaster_listener/hook/ament_prefix_path.sh'
[2.470s] INFO:colcon.colcon_core.shell:Skip shell extension 'powershell' for command environment: Not usable outside of PowerShell
[2.470s] DEBUG:colcon.colcon_core.shell:Skip shell extension 'dsv' for command environment
[3.036s] INFO:colcon.colcon_core.task.python.build:Building Python package in '/home/yasantha/tutorials/ros_tutorial/lab_01/broadcaster_listener'
[3.077s] INFO:colcon.colcon_core.shell:Skip shell extension 'powershell' for command environment: Not usable outside of PowerShell
[3.077s] DEBUG:colcon.colcon_core.shell:Skip shell extension 'dsv' for command environment
[3.834s] DEBUG:colcon.colcon_core.event_handler.log_command:Invoking command in '/home/yasantha/tutorials/ros_tutorial/lab_01/broadcaster_listener': PS1=\[\e]0;\u@\h: \w\a\]${debian_chroot:+($debian_chroot)}\[\033[01;32m\]\u@\h\[\033[00m\]:\[\033[01;34m\]\w\[\033[00m\]\$ PYTHONPATH=/home/yasantha/tutorials/ros_tutorial/lab_01/broadcaster_listener/build/broadcaster_listener/prefix_override:/home/yasantha/tutorials/ros_tutorial/lab_01/broadcaster_listener/install/broadcaster_listener/lib/python3.10/site-packages:${PYTHONPATH} /usr/bin/python3 setup.py egg_info --egg-base build/broadcaster_listener build --build-base /home/yasantha/tutorials/ros_tutorial/lab_01/broadcaster_listener/build/broadcaster_listener/build install --record /home/yasantha/tutorials/ros_tutorial/lab_01/broadcaster_listener/build/broadcaster_listener/install.log --single-version-externally-managed
[4.395s] DEBUG:colcon.colcon_core.event_handler.log_command:Invoked command in '/home/yasantha/tutorials/ros_tutorial/lab_01/broadcaster_listener' returned '0': PS1=\[\e]0;\u@\h: \w\a\]${debian_chroot:+($debian_chroot)}\[\033[01;32m\]\u@\h\[\033[00m\]:\[\033[01;34m\]\w\[\033[00m\]\$ PYTHONPATH=/home/yasantha/tutorials/ros_tutorial/lab_01/broadcaster_listener/build/broadcaster_listener/prefix_override:/home/yasantha/tutorials/ros_tutorial/lab_01/broadcaster_listener/install/broadcaster_listener/lib/python3.10/site-packages:${PYTHONPATH} /usr/bin/python3 setup.py egg_info --egg-base build/broadcaster_listener build --build-base /home/yasantha/tutorials/ros_tutorial/lab_01/broadcaster_listener/build/broadcaster_listener/build install --record /home/yasantha/tutorials/ros_tutorial/lab_01/broadcaster_listener/build/broadcaster_listener/install.log --single-version-externally-managed
[4.429s] Level 1:colcon.colcon_core.environment:checking '/home/yasantha/tutorials/ros_tutorial/lab_01/broadcaster_listener/install/broadcaster_listener' for CMake module files
[4.430s] Level 1:colcon.colcon_core.environment:checking '/home/yasantha/tutorials/ros_tutorial/lab_01/broadcaster_listener/install/broadcaster_listener' for CMake config files
[4.431s] Level 1:colcon.colcon_core.environment:checking '/home/yasantha/tutorials/ros_tutorial/lab_01/broadcaster_listener/install/broadcaster_listener/lib'
[4.431s] Level 1:colcon.colcon_core.environment:checking '/home/yasantha/tutorials/ros_tutorial/lab_01/broadcaster_listener/install/broadcaster_listener/bin'
[4.431s] Level 1:colcon.colcon_core.environment:checking '/home/yasantha/tutorials/ros_tutorial/lab_01/broadcaster_listener/install/broadcaster_listener/lib/pkgconfig/broadcaster_listener.pc'
[4.432s] Level 1:colcon.colcon_core.environment:checking '/home/yasantha/tutorials/ros_tutorial/lab_01/broadcaster_listener/install/broadcaster_listener/lib/python3.10/site-packages'
[4.432s] Level 1:colcon.colcon_core.shell:create_environment_hook('broadcaster_listener', 'pythonpath')
[4.459s] INFO:colcon.colcon_core.shell:Creating environment hook '/home/yasantha/tutorials/ros_tutorial/lab_01/broadcaster_listener/install/broadcaster_listener/share/broadcaster_listener/hook/pythonpath.ps1'
[4.460s] INFO:colcon.colcon_core.shell:Creating environment descriptor '/home/yasantha/tutorials/ros_tutorial/lab_01/broadcaster_listener/install/broadcaster_listener/share/broadcaster_listener/hook/pythonpath.dsv'
[4.460s] INFO:colcon.colcon_core.shell:Creating environment hook '/home/yasantha/tutorials/ros_tutorial/lab_01/broadcaster_listener/install/broadcaster_listener/share/broadcaster_listener/hook/pythonpath.sh'
[4.461s] Level 1:colcon.colcon_core.environment:checking '/home/yasantha/tutorials/ros_tutorial/lab_01/broadcaster_listener/install/broadcaster_listener/bin'
[4.462s] Level 1:colcon.colcon_core.environment:create_environment_scripts_only(broadcaster_listener)
[4.489s] INFO:colcon.colcon_core.shell:Creating package script '/home/yasantha/tutorials/ros_tutorial/lab_01/broadcaster_listener/install/broadcaster_listener/share/broadcaster_listener/package.ps1'
[4.491s] INFO:colcon.colcon_core.shell:Creating package descriptor '/home/yasantha/tutorials/ros_tutorial/lab_01/broadcaster_listener/install/broadcaster_listener/share/broadcaster_listener/package.dsv'
[4.492s] INFO:colcon.colcon_core.shell:Creating package script '/home/yasantha/tutorials/ros_tutorial/lab_01/broadcaster_listener/install/broadcaster_listener/share/broadcaster_listener/package.sh'
[4.494s] INFO:colcon.colcon_core.shell:Creating package script '/home/yasantha/tutorials/ros_tutorial/lab_01/broadcaster_listener/install/broadcaster_listener/share/broadcaster_listener/package.bash'
[4.495s] INFO:colcon.colcon_core.shell:Creating package script '/home/yasantha/tutorials/ros_tutorial/lab_01/broadcaster_listener/install/broadcaster_listener/share/broadcaster_listener/package.zsh'
[4.496s] Level 1:colcon.colcon_core.environment:create_file_with_runtime_dependencies(/home/yasantha/tutorials/ros_tutorial/lab_01/broadcaster_listener/install/broadcaster_listener/share/colcon-core/packages/broadcaster_listener)
[4.497s] DEBUG:colcon.colcon_parallel_executor.executor.parallel:closing loop
[4.498s] DEBUG:colcon.colcon_parallel_executor.executor.parallel:loop closed
[4.498s] DEBUG:colcon.colcon_parallel_executor.executor.parallel:run_until_complete finished with '0'
[4.498s] DEBUG:colcon.colcon_core.event_reactor:joining thread
[4.537s] INFO:colcon.colcon_core.plugin_system:Skipping extension 'colcon_notification.desktop_notification.terminal_notifier': Not used on non-Darwin systems
[4.537s] INFO:colcon.colcon_core.plugin_system:Skipping extension 'colcon_notification.desktop_notification.win32': Not used on non-Windows systems
[4.537s] INFO:colcon.colcon_notification.desktop_notification:Sending desktop notification using 'notify2'
[4.561s] DEBUG:colcon.colcon_core.event_reactor:joined thread
[4.588s] INFO:colcon.colcon_core.shell:Creating prefix script '/home/yasantha/tutorials/ros_tutorial/lab_01/broadcaster_listener/install/local_setup.ps1'
[4.591s] INFO:colcon.colcon_core.shell:Creating prefix util module '/home/yasantha/tutorials/ros_tutorial/lab_01/broadcaster_listener/install/_local_setup_util_ps1.py'
[4.593s] INFO:colcon.colcon_core.shell:Creating prefix chain script '/home/yasantha/tutorials/ros_tutorial/lab_01/broadcaster_listener/install/setup.ps1'
[4.623s] INFO:colcon.colcon_core.shell:Creating prefix script '/home/yasantha/tutorials/ros_tutorial/lab_01/broadcaster_listener/install/local_setup.sh'
[4.624s] INFO:colcon.colcon_core.shell:Creating prefix util module '/home/yasantha/tutorials/ros_tutorial/lab_01/broadcaster_listener/install/_local_setup_util_sh.py'
[4.625s] INFO:colcon.colcon_core.shell:Creating prefix chain script '/home/yasantha/tutorials/ros_tutorial/lab_01/broadcaster_listener/install/setup.sh'
[4.654s] INFO:colcon.colcon_core.shell:Creating prefix script '/home/yasantha/tutorials/ros_tutorial/lab_01/broadcaster_listener/install/local_setup.bash'
[4.655s] INFO:colcon.colcon_core.shell:Creating prefix chain script '/home/yasantha/tutorials/ros_tutorial/lab_01/broadcaster_listener/install/setup.bash'
[4.685s] INFO:colcon.colcon_core.shell:Creating prefix script '/home/yasantha/tutorials/ros_tutorial/lab_01/broadcaster_listener/install/local_setup.zsh'
[4.686s] INFO:colcon.colcon_core.shell:Creating prefix chain script '/home/yasantha/tutorials/ros_tutorial/lab_01/broadcaster_listener/install/setup.zsh'
