[0.631s] DEBUG:colcon:Command line arguments: ['/usr/bin/colcon', 'build']
[0.631s] DEBUG:colcon:Parsed command line arguments: Namespace(log_base=None, log_level=None, verb_name='build', build_base='build', install_base='install', merge_install=False, symlink_install=False, test_result_base=None, continue_on_error=False, executor='parallel', parallel_workers=8, event_handlers=None, ignore_user_meta=False, metas=['./colcon.meta'], base_paths=['.'], packages_ignore=None, packages_ignore_regex=None, paths=None, packages_up_to=None, packages_up_to_regex=None, packages_above=None, packages_above_and_dependencies=None, packages_above_depth=None, packages_select_by_dep=None, packages_skip_by_dep=None, packages_skip_up_to=None, packages_select_build_failed=False, packages_skip_build_finished=False, packages_select_test_failures=False, packages_skip_test_passed=False, packages_select=None, packages_skip=None, packages_select_regex=None, packages_skip_regex=None, packages_start=None, packages_end=None, allow_overriding=[], cmake_args=None, cmake_target=None, cmake_target_skip_unavailable=False, cmake_clean_cache=False, cmake_clean_first=False, cmake_force_configure=False, ament_cmake_args=None, catkin_cmake_args=None, catkin_skip_building_tests=False, verb_parser=<colcon_defaults.argument_parser.defaults.DefaultArgumentsDecorator object at 0x7f842267b1c0>, verb_extension=<colcon_core.verb.build.BuildVerb object at 0x7f842267b5e0>, main=<bound method BuildVerb.main of <colcon_core.verb.build.BuildVerb object at 0x7f842267b5e0>>)
[0.668s] Level 1:colcon.colcon_core.package_discovery:discover_packages(colcon_meta) check parameters
[0.668s] Level 1:colcon.colcon_core.package_discovery:discover_packages(recursive) check parameters
[0.668s] Level 1:colcon.colcon_core.package_discovery:discover_packages(ignore) check parameters
[0.668s] Level 1:colcon.colcon_core.package_discovery:discover_packages(path) check parameters
[0.668s] Level 1:colcon.colcon_core.package_discovery:discover_packages(colcon_meta) discover
[0.668s] Level 1:colcon.colcon_core.package_discovery:discover_packages(recursive) discover
[0.668s] INFO:colcon.colcon_core.package_discovery:Crawling recursively for packages in '/home/yasantha/tutorials/ros_tutorial/lab_01/broadcaster_listener'
[0.668s] Level 1:colcon.colcon_core.package_identification:_identify(.) by extensions ['ignore', 'ignore_ament_install']
[0.668s] Level 1:colcon.colcon_core.package_identification:_identify(.) by extension 'ignore'
[0.668s] Level 1:colcon.colcon_core.package_identification:_identify(.) by extension 'ignore_ament_install'
[0.668s] Level 1:colcon.colcon_core.package_identification:_identify(.) by extensions ['colcon_pkg']
[0.668s] Level 1:colcon.colcon_core.package_identification:_identify(.) by extension 'colcon_pkg'
[0.668s] Level 1:colcon.colcon_core.package_identification:_identify(.) by extensions ['colcon_meta']
[0.668s] Level 1:colcon.colcon_core.package_identification:_identify(.) by extension 'colcon_meta'
[0.668s] Level 1:colcon.colcon_core.package_identification:_identify(.) by extensions ['ros']
[0.668s] Level 1:colcon.colcon_core.package_identification:_identify(.) by extension 'ros'
[0.677s] DEBUG:colcon.colcon_core.package_identification:Package '.' with type 'ros.ament_python' and name 'broadcaster_listener'
[0.677s] Level 1:colcon.colcon_core.package_discovery:discover_packages(recursive) using defaults
[0.677s] Level 1:colcon.colcon_core.package_discovery:discover_packages(ignore) discover
[0.677s] Level 1:colcon.colcon_core.package_discovery:discover_packages(ignore) using defaults
[0.677s] Level 1:colcon.colcon_core.package_discovery:discover_packages(path) discover
[0.677s] Level 1:colcon.colcon_core.package_discovery:discover_packages(path) using defaults
[0.738s] Level 1:colcon.colcon_core.package_discovery:discover_packages(prefix_path) check parameters
[0.738s] Level 1:colcon.colcon_core.package_discovery:discover_packages(prefix_path) discover
[0.756s] DEBUG:colcon.colcon_installed_package_information.package_discovery:Found 1 installed packages in /home/yasantha/tutorials/ros_tutorial/lab_01/broadcaster_listener/install
[0.765s] DEBUG:colcon.colcon_installed_package_information.package_discovery:Found 281 installed packages in /opt/ros/iron
[0.766s] Level 1:colcon.colcon_core.package_discovery:discover_packages(prefix_path) using defaults
[0.833s] Level 5:colcon.colcon_core.verb:set package 'broadcaster_listener' build argument 'cmake_args' from command line to 'None'
[0.833s] Level 5:colcon.colcon_core.verb:set package 'broadcaster_listener' build argument 'cmake_target' from command line to 'None'
[0.833s] Level 5:colcon.colcon_core.verb:set package 'broadcaster_listener' build argument 'cmake_target_skip_unavailable' from command line to 'False'
[0.833s] Level 5:colcon.colcon_core.verb:set package 'broadcaster_listener' build argument 'cmake_clean_cache' from command line to 'False'
[0.833s] Level 5:colcon.colcon_core.verb:set package 'broadcaster_listener' build argument 'cmake_clean_first' from command line to 'False'
[0.833s] Level 5:colcon.colcon_core.verb:set package 'broadcaster_listener' build argument 'cmake_force_configure' from command line to 'False'
[0.833s] Level 5:colcon.colcon_core.verb:set package 'broadcaster_listener' build argument 'ament_cmake_args' from command line to 'None'
[0.833s] Level 5:colcon.colcon_core.verb:set package 'broadcaster_listener' build argument 'catkin_cmake_args' from command line to 'None'
[0.833s] Level 5:colcon.colcon_core.verb:set package 'broadcaster_listener' build argument 'catkin_skip_building_tests' from command line to 'False'
[0.833s] DEBUG:colcon.colcon_core.verb:Building package 'broadcaster_listener' with the following arguments: {'ament_cmake_args': None, 'build_base': '/home/yasantha/tutorials/ros_tutorial/lab_01/broadcaster_listener/build/broadcaster_listener', 'catkin_cmake_args': None, 'catkin_skip_building_tests': False, 'cmake_args': None, 'cmake_clean_cache': False, 'cmake_clean_first': False, 'cmake_force_configure': False, 'cmake_target': None, 'cmake_target_skip_unavailable': False, 'install_base': '/home/yasantha/tutorials/ros_tutorial/lab_01/broadcaster_listener/install/broadcaster_listener', 'merge_install': False, 'path': '/home/yasantha/tutorials/ros_tutorial/lab_01/broadcaster_listener', 'symlink_install': False, 'test_result_base': None}
[0.842s] INFO:colcon.colcon_core.executor:Executing jobs using 'parallel' executor
[0.851s] DEBUG:colcon.colcon_parallel_executor.executor.parallel:run_until_complete
[0.851s] INFO:colcon.colcon_ros.task.ament_python.build:Building ROS package in '/home/yasantha/tutorials/ros_tutorial/lab_01/broadcaster_listener' with build type 'ament_python'
[0.851s] Level 1:colcon.colcon_core.shell:create_environment_hook('broadcaster_listener', 'ament_prefix_path')
[0.862s] INFO:colcon.colcon_core.plugin_system:Skipping extension 'colcon_core.shell.bat': Not used on non-Windows systems
[0.862s] INFO:colcon.colcon_core.shell:Creating environment hook '/home/yasantha/tutorials/ros_tutorial/lab_01/broadcaster_listener/install/broadcaster_listener/share/broadcaster_listener/hook/ament_prefix_path.ps1'
[0.863s] INFO:colcon.colcon_core.shell:Creating environment descriptor '/home/yasantha/tutorials/ros_tutorial/lab_01/broadcaster_listener/install/broadcaster_listener/share/broadcaster_listener/hook/ament_prefix_path.dsv'
[0.863s] INFO:colcon.colcon_core.shell:Creating environment hook '/home/yasantha/tutorials/ros_tutorial/lab_01/broadcaster_listener/install/broadcaster_listener/share/broadcaster_listener/hook/ament_prefix_path.sh'
[0.873s] INFO:colcon.colcon_core.shell:Skip shell extension 'powershell' for command environment: Not usable outside of PowerShell
[0.873s] DEBUG:colcon.colcon_core.shell:Skip shell extension 'dsv' for command environment
[1.052s] INFO:colcon.colcon_core.task.python.build:Building Python package in '/home/yasantha/tutorials/ros_tutorial/lab_01/broadcaster_listener'
[1.060s] INFO:colcon.colcon_core.shell:Skip shell extension 'powershell' for command environment: Not usable outside of PowerShell
[1.061s] DEBUG:colcon.colcon_core.shell:Skip shell extension 'dsv' for command environment
[1.342s] DEBUG:colcon.colcon_core.event_handler.log_command:Invoking command in '/home/yasantha/tutorials/ros_tutorial/lab_01/broadcaster_listener': PYTHONPATH=/home/yasantha/tutorials/ros_tutorial/lab_01/broadcaster_listener/build/broadcaster_listener/prefix_override:/home/yasantha/tutorials/ros_tutorial/lab_01/broadcaster_listener/install/broadcaster_listener/lib/python3.10/site-packages:${PYTHONPATH} /usr/bin/python3 setup.py egg_info --egg-base build/broadcaster_listener build --build-base /home/yasantha/tutorials/ros_tutorial/lab_01/broadcaster_listener/build/broadcaster_listener/build install --record /home/yasantha/tutorials/ros_tutorial/lab_01/broadcaster_listener/build/broadcaster_listener/install.log --single-version-externally-managed
[1.520s] DEBUG:colcon.colcon_core.event_handler.log_command:Invoked command in '/home/yasantha/tutorials/ros_tutorial/lab_01/broadcaster_listener' returned '0': PYTHONPATH=/home/yasantha/tutorials/ros_tutorial/lab_01/broadcaster_listener/build/broadcaster_listener/prefix_override:/home/yasantha/tutorials/ros_tutorial/lab_01/broadcaster_listener/install/broadcaster_listener/lib/python3.10/site-packages:${PYTHONPATH} /usr/bin/python3 setup.py egg_info --egg-base build/broadcaster_listener build --build-base /home/yasantha/tutorials/ros_tutorial/lab_01/broadcaster_listener/build/broadcaster_listener/build install --record /home/yasantha/tutorials/ros_tutorial/lab_01/broadcaster_listener/build/broadcaster_listener/install.log --single-version-externally-managed
[1.531s] Level 1:colcon.colcon_core.environment:checking '/home/yasantha/tutorials/ros_tutorial/lab_01/broadcaster_listener/install/broadcaster_listener' for CMake module files
[1.532s] Level 1:colcon.colcon_core.environment:checking '/home/yasantha/tutorials/ros_tutorial/lab_01/broadcaster_listener/install/broadcaster_listener' for CMake config files
[1.532s] Level 1:colcon.colcon_core.environment:checking '/home/yasantha/tutorials/ros_tutorial/lab_01/broadcaster_listener/install/broadcaster_listener/lib'
[1.532s] Level 1:colcon.colcon_core.environment:checking '/home/yasantha/tutorials/ros_tutorial/lab_01/broadcaster_listener/install/broadcaster_listener/bin'
[1.532s] Level 1:colcon.colcon_core.environment:checking '/home/yasantha/tutorials/ros_tutorial/lab_01/broadcaster_listener/install/broadcaster_listener/lib/pkgconfig/broadcaster_listener.pc'
[1.532s] Level 1:colcon.colcon_core.environment:checking '/home/yasantha/tutorials/ros_tutorial/lab_01/broadcaster_listener/install/broadcaster_listener/lib/python3.10/site-packages'
[1.532s] Level 1:colcon.colcon_core.shell:create_environment_hook('broadcaster_listener', 'pythonpath')
[1.540s] INFO:colcon.colcon_core.shell:Creating environment hook '/home/yasantha/tutorials/ros_tutorial/lab_01/broadcaster_listener/install/broadcaster_listener/share/broadcaster_listener/hook/pythonpath.ps1'
[1.540s] INFO:colcon.colcon_core.shell:Creating environment descriptor '/home/yasantha/tutorials/ros_tutorial/lab_01/broadcaster_listener/install/broadcaster_listener/share/broadcaster_listener/hook/pythonpath.dsv'
[1.541s] INFO:colcon.colcon_core.shell:Creating environment hook '/home/yasantha/tutorials/ros_tutorial/lab_01/broadcaster_listener/install/broadcaster_listener/share/broadcaster_listener/hook/pythonpath.sh'
[1.541s] Level 1:colcon.colcon_core.environment:checking '/home/yasantha/tutorials/ros_tutorial/lab_01/broadcaster_listener/install/broadcaster_listener/bin'
[1.541s] Level 1:colcon.colcon_core.environment:create_environment_scripts_only(broadcaster_listener)
[1.549s] INFO:colcon.colcon_core.shell:Creating package script '/home/yasantha/tutorials/ros_tutorial/lab_01/broadcaster_listener/install/broadcaster_listener/share/broadcaster_listener/package.ps1'
[1.549s] INFO:colcon.colcon_core.shell:Creating package descriptor '/home/yasantha/tutorials/ros_tutorial/lab_01/broadcaster_listener/install/broadcaster_listener/share/broadcaster_listener/package.dsv'
[1.550s] INFO:colcon.colcon_core.shell:Creating package script '/home/yasantha/tutorials/ros_tutorial/lab_01/broadcaster_listener/install/broadcaster_listener/share/broadcaster_listener/package.sh'
[1.550s] INFO:colcon.colcon_core.shell:Creating package script '/home/yasantha/tutorials/ros_tutorial/lab_01/broadcaster_listener/install/broadcaster_listener/share/broadcaster_listener/package.bash'
[1.551s] INFO:colcon.colcon_core.shell:Creating package script '/home/yasantha/tutorials/ros_tutorial/lab_01/broadcaster_listener/install/broadcaster_listener/share/broadcaster_listener/package.zsh'
[1.551s] Level 1:colcon.colcon_core.environment:create_file_with_runtime_dependencies(/home/yasantha/tutorials/ros_tutorial/lab_01/broadcaster_listener/install/broadcaster_listener/share/colcon-core/packages/broadcaster_listener)
[1.552s] DEBUG:colcon.colcon_parallel_executor.executor.parallel:closing loop
[1.552s] DEBUG:colcon.colcon_parallel_executor.executor.parallel:loop closed
[1.552s] DEBUG:colcon.colcon_parallel_executor.executor.parallel:run_until_complete finished with '0'
[1.552s] DEBUG:colcon.colcon_core.event_reactor:joining thread
[1.565s] INFO:colcon.colcon_core.plugin_system:Skipping extension 'colcon_notification.desktop_notification.terminal_notifier': Not used on non-Darwin systems
[1.565s] INFO:colcon.colcon_core.plugin_system:Skipping extension 'colcon_notification.desktop_notification.win32': Not used on non-Windows systems
[1.565s] INFO:colcon.colcon_notification.desktop_notification:Sending desktop notification using 'notify2'
[1.576s] DEBUG:colcon.colcon_core.event_reactor:joined thread
[1.584s] INFO:colcon.colcon_core.shell:Creating prefix script '/home/yasantha/tutorials/ros_tutorial/lab_01/broadcaster_listener/install/local_setup.ps1'
[1.585s] INFO:colcon.colcon_core.shell:Creating prefix util module '/home/yasantha/tutorials/ros_tutorial/lab_01/broadcaster_listener/install/_local_setup_util_ps1.py'
[1.586s] INFO:colcon.colcon_core.shell:Creating prefix chain script '/home/yasantha/tutorials/ros_tutorial/lab_01/broadcaster_listener/install/setup.ps1'
[1.596s] INFO:colcon.colcon_core.shell:Creating prefix script '/home/yasantha/tutorials/ros_tutorial/lab_01/broadcaster_listener/install/local_setup.sh'
[1.596s] INFO:colcon.colcon_core.shell:Creating prefix util module '/home/yasantha/tutorials/ros_tutorial/lab_01/broadcaster_listener/install/_local_setup_util_sh.py'
[1.596s] INFO:colcon.colcon_core.shell:Creating prefix chain script '/home/yasantha/tutorials/ros_tutorial/lab_01/broadcaster_listener/install/setup.sh'
[1.615s] INFO:colcon.colcon_core.shell:Creating prefix script '/home/yasantha/tutorials/ros_tutorial/lab_01/broadcaster_listener/install/local_setup.bash'
[1.615s] INFO:colcon.colcon_core.shell:Creating prefix chain script '/home/yasantha/tutorials/ros_tutorial/lab_01/broadcaster_listener/install/setup.bash'
[1.624s] INFO:colcon.colcon_core.shell:Creating prefix script '/home/yasantha/tutorials/ros_tutorial/lab_01/broadcaster_listener/install/local_setup.zsh'
[1.625s] INFO:colcon.colcon_core.shell:Creating prefix chain script '/home/yasantha/tutorials/ros_tutorial/lab_01/broadcaster_listener/install/setup.zsh'
