running egg_info
writing ../../build/my_publisher/my_publisher.egg-info/PKG-INFO
writing dependency_links to ../../build/my_publisher/my_publisher.egg-info/dependency_links.txt
writing entry points to ../../build/my_publisher/my_publisher.egg-info/entry_points.txt
writing requirements to ../../build/my_publisher/my_publisher.egg-info/requires.txt
writing top-level names to ../../build/my_publisher/my_publisher.egg-info/top_level.txt
reading manifest file '../../build/my_publisher/my_publisher.egg-info/SOURCES.txt'
writing manifest file '../../build/my_publisher/my_publisher.egg-info/SOURCES.txt'
running build
running build_py
running install
running install_lib
running install_data
copying package.xml -> /home/yasantha/tutorials/ros_tutorial/tutorial_07/install/my_publisher/share/my_publisher
running install_egg_info
removing '/home/yasantha/tutorials/ros_tutorial/tutorial_07/install/my_publisher/lib/python3.10/site-packages/my_publisher-0.0.0-py3.10.egg-info' (and everything under it)
Copying ../../build/my_publisher/my_publisher.egg-info to /home/yasantha/tutorials/ros_tutorial/tutorial_07/install/my_publisher/lib/python3.10/site-packages/my_publisher-0.0.0-py3.10.egg-info
running install_scripts
Installing my_publisher script to /home/yasantha/tutorials/ros_tutorial/tutorial_07/install/my_publisher/lib/my_publisher
writing list of installed files to '/home/yasantha/tutorials/ros_tutorial/tutorial_07/build/my_publisher/install.log'
