[0.422s] Invoking command in '/home/yasantha/tutorials/ros_tutorial/tutorial_07/my_publisher': PYTHONPATH=/home/yasantha/tutorials/ros_tutorial/tutorial_07/build/my_publisher/prefix_override:/home/yasantha/tutorials/ros_tutorial/tutorial_07/install/my_publisher/lib/python3.10/site-packages:${PYTHONPATH} /usr/bin/python3 -W ignore:setup.py install is deprecated setup.py egg_info --egg-base ../build/my_publisher build --build-base /home/yasantha/tutorials/ros_tutorial/tutorial_07/build/my_publisher/build install --record /home/yasantha/tutorials/ros_tutorial/tutorial_07/build/my_publisher/install.log --single-version-externally-managed install_data
[0.575s] running egg_info
[0.575s] creating ../build/my_publisher/my_publisher.egg-info
[0.575s] writing ../build/my_publisher/my_publisher.egg-info/PKG-INFO
[0.575s] writing dependency_links to ../build/my_publisher/my_publisher.egg-info/dependency_links.txt
[0.575s] writing entry points to ../build/my_publisher/my_publisher.egg-info/entry_points.txt
[0.576s] writing requirements to ../build/my_publisher/my_publisher.egg-info/requires.txt
[0.576s] writing top-level names to ../build/my_publisher/my_publisher.egg-info/top_level.txt
[0.577s] writing manifest file '../build/my_publisher/my_publisher.egg-info/SOURCES.txt'
[0.578s] reading manifest file '../build/my_publisher/my_publisher.egg-info/SOURCES.txt'
[0.578s] writing manifest file '../build/my_publisher/my_publisher.egg-info/SOURCES.txt'
[0.578s] running build
[0.578s] running build_py
[0.578s] creating /home/yasantha/tutorials/ros_tutorial/tutorial_07/build/my_publisher/build
[0.578s] creating /home/yasantha/tutorials/ros_tutorial/tutorial_07/build/my_publisher/build/lib
[0.578s] creating /home/yasantha/tutorials/ros_tutorial/tutorial_07/build/my_publisher/build/lib/my_publisher
[0.578s] copying my_publisher/__init__.py -> /home/yasantha/tutorials/ros_tutorial/tutorial_07/build/my_publisher/build/lib/my_publisher
[0.579s] running install
[0.579s] running install_lib
[0.579s] creating /home/yasantha/tutorials/ros_tutorial/tutorial_07/install/my_publisher/lib/python3.10/site-packages/my_publisher
[0.579s] copying /home/yasantha/tutorials/ros_tutorial/tutorial_07/build/my_publisher/build/lib/my_publisher/__init__.py -> /home/yasantha/tutorials/ros_tutorial/tutorial_07/install/my_publisher/lib/python3.10/site-packages/my_publisher
[0.579s] byte-compiling /home/yasantha/tutorials/ros_tutorial/tutorial_07/install/my_publisher/lib/python3.10/site-packages/my_publisher/__init__.py to __init__.cpython-310.pyc
[0.580s] running install_data
[0.580s] creating /home/yasantha/tutorials/ros_tutorial/tutorial_07/install/my_publisher/share/ament_index
[0.580s] creating /home/yasantha/tutorials/ros_tutorial/tutorial_07/install/my_publisher/share/ament_index/resource_index
[0.580s] creating /home/yasantha/tutorials/ros_tutorial/tutorial_07/install/my_publisher/share/ament_index/resource_index/packages
[0.580s] copying resource/my_publisher -> /home/yasantha/tutorials/ros_tutorial/tutorial_07/install/my_publisher/share/ament_index/resource_index/packages
[0.580s] copying package.xml -> /home/yasantha/tutorials/ros_tutorial/tutorial_07/install/my_publisher/share/my_publisher
[0.580s] running install_egg_info
[0.581s] Copying ../build/my_publisher/my_publisher.egg-info to /home/yasantha/tutorials/ros_tutorial/tutorial_07/install/my_publisher/lib/python3.10/site-packages/my_publisher-0.0.0-py3.10.egg-info
[0.581s] running install_scripts
[0.594s] writing list of installed files to '/home/yasantha/tutorials/ros_tutorial/tutorial_07/build/my_publisher/install.log'
[0.609s] Invoked command in '/home/yasantha/tutorials/ros_tutorial/tutorial_07/my_publisher' returned '0': PYTHONPATH=/home/yasantha/tutorials/ros_tutorial/tutorial_07/build/my_publisher/prefix_override:/home/yasantha/tutorials/ros_tutorial/tutorial_07/install/my_publisher/lib/python3.10/site-packages:${PYTHONPATH} /usr/bin/python3 -W ignore:setup.py install is deprecated setup.py egg_info --egg-base ../build/my_publisher build --build-base /home/yasantha/tutorials/ros_tutorial/tutorial_07/build/my_publisher/build install --record /home/yasantha/tutorials/ros_tutorial/tutorial_07/build/my_publisher/install.log --single-version-externally-managed install_data
