[0.498s] Invoking command in '/home/yasantha/tutorials/ros_tutorial/tutorial_04/src/my_robot_controller': PYTHONPATH=/home/yasantha/tutorials/ros_tutorial/tutorial_04/build/my_robot_controller/prefix_override:/home/yasantha/tutorials/ros_tutorial/tutorial_04/install/my_robot_controller/lib/python3.10/site-packages:${PYTHONPATH} /usr/bin/python3 -W ignore:setup.py install is deprecated setup.py egg_info --egg-base ../../build/my_robot_controller build --build-base /home/yasantha/tutorials/ros_tutorial/tutorial_04/build/my_robot_controller/build install --record /home/yasantha/tutorials/ros_tutorial/tutorial_04/build/my_robot_controller/install.log --single-version-externally-managed install_data
[0.679s] running egg_info
[0.679s] writing ../../build/my_robot_controller/my_robot_controller.egg-info/PKG-INFO
[0.679s] writing dependency_links to ../../build/my_robot_controller/my_robot_controller.egg-info/dependency_links.txt
[0.679s] writing entry points to ../../build/my_robot_controller/my_robot_controller.egg-info/entry_points.txt
[0.679s] writing requirements to ../../build/my_robot_controller/my_robot_controller.egg-info/requires.txt
[0.680s] writing top-level names to ../../build/my_robot_controller/my_robot_controller.egg-info/top_level.txt
[0.682s] reading manifest file '../../build/my_robot_controller/my_robot_controller.egg-info/SOURCES.txt'
[0.683s] writing manifest file '../../build/my_robot_controller/my_robot_controller.egg-info/SOURCES.txt'
[0.683s] running build
[0.683s] running build_py
[0.683s] running install
[0.684s] running install_lib
[0.685s] running install_data
[0.685s] running install_egg_info
[0.687s] removing '/home/yasantha/tutorials/ros_tutorial/tutorial_04/install/my_robot_controller/lib/python3.10/site-packages/my_robot_controller-0.0.0-py3.10.egg-info' (and everything under it)
[0.687s] Copying ../../build/my_robot_controller/my_robot_controller.egg-info to /home/yasantha/tutorials/ros_tutorial/tutorial_04/install/my_robot_controller/lib/python3.10/site-packages/my_robot_controller-0.0.0-py3.10.egg-info
[0.687s] running install_scripts
[0.702s] Installing my_first_node script to /home/yasantha/tutorials/ros_tutorial/tutorial_04/install/my_robot_controller/lib/my_robot_controller
[0.702s] writing list of installed files to '/home/yasantha/tutorials/ros_tutorial/tutorial_04/build/my_robot_controller/install.log'
[0.722s] Invoked command in '/home/yasantha/tutorials/ros_tutorial/tutorial_04/src/my_robot_controller' returned '0': PYTHONPATH=/home/yasantha/tutorials/ros_tutorial/tutorial_04/build/my_robot_controller/prefix_override:/home/yasantha/tutorials/ros_tutorial/tutorial_04/install/my_robot_controller/lib/python3.10/site-packages:${PYTHONPATH} /usr/bin/python3 -W ignore:setup.py install is deprecated setup.py egg_info --egg-base ../../build/my_robot_controller build --build-base /home/yasantha/tutorials/ros_tutorial/tutorial_04/build/my_robot_controller/build install --record /home/yasantha/tutorials/ros_tutorial/tutorial_04/build/my_robot_controller/install.log --single-version-externally-managed install_data
